
**** Build of configuration Debug for project SWC Test ****

make all 
Building file: ../src/SWC Test.cpp
Invoking: GCC C++ Compiler
g++ -O0 -g3 -Wall -c -fmessage-length=0 -MMD -MP -MF"src/SWC Test.d" -MT"src/SWC\ Test.d" -o "src/SWC Test.o" "../src/SWC Test.cpp"
Finished building: ../src/SWC Test.cpp
 
Building target: SWC Test
Invoking: GCC C++ Linker
g++  -o "SWC Test"  ./src/SWC\ Test.o   
Finished building target: SWC Test
 

**** Build Finished ****

**** Rebuild of configuration Debug for project SWC ****

**** Internal Builder is used for build               ****
g++ -O0 -g3 -Wall -c -fmessage-length=0 -o src/SWC.o ../src/SWC.cpp
g++ -o SWC src/SWC.o
Build complete for project SWC
Time consumed: 338  ms.  

**** Build of configuration Debug for project SWC ****

make all 
Building target: SWC
Invoking: GCC C++ Linker
g++  -o "SWC"  ./src/SWC.o   
Finished building target: SWC
 

**** Build Finished ****

**** Build of configuration Debug for project SWC ****

make all 
make: Nothing to be done for `all'.

**** Build Finished ****

**** Build of configuration Debug for project SWC ****

make all 
make: Nothing to be done for `all'.

**** Build Finished ****

**** Build of configuration Debug for project SWC ****

make all 
make: Nothing to be done for `all'.

**** Build Finished ****

**** Build of configuration Debug for project SWC ****

make all 
make: Nothing to be done for `all'.

**** Build Finished ****

**** Build of configuration Debug for project SWC ****

make all 
make: Nothing to be done for `all'.

**** Build Finished ****

**** Build of configuration Debug for project SWC ****

make all 
Building file: ../src/SWC.cpp
Invoking: GCC C++ Compiler
g++ -O0 -g3 -Wall -c -fmessage-length=0 -MMD -MP -MF"src/SWC.d" -MT"src/SWC.d" -o "src/SWC.o" "../src/SWC.cpp"
Finished building: ../src/SWC.cpp
 
Building target: SWC
Invoking: GCC C++ Linker
g++  -o "SWC"  ./src/SWC.o   
Finished building target: SWC
 

**** Build Finished ****

**** Build of configuration Debug for project SWC ****

make all 
make: Nothing to be done for `all'.

**** Build Finished ****

**** Build of configuration Debug for project SWC ****

make all 
Building file: ../src/SWC.cpp
Invoking: GCC C++ Compiler
g++ -O0 -g3 -Wall -c -fmessage-length=0 -MMD -MP -MF"src/SWC.d" -MT"src/SWC.d" -o "src/SWC.o" "../src/SWC.cpp"
Finished building: ../src/SWC.cpp
 
Building target: SWC
Invoking: GCC C++ Linker
g++  -o "SWC"  ./src/SWC.o   
Finished building target: SWC
 

**** Build Finished ****

**** Build of configuration Debug for project SWC ****

make all 
Building file: ../src/SWC.cpp
Invoking: GCC C++ Compiler
g++ -O0 -g3 -Wall -c -fmessage-length=0 -MMD -MP -MF"src/SWC.d" -MT"src/SWC.d" -o "src/SWC.o" "../src/SWC.cpp"
Finished building: ../src/SWC.cpp
 
Building target: SWC
Invoking: GCC C++ Linker
g++  -o "SWC"  ./src/SWC.o   
Finished building target: SWC
 

**** Build Finished ****

**** Build of configuration Debug for project SWC ****

make all 
make: Nothing to be done for `all'.

**** Build Finished ****

**** Build of configuration Debug for project SWC ****

make all 
Building file: ../src/SWC.cpp
Invoking: GCC C++ Compiler
g++ -O0 -g3 -Wall -c -fmessage-length=0 -MMD -MP -MF"src/SWC.d" -MT"src/SWC.d" -o "src/SWC.o" "../src/SWC.cpp"
Finished building: ../src/SWC.cpp
 
Building target: SWC
Invoking: GCC C++ Linker
g++  -o "SWC"  ./src/SWC.o   
Finished building target: SWC
 

**** Build Finished ****

**** Build of configuration Debug for project SWC ****

make all 
make: Nothing to be done for `all'.

**** Build Finished ****

**** Build of configuration Debug for project SWC ****

make all 
Building file: ../src/Config.cpp
Invoking: GCC C++ Compiler
g++ -O0 -g3 -Wall -c -fmessage-length=0 -MMD -MP -MF"src/Config.d" -MT"src/Config.d" -o "src/Config.o" "../src/Config.cpp"
../src/Config.cpp: In member function ‘void Config::Init()’:
../src/Config.cpp:87:22: warning: unknown escape sequence: '\/' [enabled by default]
../src/Config.cpp:91:22: warning: unknown escape sequence: '\/' [enabled by default]
../src/Config.cpp:94:23: warning: unknown escape sequence: '\/' [enabled by default]
../src/Config.cpp:97:22: warning: unknown escape sequence: '\/' [enabled by default]
../src/Config.cpp:100:26: warning: unknown escape sequence: '\/' [enabled by default]
../src/Config.cpp:105:26: warning: unknown escape sequence: '\/' [enabled by default]
../src/Config.cpp:105:26: warning: unknown escape sequence: '\/' [enabled by default]
../src/Config.cpp:110:23: warning: unknown escape sequence: '\/' [enabled by default]
../src/Config.cpp:110:23: warning: unknown escape sequence: '\/' [enabled by default]
../src/Config.cpp:113:22: warning: unknown escape sequence: '\.' [enabled by default]
../src/Config.cpp:113:22: warning: unknown escape sequence: '\/' [enabled by default]
../src/Config.cpp:117:25: warning: unknown escape sequence: '\/' [enabled by default]
../src/Config.cpp:120:23: warning: unknown escape sequence: '\/' [enabled by default]
../src/Config.cpp:123:29: warning: unknown escape sequence: '\/' [enabled by default]
Finished building: ../src/Config.cpp
 
Building file: ../src/Dispatcher.cpp
Invoking: GCC C++ Compiler
g++ -O0 -g3 -Wall -c -fmessage-length=0 -MMD -MP -MF"src/Dispatcher.d" -MT"src/Dispatcher.d" -o "src/Dispatcher.o" "../src/Dispatcher.cpp"
In file included from ../src/RegExp.h:4:0,
                 from ../src/ProcessingUnit.h:17,
                 from ../src/Dispatcher.cpp:2:
../src/PcreWrapper.h:27:18: fatal error: pcre.h: No such file or directory
compilation terminated.
make: *** [src/Dispatcher.o] Error 1

**** Build Finished ****

**** Build of configuration Debug for project SWC ****

make all 
Building file: ../src/Dispatcher.cpp
Invoking: GCC C++ Compiler
g++ -O0 -g3 -Wall -c -fmessage-length=0 -MMD -MP -MF"src/Dispatcher.d" -MT"src/Dispatcher.d" -o "src/Dispatcher.o" "../src/Dispatcher.cpp"
In file included from ../src/RegExp.h:4:0,
                 from ../src/ProcessingUnit.h:17,
                 from ../src/Dispatcher.cpp:2:
../src/PcreWrapper.h:27:18: fatal error: pcre.h: No such file or directory
compilation terminated.
make: *** [src/Dispatcher.o] Error 1

**** Build Finished ****

**** Build of configuration Debug for project SWC ****

make all 
Building file: ../src/Dispatcher.cpp
Invoking: GCC C++ Compiler
g++ -O0 -g3 -Wall -c -fmessage-length=0 -MMD -MP -MF"src/Dispatcher.d" -MT"src/Dispatcher.d" -o "src/Dispatcher.o" "../src/Dispatcher.cpp"
In file included from ../src/Dispatcher.h:12:0,
                 from ../src/Dispatcher.cpp:1:
../src/ThreadWorker.h:27:10: error: extra qualification ‘ThreadWorker::’ on member ‘Init’ [-fpermissive]
In file included from ../src/RegExp.h:4:0,
                 from ../src/ProcessingUnit.h:17,
                 from ../src/Dispatcher.cpp:2:
../src/PcreWrapper.h:119:2: error: ‘pcre’ does not name a type
../src/PcreWrapper.h:123:2: error: ‘pcre_extra’ does not name a type
../src/PcreWrapper.h:139:9: error: ‘pcre’ does not name a type
../src/Dispatcher.cpp: In member function ‘void Dispatcher::SendThreadsToWork()’:
../src/Dispatcher.cpp:57:9: warning: unused variable ‘iLeftToLastThread’ [-Wunused-variable]
make: *** [src/Dispatcher.o] Error 1

**** Build Finished ****

**** Build of configuration Debug for project SWC ****

make all 
Building file: ../src/Dispatcher.cpp
Invoking: GCC C++ Compiler
g++ -O0 -g3 -Wall -c -fmessage-length=0 -MMD -MP -MF"src/Dispatcher.d" -MT"src/Dispatcher.d" -o "src/Dispatcher.o" "../src/Dispatcher.cpp"
In file included from ../src/Dispatcher.h:12:0,
                 from ../src/Dispatcher.cpp:1:
../src/ThreadWorker.h:27:10: error: extra qualification ‘ThreadWorker::’ on member ‘Init’ [-fpermissive]
In file included from ../src/RegExp.h:4:0,
                 from ../src/ProcessingUnit.h:17,
                 from ../src/Dispatcher.cpp:2:
../src/PcreWrapper.h:119:2: error: ‘pcre’ does not name a type
../src/PcreWrapper.h:123:2: error: ‘pcre_extra’ does not name a type
../src/PcreWrapper.h:139:9: error: ‘pcre’ does not name a type
../src/Dispatcher.cpp: In member function ‘void Dispatcher::SendThreadsToWork()’:
../src/Dispatcher.cpp:57:9: warning: unused variable ‘iLeftToLastThread’ [-Wunused-variable]
make: *** [src/Dispatcher.o] Error 1

**** Build Finished ****

**** Build of configuration Debug for project SWC ****

make all 
Building file: ../src/Dispatcher.cpp
Invoking: GCC C++ Compiler
g++ -O0 -g3 -Wall -c -fmessage-length=0 -MMD -MP -MF"src/Dispatcher.d" -MT"src/Dispatcher.d" -o "src/Dispatcher.o" "../src/Dispatcher.cpp"
In file included from ../src/Dispatcher.h:12:0,
                 from ../src/Dispatcher.cpp:1:
../src/ThreadWorker.h:27:10: error: extra qualification ‘ThreadWorker::’ on member ‘Init’ [-fpermissive]
In file included from ../src/RegExp.h:4:0,
                 from ../src/ProcessingUnit.h:17,
                 from ../src/Dispatcher.cpp:2:
../src/PcreWrapper.h:119:2: error: ‘pcre’ does not name a type
../src/PcreWrapper.h:123:2: error: ‘pcre_extra’ does not name a type
../src/PcreWrapper.h:139:9: error: ‘pcre’ does not name a type
../src/Dispatcher.cpp: In member function ‘void Dispatcher::SendThreadsToWork()’:
../src/Dispatcher.cpp:57:9: warning: unused variable ‘iLeftToLastThread’ [-Wunused-variable]
make: *** [src/Dispatcher.o] Error 1

**** Build Finished ****

**** Build of configuration Debug for project SWC ****

make all 
Building file: ../src/Dispatcher.cpp
Invoking: GCC C++ Compiler
g++ -O0 -g3 -Wall -c -fmessage-length=0 -MMD -MP -MF"src/Dispatcher.d" -MT"src/Dispatcher.d" -o "src/Dispatcher.o" "../src/Dispatcher.cpp"
In file included from ../src/Dispatcher.cpp:1:0:
../src/Dispatcher.h:12:26: fatal error: ThreadWorker.h: No such file or directory
compilation terminated.
make: *** [src/Dispatcher.o] Error 1

**** Build Finished ****

**** Build of configuration Debug for project SWC ****

make all 
Building file: ../src/Dispatcher.cpp
Invoking: GCC C++ Compiler
g++ -O0 -g3 -Wall -c -fmessage-length=0 -MMD -MP -MF"src/Dispatcher.d" -MT"src/Dispatcher.d" -o "src/Dispatcher.o" "../src/Dispatcher.cpp"
In file included from ../src/ProcessingUnit.h:17:0,
                 from ../src/Dispatcher.cpp:2:
../src/RegExp.h:4:25: fatal error: PcreWrapper.h: No such file or directory
compilation terminated.
make: *** [src/Dispatcher.o] Error 1

**** Build Finished ****

**** Build of configuration Debug for project SWC ****

make all 
Building file: ../src/SWC.cpp
Invoking: GCC C++ Compiler
g++ -O0 -g3 -Wall -c -fmessage-length=0 -MMD -MP -MF"src/SWC.d" -MT"src/SWC.d" -o "src/SWC.o" "../src/SWC.cpp"
Finished building: ../src/SWC.cpp
 
Building target: SWC
Invoking: GCC C++ Linker
g++  -o "SWC"  ./src/SWC.o   
Finished building target: SWC
 

**** Build Finished ****

**** Build of configuration Debug for project SWC ****

make all 
Building file: ../src/SWC.cpp
Invoking: GCC C++ Compiler
g++ -O0 -g3 -Wall -c -fmessage-length=0 -MMD -MP -MF"src/SWC.d" -MT"src/SWC.d" -o "src/SWC.o" "../src/SWC.cpp"
../src/SWC.cpp: In function ‘int main()’:
../src/SWC.cpp:19:18: error: ‘input_line’ was not declared in this scope
make: *** [src/SWC.o] Error 1

**** Build Finished ****

**** Build of configuration Debug for project SWC ****

make all 
Building file: ../src/SWC.cpp
Invoking: GCC C++ Compiler
g++ -O0 -g3 -Wall -c -fmessage-length=0 -MMD -MP -MF"src/SWC.d" -MT"src/SWC.d" -o "src/SWC.o" "../src/SWC.cpp"
Finished building: ../src/SWC.cpp
 
Building target: SWC
Invoking: GCC C++ Linker
g++  -o "SWC"  ./src/SWC.o   
Finished building target: SWC
 

**** Build Finished ****

**** Build of configuration Debug for project SWC ****

make all 
Building file: ../src/SWC.cpp
Invoking: GCC C++ Compiler
g++ -O0 -g3 -Wall -c -fmessage-length=0 -MMD -MP -MF"src/SWC.d" -MT"src/SWC.d" -o "src/SWC.o" "../src/SWC.cpp"
../src/SWC.cpp: In function ‘int main()’:
../src/SWC.cpp:20:37: error: ‘system’ was not declared in this scope
make: *** [src/SWC.o] Error 1

**** Build Finished ****

**** Build of configuration Debug for project SWC ****

make all 
Building file: ../src/SWC.cpp
Invoking: GCC C++ Compiler
g++ -O0 -g3 -Wall -c -fmessage-length=0 -MMD -MP -MF"src/SWC.d" -MT"src/SWC.d" -o "src/SWC.o" "../src/SWC.cpp"
Finished building: ../src/SWC.cpp
 
Building target: SWC
Invoking: GCC C++ Linker
g++  -o "SWC"  ./src/SWC.o   
Finished building target: SWC
 

**** Build Finished ****

**** Build of configuration Debug for project SWC ****

make all 
Building file: ../src/SWC.cpp
Invoking: GCC C++ Compiler
g++ -O0 -g3 -Wall -c -fmessage-length=0 -MMD -MP -MF"src/SWC.d" -MT"src/SWC.d" -o "src/SWC.o" "../src/SWC.cpp"
Finished building: ../src/SWC.cpp
 
Building target: SWC
Invoking: GCC C++ Linker
g++  -o "SWC"  ./src/SWC.o   
Finished building target: SWC
 

**** Build Finished ****

**** Build of configuration Debug for project SWC ****

make all 
Building file: ../src/SWC.cpp
Invoking: GCC C++ Compiler
g++ -O0 -g3 -Wall -c -fmessage-length=0 -MMD -MP -MF"src/SWC.d" -MT"src/SWC.d" -o "src/SWC.o" "../src/SWC.cpp"
../src/SWC.cpp: In function ‘int main()’:
../src/SWC.cpp:19:39: error: invalid operands of types ‘const char [11]’ and ‘const char [10]’ to binary ‘operator+’
../src/SWC.cpp:19:53: error: ‘website’ was not declared in this scope
make: *** [src/SWC.o] Error 1

**** Build Finished ****

**** Build of configuration Debug for project SWC ****

make all 
Building file: ../src/SWC.cpp
Invoking: GCC C++ Compiler
g++ -O0 -g3 -Wall -c -fmessage-length=0 -MMD -MP -MF"src/SWC.d" -MT"src/SWC.d" -o "src/SWC.o" "../src/SWC.cpp"
../src/SWC.cpp: In function ‘int main()’:
../src/SWC.cpp:19:39: error: invalid operands of types ‘const char [11]’ and ‘const char [10]’ to binary ‘operator+’
../src/SWC.cpp:19:53: error: ‘website’ was not declared in this scope
make: *** [src/SWC.o] Error 1

**** Build Finished ****

**** Build of configuration Debug for project SWC ****

make all 
Building file: ../src/SWC.cpp
Invoking: GCC C++ Compiler
g++ -O0 -g3 -Wall -c -fmessage-length=0 -MMD -MP -MF"src/SWC.d" -MT"src/SWC.d" -o "src/SWC.o" "../src/SWC.cpp"
Finished building: ../src/SWC.cpp
 
Building target: SWC
Invoking: GCC C++ Linker
g++  -o "SWC"  ./src/SWC.o   
Finished building target: SWC
 

**** Build Finished ****

**** Build of configuration Debug for project SWC ****

make all 
Building file: ../src/SWC.cpp
Invoking: GCC C++ Compiler
g++ -O0 -g3 -Wall -c -fmessage-length=0 -MMD -MP -MF"src/SWC.d" -MT"src/SWC.d" -o "src/SWC.o" "../src/SWC.cpp"
../src/SWC.cpp: In function ‘int main()’:
../src/SWC.cpp:19:64: error: expected ‘,’ or ‘;’ before string constant
make: *** [src/SWC.o] Error 1

**** Build Finished ****

**** Build of configuration Debug for project SWC ****

make all 
Building file: ../src/SWC.cpp
Invoking: GCC C++ Compiler
g++ -O0 -g3 -Wall -c -fmessage-length=0 -MMD -MP -MF"src/SWC.d" -MT"src/SWC.d" -o "src/SWC.o" "../src/SWC.cpp"
Finished building: ../src/SWC.cpp
 
Building target: SWC
Invoking: GCC C++ Linker
g++  -o "SWC"  ./src/SWC.o   
Finished building target: SWC
 

**** Build Finished ****

**** Build of configuration Debug for project SWC ****

make all 
Building file: ../src/SWC.cpp
Invoking: GCC C++ Compiler
g++ -O0 -g3 -Wall -c -fmessage-length=0 -MMD -MP -MF"src/SWC.d" -MT"src/SWC.d" -o "src/SWC.o" "../src/SWC.cpp"
Finished building: ../src/SWC.cpp
 
Building target: SWC
Invoking: GCC C++ Linker
g++  -o "SWC"  ./src/SWC.o   
Finished building target: SWC
 

**** Build Finished ****

**** Build of configuration Debug for project SWC ****

make all 
Building file: ../src/SWC.cpp
Invoking: GCC C++ Compiler
g++ -O0 -g3 -Wall -c -fmessage-length=0 -MMD -MP -MF"src/SWC.d" -MT"src/SWC.d" -o "src/SWC.o" "../src/SWC.cpp"
Finished building: ../src/SWC.cpp
 
Building target: SWC
Invoking: GCC C++ Linker
g++  -o "SWC"  ./src/SWC.o   
Finished building target: SWC
 

**** Build Finished ****

**** Build of configuration Debug for project SWC ****

make all 
Building file: ../src/SWC.cpp
Invoking: GCC C++ Compiler
g++ -O0 -g3 -Wall -c -fmessage-length=0 -MMD -MP -MF"src/SWC.d" -MT"src/SWC.d" -o "src/SWC.o" "../src/SWC.cpp"
Finished building: ../src/SWC.cpp
 
Building target: SWC
Invoking: GCC C++ Linker
g++  -o "SWC"  ./src/SWC.o   
Finished building target: SWC
 

**** Build Finished ****

**** Build of configuration Debug for project SWC ****

make all 
Building file: ../src/SWC.cpp
Invoking: GCC C++ Compiler
g++ -O0 -g3 -Wall -c -fmessage-length=0 -MMD -MP -MF"src/SWC.d" -MT"src/SWC.d" -o "src/SWC.o" "../src/SWC.cpp"
Finished building: ../src/SWC.cpp
 
Building target: SWC
Invoking: GCC C++ Linker
g++  -o "SWC"  ./src/SWC.o   
Finished building target: SWC
 

**** Build Finished ****

**** Build of configuration Debug for project SWC ****

make all 
Building file: ../src/SWC.cpp
Invoking: GCC C++ Compiler
g++ -O0 -g3 -Wall -c -fmessage-length=0 -MMD -MP -MF"src/SWC.d" -MT"src/SWC.d" -o "src/SWC.o" "../src/SWC.cpp"
Finished building: ../src/SWC.cpp
 
Building target: SWC
Invoking: GCC C++ Linker
g++  -o "SWC"  ./src/SWC.o   
Finished building target: SWC
 

**** Build Finished ****

**** Build of configuration Debug for project SWC ****

make all 
Building file: ../src/SWC.cpp
Invoking: GCC C++ Compiler
g++ -O0 -g3 -Wall -c -fmessage-length=0 -MMD -MP -MF"src/SWC.d" -MT"src/SWC.d" -o "src/SWC.o" "../src/SWC.cpp"
Finished building: ../src/SWC.cpp
 
Building target: SWC
Invoking: GCC C++ Linker
g++  -o "SWC"  ./src/SWC.o   
Finished building target: SWC
 

**** Build Finished ****

**** Build of configuration Debug for project SWC ****

make all 
Building file: ../src/SWC.cpp
Invoking: GCC C++ Compiler
g++ -O0 -g3 -Wall -c -fmessage-length=0 -MMD -MP -MF"src/SWC.d" -MT"src/SWC.d" -o "src/SWC.o" "../src/SWC.cpp"
Finished building: ../src/SWC.cpp
 
Building target: SWC
Invoking: GCC C++ Linker
g++  -o "SWC"  ./src/SWC.o   
Finished building target: SWC
 

**** Build Finished ****

**** Build of configuration Debug for project SWC ****

make all 
Building file: ../src/SWC.cpp
Invoking: GCC C++ Compiler
g++ -O0 -g3 -Wall -c -fmessage-length=0 -MMD -MP -MF"src/SWC.d" -MT"src/SWC.d" -o "src/SWC.o" "../src/SWC.cpp"
In file included from /usr/include/c++/4.6/regex:35:0,
                 from ../src/SWC.cpp:13:
/usr/include/c++/4.6/bits/c++0x_warning.h:32:2: error: #error This file requires compiler and library support for the upcoming ISO C++ standard, C++0x. This support is currently experimental, and must be enabled with the -std=c++0x or -std=gnu++0x compiler options.
../src/SWC.cpp: In function ‘int main()’:
../src/SWC.cpp:20:7: error: ‘std::tr1’ has not been declared
../src/SWC.cpp:20:18: error: expected ‘;’ before ‘rx’
../src/SWC.cpp:21:40: error: ‘rx’ was not declared in this scope
../src/SWC.cpp:21:42: error: ‘regex_match’ was not declared in this scope
make: *** [src/SWC.o] Error 1

**** Build Finished ****

**** Build of configuration Debug for project SWC ****

make all 
Building file: ../src/SWC.cpp
Invoking: GCC C++ Compiler
g++ -O0 -g3 -Wall -c -fmessage-length=0 -MMD -MP -MF"src/SWC.d" -MT"src/SWC.d" -o "src/SWC.o" "../src/SWC.cpp"
In file included from /usr/include/c++/4.6/regex:35:0,
                 from ../src/SWC.cpp:13:
/usr/include/c++/4.6/bits/c++0x_warning.h:32:2: error: #error This file requires compiler and library support for the upcoming ISO C++ standard, C++0x. This support is currently experimental, and must be enabled with the -std=c++0x or -std=gnu++0x compiler options.
../src/SWC.cpp: In function ‘int main()’:
../src/SWC.cpp:20:7: error: ‘std::tr1’ has not been declared
../src/SWC.cpp:20:18: error: expected ‘;’ before ‘rx’
../src/SWC.cpp:21:40: error: ‘rx’ was not declared in this scope
../src/SWC.cpp:21:42: error: ‘regex_match’ was not declared in this scope
make: *** [src/SWC.o] Error 1

**** Build Finished ****

**** Build of configuration Debug for project SWC ****

make all 
Building file: ../src/SWC.cpp
Invoking: GCC C++ Compiler
g++ -O0 -g3 -Wall -c -fmessage-length=0 -MMD -MP -MF"src/SWC.d" -MT"src/SWC.d" -o "src/SWC.o" "../src/SWC.cpp"
Finished building: ../src/SWC.cpp
 
Building target: SWC
Invoking: GCC C++ Linker
g++  -o "SWC"  ./src/SWC.o   
Finished building target: SWC
 

**** Build Finished ****

**** Build of configuration Debug for project SWC ****

make all 
Building file: ../src/SWC.cpp
Invoking: GCC C++ Compiler
g++ -O0 -g3 -Wall -c -fmessage-length=0 -MMD -MP -MF"src/SWC.d" -MT"src/SWC.d" -o "src/SWC.o" "../src/SWC.cpp"
Finished building: ../src/SWC.cpp
 
Building target: SWC
Invoking: GCC C++ Linker
g++  -o "SWC"  ./src/SWC.o   
Finished building target: SWC
 

**** Build Finished ****

**** Build of configuration Debug for project SWC ****

make all 
Building file: ../src/SWC.cpp
Invoking: GCC C++ Compiler
g++ -O0 -g3 -Wall -c -fmessage-length=0 -MMD -MP -MF"src/SWC.d" -MT"src/SWC.d" -o "src/SWC.o" "../src/SWC.cpp"
Finished building: ../src/SWC.cpp
 
Building target: SWC
Invoking: GCC C++ Linker
g++  -o "SWC"  ./src/SWC.o   
Finished building target: SWC
 

**** Build Finished ****

**** Build of configuration Debug for project SWC ****

make all 
make: Nothing to be done for `all'.

**** Build Finished ****

**** Build of configuration Debug for project SWC ****

make all 
Building file: ../src/SWC.cpp
Invoking: GCC C++ Compiler
g++ -O0 -g3 -Wall -c -fmessage-length=0 -MMD -MP -MF"src/SWC.d" -MT"src/SWC.d" -o "src/SWC.o" "../src/SWC.cpp"
Finished building: ../src/SWC.cpp
 
Building target: SWC
Invoking: GCC C++ Linker
g++  -o "SWC"  ./src/SWC.o   
Finished building target: SWC
 

**** Build Finished ****

**** Build of configuration Debug for project SWC ****

make all 
Building file: ../src/SWC.cpp
Invoking: GCC C++ Compiler
g++ -O0 -g3 -Wall -c -fmessage-length=0 -MMD -MP -MF"src/SWC.d" -MT"src/SWC.d" -o "src/SWC.o" "../src/SWC.cpp"
Finished building: ../src/SWC.cpp
 
Building target: SWC
Invoking: GCC C++ Linker
g++  -o "SWC"  ./src/SWC.o   
Finished building target: SWC
 

**** Build Finished ****

**** Build of configuration Debug for project SWC ****

make all 
Building file: ../src/SWC.cpp
Invoking: GCC C++ Compiler
g++ -O0 -g3 -Wall -c -fmessage-length=0 -MMD -MP -MF"src/SWC.d" -MT"src/SWC.d" -o "src/SWC.o" "../src/SWC.cpp"
Finished building: ../src/SWC.cpp
 
Building target: SWC
Invoking: GCC C++ Linker
g++  -o "SWC"  ./src/SWC.o   
Finished building target: SWC
 

**** Build Finished ****

**** Build of configuration Debug for project SWC ****

make all 
Building file: ../src/SWC.cpp
Invoking: GCC C++ Compiler
g++ -O0 -g3 -Wall -c -fmessage-length=0 -MMD -MP -MF"src/SWC.d" -MT"src/SWC.d" -o "src/SWC.o" "../src/SWC.cpp"
Finished building: ../src/SWC.cpp
 
Building target: SWC
Invoking: GCC C++ Linker
g++  -o "SWC"  ./src/SWC.o   
Finished building target: SWC
 

**** Build Finished ****

**** Build of configuration Debug for project SWC ****

make all 
Building file: ../src/SWC.cpp
Invoking: GCC C++ Compiler
g++ -O0 -g3 -Wall -c -fmessage-length=0 -MMD -MP -MF"src/SWC.d" -MT"src/SWC.d" -o "src/SWC.o" "../src/SWC.cpp"
Finished building: ../src/SWC.cpp
 
Building target: SWC
Invoking: GCC C++ Linker
g++  -o "SWC"  ./src/SWC.o   
Finished building target: SWC
 

**** Build Finished ****

**** Build of configuration Debug for project SWC ****

make all 
Building file: ../src/SWC.cpp
Invoking: GCC C++ Compiler
g++ -O0 -g3 -Wall -c -fmessage-length=0 -MMD -MP -MF"src/SWC.d" -MT"src/SWC.d" -o "src/SWC.o" "../src/SWC.cpp"
../src/SWC.cpp: In function ‘int main(int, char**)’:
../src/SWC.cpp:24:23: error: expected primary-expression before ‘/’ token
../src/SWC.cpp:24:29: error: expected primary-expression before ‘.’ token
../src/SWC.cpp:24:30: error: expected unqualified-id before ‘+’ token
../src/SWC.cpp:24:31: error: expected primary-expression before ‘?’ token
../src/SWC.cpp:24:32: error: expected primary-expression before ‘)’ token
../src/SWC.cpp:24:32: error: expected ‘:’ before ‘)’ token
../src/SWC.cpp:24:32: error: expected primary-expression before ‘)’ token
../src/SWC.cpp:24:34: error: expected primary-expression before ‘)’ token
../src/SWC.cpp:25:17: error: ‘$1’ was not declared in this scope
../src/SWC.cpp:25:19: error: ‘getUrl’ was not declared in this scope
make: *** [src/SWC.o] Error 1

**** Build Finished ****

**** Build of configuration Debug for project SWC ****

make all 
Building file: ../src/SWC.cpp
Invoking: GCC C++ Compiler
g++ -O0 -g3 -Wall -c -fmessage-length=0 -MMD -MP -MF"src/SWC.d" -MT"src/SWC.d" -o "src/SWC.o" "../src/SWC.cpp"
Finished building: ../src/SWC.cpp
 
Building target: SWC
Invoking: GCC C++ Linker
g++  -o "SWC"  ./src/SWC.o   
Finished building target: SWC
 

**** Build Finished ****

**** Build of configuration Debug for project SWC ****

make all 
make: Nothing to be done for `all'.

**** Build Finished ****

**** Build of configuration Debug for project SWC ****

make all 
Building file: ../src/SWC.cpp
Invoking: GCC C++ Compiler
g++ -O0 -g3 -Wall -c -fmessage-length=0 -MMD -MP -MF"src/SWC.d" -MT"src/SWC.d" -o "src/SWC.o" "../src/SWC.cpp"
../src/SWC.cpp: In function ‘int main(int, char**)’:
../src/SWC.cpp:24:24: warning: comparison with string literal results in unspecified behaviour [-Waddress]
../src/SWC.cpp:24:47: warning: comparison with string literal results in unspecified behaviour [-Waddress]
../src/SWC.cpp:26:22: error: ‘fetchUrl’ was not declared in this scope
make: *** [src/SWC.o] Error 1

**** Build Finished ****

**** Build of configuration Debug for project SWC ****

make all 
Building file: ../src/SWC.cpp
Invoking: GCC C++ Compiler
g++ -O0 -g3 -Wall -c -fmessage-length=0 -MMD -MP -MF"src/SWC.d" -MT"src/SWC.d" -o "src/SWC.o" "../src/SWC.cpp"
../src/SWC.cpp: In function ‘int main(int, char**)’:
../src/SWC.cpp:24:24: warning: comparison with string literal results in unspecified behaviour [-Waddress]
../src/SWC.cpp:24:47: warning: comparison with string literal results in unspecified behaviour [-Waddress]
../src/SWC.cpp:25:59: error: invalid operands of types ‘const char [17]’ and ‘char*’ to binary ‘operator+’
make: *** [src/SWC.o] Error 1

**** Build Finished ****

**** Build of configuration Debug for project SWC ****

make all 
Building file: ../src/SWC.cpp
Invoking: GCC C++ Compiler
g++ -O0 -g3 -Wall -c -fmessage-length=0 -MMD -MP -MF"src/SWC.d" -MT"src/SWC.d" -o "src/SWC.o" "../src/SWC.cpp"
../src/SWC.cpp:15:5: warning: second argument of ‘int main(int, std::string**)’ should be ‘char **’ [-Wmain]
../src/SWC.cpp: In function ‘int main(int, std::string**)’:
../src/SWC.cpp:24:24: warning: comparison with string literal results in unspecified behaviour [-Waddress]
../src/SWC.cpp:24:24: error: comparison between distinct pointer types ‘std::string* {aka std::basic_string<char>*}’ and ‘const char*’ lacks a cast [-fpermissive]
../src/SWC.cpp:24:47: warning: comparison with string literal results in unspecified behaviour [-Waddress]
../src/SWC.cpp:24:47: error: comparison between distinct pointer types ‘std::string* {aka std::basic_string<char>*}’ and ‘const char*’ lacks a cast [-fpermissive]
../src/SWC.cpp:25:59: error: invalid operands of types ‘const char [17]’ and ‘std::string* {aka std::basic_string<char>*}’ to binary ‘operator+’
make: *** [src/SWC.o] Error 1

**** Build Finished ****

**** Build of configuration Debug for project SWC ****

make all 
Building file: ../src/SWC.cpp
Invoking: GCC C++ Compiler
g++ -O0 -g3 -Wall -c -fmessage-length=0 -MMD -MP -MF"src/SWC.d" -MT"src/SWC.d" -o "src/SWC.o" "../src/SWC.cpp"
Finished building: ../src/SWC.cpp
 
Building target: SWC
Invoking: GCC C++ Linker
g++  -o "SWC"  ./src/SWC.o   
Finished building target: SWC
 

**** Build Finished ****

**** Build of configuration Debug for project SWC ****

make all 
Building file: ../src/SWC.cpp
Invoking: GCC C++ Compiler
g++ -O0 -g3 -Wall -c -fmessage-length=0 -MMD -MP -MF"src/SWC.d" -MT"src/SWC.d" -o "src/SWC.o" "../src/SWC.cpp"
Finished building: ../src/SWC.cpp
 
Building target: SWC
Invoking: GCC C++ Linker
g++  -o "SWC"  ./src/SWC.o   
Finished building target: SWC
 

**** Build Finished ****

**** Build of configuration Debug for project SWC ****

make all 
Building file: ../src/SWC.cpp
Invoking: GCC C++ Compiler
g++ -O0 -g3 -Wall -c -fmessage-length=0 -MMD -MP -MF"src/SWC.d" -MT"src/SWC.d" -o "src/SWC.o" "../src/SWC.cpp"
Finished building: ../src/SWC.cpp
 
Building target: SWC
Invoking: GCC C++ Linker
g++  -o "SWC"  ./src/SWC.o   
Finished building target: SWC
 

**** Build Finished ****

**** Build of configuration Debug for project SWC ****

make all 
Building file: ../src/SWC.cpp
Invoking: GCC C++ Compiler
g++ -O0 -g3 -Wall -c -fmessage-length=0 -MMD -MP -MF"src/SWC.d" -MT"src/SWC.d" -o "src/SWC.o" "../src/SWC.cpp"
Finished building: ../src/SWC.cpp
 
Building target: SWC
Invoking: GCC C++ Linker
g++  -o "SWC"  ./src/SWC.o   
Finished building target: SWC
 

**** Build Finished ****

**** Build of configuration Debug for project SWC ****

make all 
Building file: ../src/SWC.cpp
Invoking: GCC C++ Compiler
g++ -O0 -g3 -Wall -c -fmessage-length=0 -MMD -MP -MF"src/SWC.d" -MT"src/SWC.d" -o "src/SWC.o" "../src/SWC.cpp"
Finished building: ../src/SWC.cpp
 
Building target: SWC
Invoking: GCC C++ Linker
g++  -o "SWC"  ./src/SWC.o   
Finished building target: SWC
 

**** Build Finished ****

**** Build of configuration Debug for project SWC ****

make all 
Building file: ../src/SWC.cpp
Invoking: GCC C++ Compiler
g++ -O0 -g3 -Wall -c -fmessage-length=0 -MMD -MP -MF"src/SWC.d" -MT"src/SWC.d" -o "src/SWC.o" "../src/SWC.cpp"
Finished building: ../src/SWC.cpp
 
Building target: SWC
Invoking: GCC C++ Linker
g++  -o "SWC"  ./src/SWC.o   
Finished building target: SWC
 

**** Build Finished ****

**** Build of configuration Debug for project SWC ****

make all 
Building file: ../src/SWC.cpp
Invoking: GCC C++ Compiler
g++ -O0 -g3 -Wall -c -fmessage-length=0 -MMD -MP -MF"src/SWC.d" -MT"src/SWC.d" -o "src/SWC.o" "../src/SWC.cpp"
Finished building: ../src/SWC.cpp
 
Building target: SWC
Invoking: GCC C++ Linker
g++  -o "SWC"  ./src/SWC.o   
Finished building target: SWC
 

**** Build Finished ****

**** Build of configuration Debug for project SWC ****

make all 
Building file: ../src/SWC.cpp
Invoking: GCC C++ Compiler
g++ -O0 -g3 -Wall -c -fmessage-length=0 -MMD -MP -MF"src/SWC.d" -MT"src/SWC.d" -o "src/SWC.o" "../src/SWC.cpp"
Finished building: ../src/SWC.cpp
 
Building target: SWC
Invoking: GCC C++ Linker
g++  -o "SWC"  ./src/SWC.o   
Finished building target: SWC
 

**** Build Finished ****

**** Build of configuration Debug for project SWC ****

make all 
Building file: ../src/SWC.cpp
Invoking: GCC C++ Compiler
g++ -O0 -g3 -Wall -c -fmessage-length=0 -MMD -MP -MF"src/SWC.d" -MT"src/SWC.d" -o "src/SWC.o" "../src/SWC.cpp"
Finished building: ../src/SWC.cpp
 
Building target: SWC
Invoking: GCC C++ Linker
g++  -o "SWC"  ./src/SWC.o   
Finished building target: SWC
 

**** Build Finished ****

**** Build of configuration Debug for project SWC ****

make all 
Building file: ../src/SWC.cpp
Invoking: GCC C++ Compiler
g++ -O0 -g3 -Wall -c -fmessage-length=0 -MMD -MP -MF"src/SWC.d" -MT"src/SWC.d" -o "src/SWC.o" "../src/SWC.cpp"
Finished building: ../src/SWC.cpp
 
Building target: SWC
Invoking: GCC C++ Linker
g++  -o "SWC"  ./src/SWC.o   
Finished building target: SWC
 

**** Build Finished ****

**** Build of configuration Debug for project SWC ****

make all 
Building file: ../src/SWC.cpp
Invoking: GCC C++ Compiler
g++ -O0 -g3 -Wall -c -fmessage-length=0 -MMD -MP -MF"src/SWC.d" -MT"src/SWC.d" -o "src/SWC.o" "../src/SWC.cpp"
Finished building: ../src/SWC.cpp
 
Building target: SWC
Invoking: GCC C++ Linker
g++  -o "SWC"  ./src/SWC.o   
Finished building target: SWC
 

**** Build Finished ****

**** Build of configuration Debug for project SWC ****

make all 
Building file: ../src/SWC.cpp
Invoking: GCC C++ Compiler
g++ -O0 -g3 -Wall -c -fmessage-length=0 -MMD -MP -MF"src/SWC.d" -MT"src/SWC.d" -o "src/SWC.o" "../src/SWC.cpp"
Finished building: ../src/SWC.cpp
 
Building target: SWC
Invoking: GCC C++ Linker
g++  -o "SWC"  ./src/SWC.o   
Finished building target: SWC
 

**** Build Finished ****

**** Build of configuration Debug for project SWC ****

make all 
Building file: ../src/SWC.cpp
Invoking: GCC C++ Compiler
g++ -O0 -g3 -Wall -c -fmessage-length=0 -MMD -MP -MF"src/SWC.d" -MT"src/SWC.d" -o "src/SWC.o" "../src/SWC.cpp"
Finished building: ../src/SWC.cpp
 
Building target: SWC
Invoking: GCC C++ Linker
g++  -o "SWC"  ./src/SWC.o   
Finished building target: SWC
 

**** Build Finished ****

**** Build of configuration Debug for project SWC ****

make all 
Building file: ../src/SWC.cpp
Invoking: GCC C++ Compiler
g++ -O0 -g3 -Wall -c -fmessage-length=0 -MMD -MP -MF"src/SWC.d" -MT"src/SWC.d" -o "src/SWC.o" "../src/SWC.cpp"
Finished building: ../src/SWC.cpp
 
Building target: SWC
Invoking: GCC C++ Linker
g++  -o "SWC"  ./src/SWC.o   
Finished building target: SWC
 

**** Build Finished ****

**** Build of configuration Debug for project SWC ****

make all 
Building file: ../src/SWC.cpp
Invoking: GCC C++ Compiler
g++ -O0 -g3 -Wall -c -fmessage-length=0 -MMD -MP -MF"src/SWC.d" -MT"src/SWC.d" -o "src/SWC.o" "../src/SWC.cpp"
Finished building: ../src/SWC.cpp
 
Building target: SWC
Invoking: GCC C++ Linker
g++  -o "SWC"  ./src/SWC.o   
Finished building target: SWC
 

**** Build Finished ****

**** Build of configuration Debug for project SWC ****

make all 
Building file: ../src/SWC.cpp
Invoking: GCC C++ Compiler
g++ -O0 -g3 -Wall -c -fmessage-length=0 -MMD -MP -MF"src/SWC.d" -MT"src/SWC.d" -o "src/SWC.o" "../src/SWC.cpp"
Finished building: ../src/SWC.cpp
 
Building target: SWC
Invoking: GCC C++ Linker
g++  -o "SWC"  ./src/SWC.o   
Finished building target: SWC
 

**** Build Finished ****

**** Build of configuration Debug for project SWC ****

make all 
Building file: ../src/SWC.cpp
Invoking: GCC C++ Compiler
g++ -O0 -g3 -Wall -c -fmessage-length=0 -MMD -MP -MF"src/SWC.d" -MT"src/SWC.d" -o "src/SWC.o" "../src/SWC.cpp"
Finished building: ../src/SWC.cpp
 
Building target: SWC
Invoking: GCC C++ Linker
g++  -o "SWC"  ./src/SWC.o   
Finished building target: SWC
 

**** Build Finished ****

**** Build of configuration Debug for project SWC ****

make all 
make: Nothing to be done for `all'.

**** Build Finished ****

**** Build of configuration Debug for project SWC ****

make all 
Building file: ../src/SWC.cpp
Invoking: GCC C++ Compiler
g++ -O0 -g3 -Wall -c -fmessage-length=0 -MMD -MP -MF"src/SWC.d" -MT"src/SWC.d" -o "src/SWC.o" "../src/SWC.cpp"
Finished building: ../src/SWC.cpp
 
Building target: SWC
Invoking: GCC C++ Linker
g++  -o "SWC"  ./src/SWC.o   
Finished building target: SWC
 

**** Build Finished ****

**** Build of configuration Debug for project SWC ****

make all 
Building file: ../src/SWC.cpp
Invoking: GCC C++ Compiler
g++ -O0 -g3 -Wall -c -fmessage-length=0 -MMD -MP -MF"src/SWC.d" -MT"src/SWC.d" -o "src/SWC.o" "../src/SWC.cpp"
Finished building: ../src/SWC.cpp
 
Building target: SWC
Invoking: GCC C++ Linker
g++  -o "SWC"  ./src/SWC.o   
Finished building target: SWC
 

**** Build Finished ****

**** Build of configuration Debug for project SWC ****

make all 
Building file: ../src/SWC.cpp
Invoking: GCC C++ Compiler
g++ -O0 -g3 -Wall -c -fmessage-length=0 -MMD -MP -MF"src/SWC.d" -MT"src/SWC.d" -o "src/SWC.o" "../src/SWC.cpp"
Finished building: ../src/SWC.cpp
 
Building target: SWC
Invoking: GCC C++ Linker
g++  -o "SWC"  ./src/SWC.o   
Finished building target: SWC
 

**** Build Finished ****

**** Build of configuration Debug for project SWC ****

make all 
Building file: ../src/SWC.cpp
Invoking: GCC C++ Compiler
g++ -O0 -g3 -Wall -c -fmessage-length=0 -MMD -MP -MF"src/SWC.d" -MT"src/SWC.d" -o "src/SWC.o" "../src/SWC.cpp"
Finished building: ../src/SWC.cpp
 
Building target: SWC
Invoking: GCC C++ Linker
g++  -o "SWC"  ./src/SWC.o   
Finished building target: SWC
 

**** Build Finished ****

**** Build of configuration Debug for project SWC ****

make all 
make: Nothing to be done for `all'.

**** Build Finished ****

**** Build of configuration Debug for project SWC ****

make all 
make: Nothing to be done for `all'.

**** Build Finished ****

**** Build of configuration Debug for project SWC ****

make all 
Building file: ../src/SWC.cpp
Invoking: GCC C++ Compiler
g++ -O0 -g3 -Wall -c -fmessage-length=0 -MMD -MP -MF"src/SWC.d" -MT"src/SWC.d" -o "src/SWC.o" "../src/SWC.cpp"
Finished building: ../src/SWC.cpp
 
Building target: SWC
Invoking: GCC C++ Linker
g++  -o "SWC"  ./src/SWC.o   
Finished building target: SWC
 

**** Build Finished ****

**** Build of configuration Debug for project SWC ****

make all 
Building file: ../src/SWC.cpp
Invoking: GCC C++ Compiler
g++ -O0 -g3 -Wall -c -fmessage-length=0 -MMD -MP -MF"src/SWC.d" -MT"src/SWC.d" -o "src/SWC.o" "../src/SWC.cpp"
Finished building: ../src/SWC.cpp
 
Building target: SWC
Invoking: GCC C++ Linker
g++  -o "SWC"  ./src/SWC.o   
Finished building target: SWC
 

**** Build Finished ****

**** Build of configuration Debug for project SWC ****

make all 
Building file: ../src/SWC.cpp
Invoking: GCC C++ Compiler
g++ -O0 -g3 -Wall -c -fmessage-length=0 -MMD -MP -MF"src/SWC.d" -MT"src/SWC.d" -o "src/SWC.o" "../src/SWC.cpp"
Finished building: ../src/SWC.cpp
 
Building target: SWC
Invoking: GCC C++ Linker
g++  -o "SWC"  ./src/SWC.o   
Finished building target: SWC
 

**** Build Finished ****

**** Build of configuration Debug for project SWC ****

make all 
Building file: ../src/SWC.cpp
Invoking: GCC C++ Compiler
g++ -O0 -g3 -Wall -c -fmessage-length=0 -MMD -MP -MF"src/SWC.d" -MT"src/SWC.d" -o "src/SWC.o" "../src/SWC.cpp"
Finished building: ../src/SWC.cpp
 
Building target: SWC
Invoking: GCC C++ Linker
g++  -o "SWC"  ./src/SWC.o   
Finished building target: SWC
 

**** Build Finished ****

**** Build of configuration Debug for project SWC ****

make all 
Building file: ../src/SWC.cpp
Invoking: GCC C++ Compiler
g++ -O0 -g3 -Wall -c -fmessage-length=0 -MMD -MP -MF"src/SWC.d" -MT"src/SWC.d" -o "src/SWC.o" "../src/SWC.cpp"
../src/SWC.cpp: In function ‘int main(int, char**)’:
../src/SWC.cpp:29:87: error: no match for ‘operator+’ in ‘std::operator+(const std::basic_string<_CharT, _Traits, _Alloc>&, const _CharT*) [with _CharT = char, _Traits = std::char_traits<char>, _Alloc = std::allocator<char>](((const char*)" --output-document=")) + inputhash’
../src/SWC.cpp:29:87: note: candidates are:
/usr/include/c++/4.6/bits/stl_iterator.h:327:5: note: template<class _Iterator> std::reverse_iterator<_Iterator> std::operator+(typename std::reverse_iterator<_Iterator>::difference_type, const std::reverse_iterator<_Iterator>&)
/usr/include/c++/4.6/bits/basic_string.h:2306:5: note: template<class _CharT, class _Traits, class _Alloc> std::basic_string<_CharT, _Traits, _Alloc> std::operator+(const std::basic_string<_CharT, _Traits, _Alloc>&, const std::basic_string<_CharT, _Traits, _Alloc>&)
/usr/include/c++/4.6/bits/basic_string.tcc:694:5: note: template<class _CharT, class _Traits, class _Alloc> std::basic_string<_CharT, _Traits, _Alloc> std::operator+(const _CharT*, const std::basic_string<_CharT, _Traits, _Alloc>&)
/usr/include/c++/4.6/bits/basic_string.tcc:710:5: note: template<class _CharT, class _Traits, class _Alloc> std::basic_string<_CharT, _Traits, _Alloc> std::operator+(_CharT, const std::basic_string<_CharT, _Traits, _Alloc>&)
/usr/include/c++/4.6/bits/basic_string.h:2343:5: note: template<class _CharT, class _Traits, class _Alloc> std::basic_string<_CharT, _Traits, _Alloc> std::operator+(const std::basic_string<_CharT, _Traits, _Alloc>&, const _CharT*)
/usr/include/c++/4.6/bits/basic_string.h:2359:5: note: template<class _CharT, class _Traits, class _Alloc> std::basic_string<_CharT, _Traits, _Alloc> std::operator+(const std::basic_string<_CharT, _Traits, _Alloc>&, _CharT)
/usr/include/c++/4.6/bits/stl_iterator.h:896:5: note: template<class _Iterator, class _Container> __gnu_cxx::__normal_iterator<_Iterator, _Container> __gnu_cxx::operator+(typename __gnu_cxx::__normal_iterator<_Iterator, _Container>::difference_type, const __gnu_cxx::__normal_iterator<_Iterator, _Container>&)
make: *** [src/SWC.o] Error 1

**** Build Finished ****

**** Build of configuration Debug for project SWC ****

make all 
Building file: ../src/SWC.cpp
Invoking: GCC C++ Compiler
g++ -O0 -g3 -Wall -c -fmessage-length=0 -MMD -MP -MF"src/SWC.d" -MT"src/SWC.d" -o "src/SWC.o" "../src/SWC.cpp"
Finished building: ../src/SWC.cpp
 
Building target: SWC
Invoking: GCC C++ Linker
g++  -o "SWC"  ./src/SWC.o   
Finished building target: SWC
 

**** Build Finished ****

**** Build of configuration Debug for project SWC ****

make all 
Building file: ../src/SWC.cpp
Invoking: GCC C++ Compiler
g++ -O0 -g3 -Wall -c -fmessage-length=0 -MMD -MP -MF"src/SWC.d" -MT"src/SWC.d" -o "src/SWC.o" "../src/SWC.cpp"
../src/SWC.cpp: In function ‘int main(int, char**)’:
../src/SWC.cpp:29:87: error: no match for ‘operator+’ in ‘std::operator+(const std::basic_string<_CharT, _Traits, _Alloc>&, const _CharT*) [with _CharT = char, _Traits = std::char_traits<char>, _Alloc = std::allocator<char>](((const char*)" --output-document=")) + inputhash’
../src/SWC.cpp:29:87: note: candidates are:
/usr/include/c++/4.6/bits/stl_iterator.h:327:5: note: template<class _Iterator> std::reverse_iterator<_Iterator> std::operator+(typename std::reverse_iterator<_Iterator>::difference_type, const std::reverse_iterator<_Iterator>&)
/usr/include/c++/4.6/bits/basic_string.h:2306:5: note: template<class _CharT, class _Traits, class _Alloc> std::basic_string<_CharT, _Traits, _Alloc> std::operator+(const std::basic_string<_CharT, _Traits, _Alloc>&, const std::basic_string<_CharT, _Traits, _Alloc>&)
/usr/include/c++/4.6/bits/basic_string.tcc:694:5: note: template<class _CharT, class _Traits, class _Alloc> std::basic_string<_CharT, _Traits, _Alloc> std::operator+(const _CharT*, const std::basic_string<_CharT, _Traits, _Alloc>&)
/usr/include/c++/4.6/bits/basic_string.tcc:710:5: note: template<class _CharT, class _Traits, class _Alloc> std::basic_string<_CharT, _Traits, _Alloc> std::operator+(_CharT, const std::basic_string<_CharT, _Traits, _Alloc>&)
/usr/include/c++/4.6/bits/basic_string.h:2343:5: note: template<class _CharT, class _Traits, class _Alloc> std::basic_string<_CharT, _Traits, _Alloc> std::operator+(const std::basic_string<_CharT, _Traits, _Alloc>&, const _CharT*)
/usr/include/c++/4.6/bits/basic_string.h:2359:5: note: template<class _CharT, class _Traits, class _Alloc> std::basic_string<_CharT, _Traits, _Alloc> std::operator+(const std::basic_string<_CharT, _Traits, _Alloc>&, _CharT)
/usr/include/c++/4.6/bits/stl_iterator.h:896:5: note: template<class _Iterator, class _Container> __gnu_cxx::__normal_iterator<_Iterator, _Container> __gnu_cxx::operator+(typename __gnu_cxx::__normal_iterator<_Iterator, _Container>::difference_type, const __gnu_cxx::__normal_iterator<_Iterator, _Container>&)
make: *** [src/SWC.o] Error 1

**** Build Finished ****

**** Build of configuration Debug for project SWC ****

make all 
Building file: ../src/SWC.cpp
Invoking: GCC C++ Compiler
g++ -O0 -g3 -Wall -c -fmessage-length=0 -MMD -MP -MF"src/SWC.d" -MT"src/SWC.d" -o "src/SWC.o" "../src/SWC.cpp"
Finished building: ../src/SWC.cpp
 
Building target: SWC
Invoking: GCC C++ Linker
g++  -o "SWC"  ./src/SWC.o   
Finished building target: SWC
 

**** Build Finished ****

**** Build of configuration Debug for project SWC ****

make all 
make: Nothing to be done for `all'.

**** Build Finished ****

**** Build of configuration Debug for project SWC ****

make all 
Building file: ../src/SWC.cpp
Invoking: GCC C++ Compiler
g++ -O0 -g3 -Wall -c -fmessage-length=0 -MMD -MP -MF"src/SWC.d" -MT"src/SWC.d" -o "src/SWC.o" "../src/SWC.cpp"
../src/SWC.cpp: In function ‘int main(int, char**)’:
../src/SWC.cpp:29:87: error: no match for ‘operator+’ in ‘std::operator+(const std::basic_string<_CharT, _Traits, _Alloc>&, const _CharT*) [with _CharT = char, _Traits = std::char_traits<char>, _Alloc = std::allocator<char>](((const char*)" --output-document=")) + inputhash’
../src/SWC.cpp:29:87: note: candidates are:
/usr/include/c++/4.6/bits/stl_iterator.h:327:5: note: template<class _Iterator> std::reverse_iterator<_Iterator> std::operator+(typename std::reverse_iterator<_Iterator>::difference_type, const std::reverse_iterator<_Iterator>&)
/usr/include/c++/4.6/bits/basic_string.h:2306:5: note: template<class _CharT, class _Traits, class _Alloc> std::basic_string<_CharT, _Traits, _Alloc> std::operator+(const std::basic_string<_CharT, _Traits, _Alloc>&, const std::basic_string<_CharT, _Traits, _Alloc>&)
/usr/include/c++/4.6/bits/basic_string.tcc:694:5: note: template<class _CharT, class _Traits, class _Alloc> std::basic_string<_CharT, _Traits, _Alloc> std::operator+(const _CharT*, const std::basic_string<_CharT, _Traits, _Alloc>&)
/usr/include/c++/4.6/bits/basic_string.tcc:710:5: note: template<class _CharT, class _Traits, class _Alloc> std::basic_string<_CharT, _Traits, _Alloc> std::operator+(_CharT, const std::basic_string<_CharT, _Traits, _Alloc>&)
/usr/include/c++/4.6/bits/basic_string.h:2343:5: note: template<class _CharT, class _Traits, class _Alloc> std::basic_string<_CharT, _Traits, _Alloc> std::operator+(const std::basic_string<_CharT, _Traits, _Alloc>&, const _CharT*)
/usr/include/c++/4.6/bits/basic_string.h:2359:5: note: template<class _CharT, class _Traits, class _Alloc> std::basic_string<_CharT, _Traits, _Alloc> std::operator+(const std::basic_string<_CharT, _Traits, _Alloc>&, _CharT)
/usr/include/c++/4.6/bits/stl_iterator.h:896:5: note: template<class _Iterator, class _Container> __gnu_cxx::__normal_iterator<_Iterator, _Container> __gnu_cxx::operator+(typename __gnu_cxx::__normal_iterator<_Iterator, _Container>::difference_type, const __gnu_cxx::__normal_iterator<_Iterator, _Container>&)
make: *** [src/SWC.o] Error 1

**** Build Finished ****

**** Build of configuration Debug for project SWC ****

make all 
Building file: ../src/SWC.cpp
Invoking: GCC C++ Compiler
g++ -O0 -g3 -Wall -c -fmessage-length=0 -MMD -MP -MF"src/SWC.d" -MT"src/SWC.d" -o "src/SWC.o" "../src/SWC.cpp"
../src/SWC.cpp: In function ‘int main(int, char**)’:
../src/SWC.cpp:28:14: warning: unused variable ‘myhash’ [-Wunused-variable]
Finished building: ../src/SWC.cpp
 
Building target: SWC
Invoking: GCC C++ Linker
g++  -o "SWC"  ./src/SWC.o   
Finished building target: SWC
 

**** Build Finished ****

**** Build of configuration Debug for project SWC ****

make all 
Building file: ../src/SWC.cpp
Invoking: GCC C++ Compiler
g++ -O0 -g3 -Wall -c -fmessage-length=0 -MMD -MP -MF"src/SWC.d" -MT"src/SWC.d" -o "src/SWC.o" "../src/SWC.cpp"
../src/SWC.cpp: In function ‘int main(int, char**)’:
../src/SWC.cpp:30:87: error: no match for ‘operator+’ in ‘std::operator+(const std::basic_string<_CharT, _Traits, _Alloc>&, const _CharT*) [with _CharT = char, _Traits = std::char_traits<char>, _Alloc = std::allocator<char>](((const char*)" --output-document=")) + myhash’
../src/SWC.cpp:30:87: note: candidates are:
/usr/include/c++/4.6/bits/stl_iterator.h:327:5: note: template<class _Iterator> std::reverse_iterator<_Iterator> std::operator+(typename std::reverse_iterator<_Iterator>::difference_type, const std::reverse_iterator<_Iterator>&)
/usr/include/c++/4.6/bits/basic_string.h:2306:5: note: template<class _CharT, class _Traits, class _Alloc> std::basic_string<_CharT, _Traits, _Alloc> std::operator+(const std::basic_string<_CharT, _Traits, _Alloc>&, const std::basic_string<_CharT, _Traits, _Alloc>&)
/usr/include/c++/4.6/bits/basic_string.tcc:694:5: note: template<class _CharT, class _Traits, class _Alloc> std::basic_string<_CharT, _Traits, _Alloc> std::operator+(const _CharT*, const std::basic_string<_CharT, _Traits, _Alloc>&)
/usr/include/c++/4.6/bits/basic_string.tcc:710:5: note: template<class _CharT, class _Traits, class _Alloc> std::basic_string<_CharT, _Traits, _Alloc> std::operator+(_CharT, const std::basic_string<_CharT, _Traits, _Alloc>&)
/usr/include/c++/4.6/bits/basic_string.h:2343:5: note: template<class _CharT, class _Traits, class _Alloc> std::basic_string<_CharT, _Traits, _Alloc> std::operator+(const std::basic_string<_CharT, _Traits, _Alloc>&, const _CharT*)
/usr/include/c++/4.6/bits/basic_string.h:2359:5: note: template<class _CharT, class _Traits, class _Alloc> std::basic_string<_CharT, _Traits, _Alloc> std::operator+(const std::basic_string<_CharT, _Traits, _Alloc>&, _CharT)
/usr/include/c++/4.6/bits/stl_iterator.h:896:5: note: template<class _Iterator, class _Container> __gnu_cxx::__normal_iterator<_Iterator, _Container> __gnu_cxx::operator+(typename __gnu_cxx::__normal_iterator<_Iterator, _Container>::difference_type, const __gnu_cxx::__normal_iterator<_Iterator, _Container>&)
make: *** [src/SWC.o] Error 1

**** Build Finished ****

**** Build of configuration Debug for project SWC ****

make all 
Building file: ../src/SWC.cpp
Invoking: GCC C++ Compiler
g++ -O0 -g3 -Wall -c -fmessage-length=0 -MMD -MP -MF"src/SWC.d" -MT"src/SWC.d" -o "src/SWC.o" "../src/SWC.cpp"
../src/SWC.cpp: In function ‘int main(int, char**)’:
../src/SWC.cpp:28:26: error: invalid conversion from ‘long int’ to ‘const char*’ [-fpermissive]
/usr/include/c++/4.6/bits/basic_string.tcc:214:5: error:   initializing argument 1 of ‘std::basic_string<_CharT, _Traits, _Alloc>::basic_string(const _CharT*, const _Alloc&) [with _CharT = char, _Traits = std::char_traits<char>, _Alloc = std::allocator<char>]’ [-fpermissive]
make: *** [src/SWC.o] Error 1

**** Build Finished ****

**** Build of configuration Debug for project SWC ****

make all 
Building file: ../src/SWC.cpp
Invoking: GCC C++ Compiler
g++ -O0 -g3 -Wall -c -fmessage-length=0 -MMD -MP -MF"src/SWC.d" -MT"src/SWC.d" -o "src/SWC.o" "../src/SWC.cpp"
../src/SWC.cpp: In function ‘int main(int, char**)’:
../src/SWC.cpp:28:26: error: invalid conversion from ‘long int’ to ‘const char*’ [-fpermissive]
/usr/include/c++/4.6/bits/basic_string.tcc:214:5: error:   initializing argument 1 of ‘std::basic_string<_CharT, _Traits, _Alloc>::basic_string(const _CharT*, const _Alloc&) [with _CharT = char, _Traits = std::char_traits<char>, _Alloc = std::allocator<char>]’ [-fpermissive]
make: *** [src/SWC.o] Error 1

**** Build Finished ****

**** Build of configuration Debug for project SWC ****

make all 
Building file: ../src/SWC.cpp
Invoking: GCC C++ Compiler
g++ -O0 -g3 -Wall -c -fmessage-length=0 -MMD -MP -MF"src/SWC.d" -MT"src/SWC.d" -o "src/SWC.o" "../src/SWC.cpp"
../src/SWC.cpp: In function ‘int main(int, char**)’:
../src/SWC.cpp:29:103: error: invalid conversion from ‘long int’ to ‘const char*’ [-fpermissive]
/usr/include/c++/4.6/bits/basic_string.tcc:214:5: error:   initializing argument 1 of ‘std::basic_string<_CharT, _Traits, _Alloc>::basic_string(const _CharT*, const _Alloc&) [with _CharT = char, _Traits = std::char_traits<char>, _Alloc = std::allocator<char>]’ [-fpermissive]
make: *** [src/SWC.o] Error 1

**** Build Finished ****

**** Build of configuration Debug for project SWC ****

make all 
Building file: ../src/SWC.cpp
Invoking: GCC C++ Compiler
g++ -O0 -g3 -Wall -c -fmessage-length=0 -MMD -MP -MF"src/SWC.d" -MT"src/SWC.d" -o "src/SWC.o" "../src/SWC.cpp"
Finished building: ../src/SWC.cpp
 
Building target: SWC
Invoking: GCC C++ Linker
g++  -o "SWC"  ./src/SWC.o   
Finished building target: SWC
 

**** Build Finished ****

**** Build of configuration Debug for project SWC ****

make all 
Building file: ../src/SWC.cpp
Invoking: GCC C++ Compiler
g++ -O0 -g3 -Wall -c -fmessage-length=0 -MMD -MP -MF"src/SWC.d" -MT"src/SWC.d" -o "src/SWC.o" "../src/SWC.cpp"
../src/SWC.cpp: In function ‘int main(int, char**)’:
../src/SWC.cpp:27:82: error: invalid conversion from ‘long int’ to ‘const char*’ [-fpermissive]
/usr/include/c++/4.6/bits/basic_string.tcc:214:5: error:   initializing argument 1 of ‘std::basic_string<_CharT, _Traits, _Alloc>::basic_string(const _CharT*, const _Alloc&) [with _CharT = char, _Traits = std::char_traits<char>, _Alloc = std::allocator<char>]’ [-fpermissive]
make: *** [src/SWC.o] Error 1

**** Build Finished ****

**** Build of configuration Debug for project SWC ****

make all 
Building file: ../src/SWC.cpp
Invoking: GCC C++ Compiler
g++ -O0 -g3 -Wall -c -fmessage-length=0 -MMD -MP -MF"src/SWC.d" -MT"src/SWC.d" -o "src/SWC.o" "../src/SWC.cpp"
Finished building: ../src/SWC.cpp
 
Building target: SWC
Invoking: GCC C++ Linker
g++  -o "SWC"  ./src/SWC.o   
Finished building target: SWC
 

**** Build Finished ****

**** Build of configuration Debug for project SWC ****

make all 
Building file: ../src/SWC.cpp
Invoking: GCC C++ Compiler
g++ -O0 -g3 -Wall -c -fmessage-length=0 -MMD -MP -MF"src/SWC.d" -MT"src/SWC.d" -o "src/SWC.o" "../src/SWC.cpp"
../src/SWC.cpp: In function ‘int main(int, char**)’:
../src/SWC.cpp:27:80: error: no matching function for call to ‘std::collate<std::basic_string<char> >::hash(const char*, const char*) const’
../src/SWC.cpp:27:80: note: candidate is:
/usr/include/c++/4.6/bits/locale_classes.h:709:7: note: long int std::collate<_CharT>::hash(const _CharT*, const _CharT*) const [with _CharT = std::basic_string<char>]
/usr/include/c++/4.6/bits/locale_classes.h:709:7: note:   no known conversion for argument 1 from ‘const char*’ to ‘const std::basic_string<char>*’
make: *** [src/SWC.o] Error 1

**** Build Finished ****

**** Build of configuration Debug for project SWC ****

make all 
Building file: ../src/SWC.cpp
Invoking: GCC C++ Compiler
g++ -O0 -g3 -Wall -c -fmessage-length=0 -MMD -MP -MF"src/SWC.d" -MT"src/SWC.d" -o "src/SWC.o" "../src/SWC.cpp"
Finished building: ../src/SWC.cpp
 
Building target: SWC
Invoking: GCC C++ Linker
g++  -o "SWC"  ./src/SWC.o   
Finished building target: SWC
 

**** Build Finished ****

**** Build of configuration Debug for project SWC ****

make all 
Building file: ../src/SWC.cpp
Invoking: GCC C++ Compiler
g++ -O0 -g3 -Wall -c -fmessage-length=0 -MMD -MP -MF"src/SWC.d" -MT"src/SWC.d" -o "src/SWC.o" "../src/SWC.cpp"
../src/SWC.cpp: In function ‘int main(int, char**)’:
../src/SWC.cpp:32:87: error: no match for ‘operator+’ in ‘std::operator+(const std::basic_string<_CharT, _Traits, _Alloc>&, const _CharT*) [with _CharT = char, _Traits = std::char_traits<char>, _Alloc = std::allocator<char>](((const char*)" --output-document=")) + inputhash’
../src/SWC.cpp:32:87: note: candidates are:
/usr/include/c++/4.6/bits/stl_iterator.h:327:5: note: template<class _Iterator> std::reverse_iterator<_Iterator> std::operator+(typename std::reverse_iterator<_Iterator>::difference_type, const std::reverse_iterator<_Iterator>&)
/usr/include/c++/4.6/bits/basic_string.h:2306:5: note: template<class _CharT, class _Traits, class _Alloc> std::basic_string<_CharT, _Traits, _Alloc> std::operator+(const std::basic_string<_CharT, _Traits, _Alloc>&, const std::basic_string<_CharT, _Traits, _Alloc>&)
/usr/include/c++/4.6/bits/basic_string.tcc:694:5: note: template<class _CharT, class _Traits, class _Alloc> std::basic_string<_CharT, _Traits, _Alloc> std::operator+(const _CharT*, const std::basic_string<_CharT, _Traits, _Alloc>&)
/usr/include/c++/4.6/bits/basic_string.tcc:710:5: note: template<class _CharT, class _Traits, class _Alloc> std::basic_string<_CharT, _Traits, _Alloc> std::operator+(_CharT, const std::basic_string<_CharT, _Traits, _Alloc>&)
/usr/include/c++/4.6/bits/basic_string.h:2343:5: note: template<class _CharT, class _Traits, class _Alloc> std::basic_string<_CharT, _Traits, _Alloc> std::operator+(const std::basic_string<_CharT, _Traits, _Alloc>&, const _CharT*)
/usr/include/c++/4.6/bits/basic_string.h:2359:5: note: template<class _CharT, class _Traits, class _Alloc> std::basic_string<_CharT, _Traits, _Alloc> std::operator+(const std::basic_string<_CharT, _Traits, _Alloc>&, _CharT)
/usr/include/c++/4.6/bits/stl_iterator.h:896:5: note: template<class _Iterator, class _Container> __gnu_cxx::__normal_iterator<_Iterator, _Container> __gnu_cxx::operator+(typename __gnu_cxx::__normal_iterator<_Iterator, _Container>::difference_type, const __gnu_cxx::__normal_iterator<_Iterator, _Container>&)
make: *** [src/SWC.o] Error 1

**** Build Finished ****

**** Build of configuration Debug for project SWC ****

make all 
Building file: ../src/SWC.cpp
Invoking: GCC C++ Compiler
g++ -O0 -g3 -Wall -c -fmessage-length=0 -MMD -MP -MF"src/SWC.d" -MT"src/SWC.d" -o "src/SWC.o" "../src/SWC.cpp"
Finished building: ../src/SWC.cpp
 
Building target: SWC
Invoking: GCC C++ Linker
g++  -o "SWC"  ./src/SWC.o   
Finished building target: SWC
 

**** Build Finished ****

**** Build of configuration Debug for project SWC ****

make all 
Building file: ../src/SWC.cpp
Invoking: GCC C++ Compiler
g++ -O0 -g3 -Wall -c -fmessage-length=0 -MMD -MP -MF"src/SWC.d" -MT"src/SWC.d" -o "src/SWC.o" "../src/SWC.cpp"
Finished building: ../src/SWC.cpp
 
Building target: SWC
Invoking: GCC C++ Linker
g++  -o "SWC"  ./src/SWC.o   
Finished building target: SWC
 

**** Build Finished ****

**** Build of configuration Debug for project SWC ****

make all 
Building file: ../src/SWC.cpp
Invoking: GCC C++ Compiler
g++ -O0 -g3 -Wall -c -fmessage-length=0 -MMD -MP -MF"src/SWC.d" -MT"src/SWC.d" -o "src/SWC.o" "../src/SWC.cpp"
Finished building: ../src/SWC.cpp
 
Building target: SWC
Invoking: GCC C++ Linker
g++  -o "SWC"  ./src/SWC.o   
Finished building target: SWC
 

**** Build Finished ****

**** Build of configuration Debug for project SWC ****

make all 
Building file: ../src/SWC.cpp
Invoking: GCC C++ Compiler
g++ -O0 -g3 -Wall -c -fmessage-length=0 -MMD -MP -MF"src/SWC.d" -MT"src/SWC.d" -o "src/SWC.o" "../src/SWC.cpp"
Finished building: ../src/SWC.cpp
 
Building target: SWC
Invoking: GCC C++ Linker
g++  -o "SWC"  ./src/SWC.o   
Finished building target: SWC
 

**** Build Finished ****

**** Build of configuration Debug for project SWC ****

make all 
Building file: ../src/SWC.cpp
Invoking: GCC C++ Compiler
g++ -O0 -g3 -Wall -c -fmessage-length=0 -MMD -MP -MF"src/SWC.d" -MT"src/SWC.d" -o "src/SWC.o" "../src/SWC.cpp"
../src/SWC.cpp: In function ‘int main(int, char**)’:
../src/SWC.cpp:34:34: error: ‘downloadUrl’ was not declared in this scope
make: *** [src/SWC.o] Error 1

**** Build Finished ****

**** Build of configuration Debug for project SWC ****

make all 
Building file: ../src/SWC.cpp
Invoking: GCC C++ Compiler
g++ -O0 -g3 -Wall -c -fmessage-length=0 -MMD -MP -MF"src/SWC.d" -MT"src/SWC.d" -o "src/SWC.o" "../src/SWC.cpp"
Finished building: ../src/SWC.cpp
 
Building target: SWC
Invoking: GCC C++ Linker
g++  -o "SWC"  ./src/SWC.o   
Finished building target: SWC
 

**** Build Finished ****

**** Build of configuration Debug for project SWC ****

make all 
Building file: ../src/SWC.cpp
Invoking: GCC C++ Compiler
g++ -O0 -g3 -Wall -c -fmessage-length=0 -MMD -MP -MF"src/SWC.d" -MT"src/SWC.d" -o "src/SWC.o" "../src/SWC.cpp"
../src/SWC.cpp: In function ‘int main(int, char**)’:
../src/SWC.cpp:26:24: warning: comparison with string literal results in unspecified behaviour [-Waddress]
Finished building: ../src/SWC.cpp
 
Building target: SWC
Invoking: GCC C++ Linker
g++  -o "SWC"  ./src/SWC.o   
Finished building target: SWC
 

**** Build Finished ****

**** Build of configuration Debug for project SWC ****

make all 
Building file: ../src/SWC.cpp
Invoking: GCC C++ Compiler
g++ -O0 -g3 -Wall -c -fmessage-length=0 -MMD -MP -MF"src/SWC.d" -MT"src/SWC.d" -o "src/SWC.o" "../src/SWC.cpp"
../src/SWC.cpp:27:13: warning: multi-character character constant [-Wmultichar]
../src/SWC.cpp:37:13: warning: multi-character character constant [-Wmultichar]
../src/SWC.cpp: In function ‘int main(int, char**)’:
../src/SWC.cpp:26:21: error: switch quantity not an integer
../src/SWC.cpp:37:13: error: jump to case label [-fpermissive]
../src/SWC.cpp:31:36: error:   crosses initialization of ‘std::stringstream strstream’
../src/SWC.cpp:30:24: error:   crosses initialization of ‘std::string hash’
../src/SWC.cpp:29:14: error:   crosses initialization of ‘long int inputhash’
../src/SWC.cpp:28:21: error:   crosses initialization of ‘std::string inputs’
../src/SWC.cpp:38:8: error: jump to case label [-fpermissive]
../src/SWC.cpp:31:36: error:   crosses initialization of ‘std::stringstream strstream’
../src/SWC.cpp:30:24: error:   crosses initialization of ‘std::string hash’
../src/SWC.cpp:29:14: error:   crosses initialization of ‘long int inputhash’
../src/SWC.cpp:28:21: error:   crosses initialization of ‘std::string inputs’
make: *** [src/SWC.o] Error 1

**** Build Finished ****

**** Build of configuration Debug for project SWC ****

make all 
Building file: ../src/SWC.cpp
Invoking: GCC C++ Compiler
g++ -O0 -g3 -Wall -c -fmessage-length=0 -MMD -MP -MF"src/SWC.d" -MT"src/SWC.d" -o "src/SWC.o" "../src/SWC.cpp"
../src/SWC.cpp:27:13: warning: multi-character character constant [-Wmultichar]
../src/SWC.cpp:33:13: warning: multi-character character constant [-Wmultichar]
../src/SWC.cpp: In function ‘int main(int, char**)’:
../src/SWC.cpp:26:21: error: switch quantity not an integer
../src/SWC.cpp:38:24: warning: comparison with string literal results in unspecified behaviour [-Waddress]
make: *** [src/SWC.o] Error 1

**** Build Finished ****

**** Build of configuration Debug for project SWC ****

make all 
Building file: ../src/SWC.cpp
Invoking: GCC C++ Compiler
g++ -O0 -g3 -Wall -c -fmessage-length=0 -MMD -MP -MF"src/SWC.d" -MT"src/SWC.d" -o "src/SWC.o" "../src/SWC.cpp"
../src/SWC.cpp: In function ‘int main(int, char**)’:
../src/SWC.cpp:26:24: warning: comparison with string literal results in unspecified behaviour [-Waddress]
Finished building: ../src/SWC.cpp
 
Building target: SWC
Invoking: GCC C++ Linker
g++  -o "SWC"  ./src/SWC.o   
Finished building target: SWC
 

**** Build Finished ****

**** Build of configuration Debug for project SWC ****

make all 
make: Nothing to be done for `all'.

**** Build Finished ****

**** Build of configuration Debug for project SWC ****

make all 
Building file: ../src/SWC.cpp
Invoking: GCC C++ Compiler
g++ -O0 -g3 -Wall -c -fmessage-length=0 -MMD -MP -MF"src/SWC.d" -MT"src/SWC.d" -o "src/SWC.o" "../src/SWC.cpp"
../src/SWC.cpp: In function ‘int main(int, char**)’:
../src/SWC.cpp:26:24: warning: comparison with string literal results in unspecified behaviour [-Waddress]
Finished building: ../src/SWC.cpp
 
Building target: SWC
Invoking: GCC C++ Linker
g++  -o "SWC"  ./src/SWC.o   
Finished building target: SWC
 

**** Build Finished ****

**** Build of configuration Debug for project SWC ****

make all 
Building file: ../src/SWC.cpp
Invoking: GCC C++ Compiler
g++ -O0 -g3 -Wall -c -fmessage-length=0 -MMD -MP -MF"src/SWC.d" -MT"src/SWC.d" -o "src/SWC.o" "../src/SWC.cpp"
Finished building: ../src/SWC.cpp
 
Building target: SWC
Invoking: GCC C++ Linker
g++  -o "SWC"  ./src/SWC.o   
Finished building target: SWC
 

**** Build Finished ****

**** Build of configuration Debug for project SWC ****

make all 
Building file: ../src/SWC.cpp
Invoking: GCC C++ Compiler
g++ -O0 -g3 -Wall -c -fmessage-length=0 -MMD -MP -MF"src/SWC.d" -MT"src/SWC.d" -o "src/SWC.o" "../src/SWC.cpp"
../src/SWC.cpp: In function ‘int main(int, char**)’:
../src/SWC.cpp:27:23: error: wrong type argument to bit-complement
make: *** [src/SWC.o] Error 1

**** Build Finished ****

**** Build of configuration Debug for project SWC ****

make all 
Building file: ../src/SWC.cpp
Invoking: GCC C++ Compiler
g++ -O0 -g3 -Wall -c -fmessage-length=0 -MMD -MP -MF"src/SWC.d" -MT"src/SWC.d" -o "src/SWC.o" "../src/SWC.cpp"
../src/SWC.cpp:27:23: warning: multi-character character constant [-Wmultichar]
../src/SWC.cpp: In function ‘int main(int, char**)’:
../src/SWC.cpp:27:23: error: no match for ‘operator==’ in ‘inputs == 1752462448’
../src/SWC.cpp:27:23: note: candidates are:
/usr/include/c++/4.6/bits/postypes.h:218:5: note: template<class _StateT> bool std::operator==(const std::fpos<_StateT>&, const std::fpos<_StateT>&)
/usr/include/c++/4.6/bits/stl_pair.h:201:5: note: template<class _T1, class _T2> bool std::operator==(const std::pair<_T1, _T2>&, const std::pair<_T1, _T2>&)
/usr/include/c++/4.6/bits/stl_iterator.h:285:5: note: template<class _Iterator> bool std::operator==(const std::reverse_iterator<_Iterator>&, const std::reverse_iterator<_Iterator>&)
/usr/include/c++/4.6/bits/stl_iterator.h:335:5: note: template<class _IteratorL, class _IteratorR> bool std::operator==(const std::reverse_iterator<_IteratorL>&, const std::reverse_iterator<_IteratorR>&)
/usr/include/c++/4.6/bits/allocator.h:122:5: note: template<class _T1, class _T2> bool std::operator==(const std::allocator<_T1>&, const std::allocator<_T2>&)
/usr/include/c++/4.6/bits/allocator.h:127:5: note: template<class _Tp> bool std::operator==(const std::allocator<_Tp1>&, const std::allocator<_Tp1>&)
/usr/include/c++/4.6/bits/basic_string.h:2427:5: note: template<class _CharT, class _Traits, class _Alloc> bool std::operator==(const std::basic_string<_CharT, _Traits, _Alloc>&, const std::basic_string<_CharT, _Traits, _Alloc>&)
/usr/include/c++/4.6/bits/basic_string.h:2434:5: note: template<class _CharT> typename __gnu_cxx::__enable_if<std::__is_char<_Tp>::__value, bool>::__type std::operator==(const std::basic_string<_CharT>&, const std::basic_string<_CharT>&)
/usr/include/c++/4.6/bits/basic_string.h:2448:5: note: template<class _CharT, class _Traits, class _Alloc> bool std::operator==(const _CharT*, const std::basic_string<_CharT, _Traits, _Alloc>&)
/usr/include/c++/4.6/bits/basic_string.h:2460:5: note: template<class _CharT, class _Traits, class _Alloc> bool std::operator==(const std::basic_string<_CharT, _Traits, _Alloc>&, const _CharT*)
/usr/include/c++/4.6/bits/streambuf_iterator.h:194:5: note: template<class _CharT, class _Traits> bool std::operator==(const std::istreambuf_iterator<_CharT, _Traits>&, const std::istreambuf_iterator<_CharT, _Traits>&)
/usr/include/c++/4.6/ext/new_allocator.h:123:5: note: template<class _Tp> bool __gnu_cxx::operator==(const __gnu_cxx::new_allocator<_Tp>&, const __gnu_cxx::new_allocator<_Tp>&)
/usr/include/c++/4.6/bits/stl_iterator.h:805:5: note: template<class _Iterator, class _Container> bool __gnu_cxx::operator==(const __gnu_cxx::__normal_iterator<_Iterator, _Container>&, const __gnu_cxx::__normal_iterator<_Iterator, _Container>&)
/usr/include/c++/4.6/bits/stl_iterator.h:799:5: note: template<class _IteratorL, class _IteratorR, class _Container> bool __gnu_cxx::operator==(const __gnu_cxx::__normal_iterator<_IteratorL, _Container>&, const __gnu_cxx::__normal_iterator<_IteratorR, _Container>&)
make: *** [src/SWC.o] Error 1

**** Build Finished ****

**** Build of configuration Debug for project SWC ****

make all 
Building file: ../src/SWC.cpp
Invoking: GCC C++ Compiler
g++ -O0 -g3 -Wall -c -fmessage-length=0 -MMD -MP -MF"src/SWC.d" -MT"src/SWC.d" -o "src/SWC.o" "../src/SWC.cpp"
Finished building: ../src/SWC.cpp
 
Building target: SWC
Invoking: GCC C++ Linker
g++  -o "SWC"  ./src/SWC.o   
Finished building target: SWC
 

**** Build Finished ****

**** Build of configuration Debug for project SWC ****

make all 
Building file: ../src/SWC.cpp
Invoking: GCC C++ Compiler
g++ -O0 -g3 -Wall -c -fmessage-length=0 -MMD -MP -MF"src/SWC.d" -MT"src/SWC.d" -o "src/SWC.o" "../src/SWC.cpp"
../src/SWC.cpp: In function ‘int main(int, char**)’:
../src/SWC.cpp:27:45: error: invalid conversion from ‘const char*’ to ‘long unsigned int’ [-fpermissive]
/usr/include/c++/4.6/bits/basic_string.h:1825:7: error:   initializing argument 2 of ‘std::basic_string<_CharT, _Traits, _Alloc>::size_type std::basic_string<_CharT, _Traits, _Alloc>::find(const _CharT*, std::basic_string<_CharT, _Traits, _Alloc>::size_type) const [with _CharT = char, _Traits = std::char_traits<char>, _Alloc = std::allocator<char>, std::basic_string<_CharT, _Traits, _Alloc>::size_type = long unsigned int]’ [-fpermissive]
make: *** [src/SWC.o] Error 1

**** Build Finished ****

**** Build of configuration Debug for project SWC ****

make all 
Building file: ../src/SWC.cpp
Invoking: GCC C++ Compiler
g++ -O0 -g3 -Wall -c -fmessage-length=0 -MMD -MP -MF"src/SWC.d" -MT"src/SWC.d" -o "src/SWC.o" "../src/SWC.cpp"
Finished building: ../src/SWC.cpp
 
Building target: SWC
Invoking: GCC C++ Linker
g++  -o "SWC"  ./src/SWC.o   
Finished building target: SWC
 

**** Build Finished ****

**** Build of configuration Debug for project SWC ****

make all 
Building file: ../src/SWC.cpp
Invoking: GCC C++ Compiler
g++ -O0 -g3 -Wall -c -fmessage-length=0 -MMD -MP -MF"src/SWC.d" -MT"src/SWC.d" -o "src/SWC.o" "../src/SWC.cpp"
Finished building: ../src/SWC.cpp
 
Building target: SWC
Invoking: GCC C++ Linker
g++  -o "SWC"  ./src/SWC.o   
Finished building target: SWC
 

**** Build Finished ****

**** Build of configuration Debug for project SWC ****

make all 
Building file: ../src/SWC.cpp
Invoking: GCC C++ Compiler
g++ -O0 -g3 -Wall -c -fmessage-length=0 -MMD -MP -MF"src/SWC.d" -MT"src/SWC.d" -o "src/SWC.o" "../src/SWC.cpp"
Finished building: ../src/SWC.cpp
 
Building target: SWC
Invoking: GCC C++ Linker
g++  -o "SWC"  ./src/SWC.o   
Finished building target: SWC
 

**** Build Finished ****

**** Build of configuration Debug for project SWC ****

make all 
Building file: ../src/SWC.cpp
Invoking: GCC C++ Compiler
g++ -O0 -g3 -Wall -c -fmessage-length=0 -MMD -MP -MF"src/SWC.d" -MT"src/SWC.d" -o "src/SWC.o" "../src/SWC.cpp"
Finished building: ../src/SWC.cpp
 
Building target: SWC
Invoking: GCC C++ Linker
g++  -o "SWC"  ./src/SWC.o   
Finished building target: SWC
 

**** Build Finished ****

**** Build of configuration Debug for project SWC ****

make all 
Building file: ../src/SWC.cpp
Invoking: GCC C++ Compiler
g++ -O0 -g3 -Wall -c -fmessage-length=0 -MMD -MP -MF"src/SWC.d" -MT"src/SWC.d" -o "src/SWC.o" "../src/SWC.cpp"
Finished building: ../src/SWC.cpp
 
Building target: SWC
Invoking: GCC C++ Linker
g++  -o "SWC"  ./src/SWC.o   
Finished building target: SWC
 

**** Build Finished ****

**** Build of configuration Debug for project SWC ****

make all 
Building file: ../src/SWC.cpp
Invoking: GCC C++ Compiler
g++ -O0 -g3 -Wall -c -fmessage-length=0 -MMD -MP -MF"src/SWC.d" -MT"src/SWC.d" -o "src/SWC.o" "../src/SWC.cpp"
Finished building: ../src/SWC.cpp
 
Building target: SWC
Invoking: GCC C++ Linker
g++  -o "SWC"  ./src/SWC.o   
Finished building target: SWC
 

**** Build Finished ****

**** Build of configuration Debug for project SWC ****

make all 
make: Nothing to be done for `all'.

**** Build Finished ****

**** Build of configuration Debug for project SWC ****

make all 
Building file: ../src/SWC.cpp
Invoking: GCC C++ Compiler
g++ -O0 -g3 -Wall -c -fmessage-length=0 -MMD -MP -MF"src/SWC.d" -MT"src/SWC.d" -o "src/SWC.o" "../src/SWC.cpp"
../src/SWC.cpp: In function ‘int main(int, char**)’:
../src/SWC.cpp:40:40: error: no matching function for call to ‘std::basic_ifstream<char>::basic_ifstream(std::basic_string<char>)’
../src/SWC.cpp:40:40: note: candidates are:
/usr/include/c++/4.6/fstream:460:7: note: std::basic_ifstream<_CharT, _Traits>::basic_ifstream(const char*, std::ios_base::openmode) [with _CharT = char, _Traits = std::char_traits<char>, std::ios_base::openmode = std::_Ios_Openmode]
/usr/include/c++/4.6/fstream:460:7: note:   no known conversion for argument 1 from ‘std::basic_string<char>’ to ‘const char*’
/usr/include/c++/4.6/fstream:446:7: note: std::basic_ifstream<_CharT, _Traits>::basic_ifstream() [with _CharT = char, _Traits = std::char_traits<char>]
/usr/include/c++/4.6/fstream:446:7: note:   candidate expects 0 arguments, 1 provided
/usr/include/c++/4.6/fstream:420:11: note: std::basic_ifstream<char>::basic_ifstream(const std::basic_ifstream<char>&)
/usr/include/c++/4.6/fstream:420:11: note:   no known conversion for argument 1 from ‘std::basic_string<char>’ to ‘const std::basic_ifstream<char>&’
../src/SWC.cpp:45:26: error: ‘line’ was not declared in this scope
make: *** [src/SWC.o] Error 1

**** Build Finished ****

**** Build of configuration Debug for project SWC ****

make all 
Building file: ../src/SWC.cpp
Invoking: GCC C++ Compiler
g++ -O0 -g3 -Wall -c -fmessage-length=0 -MMD -MP -MF"src/SWC.d" -MT"src/SWC.d" -o "src/SWC.o" "../src/SWC.cpp"
../src/SWC.cpp: In function ‘int main(int, char**)’:
../src/SWC.cpp:45:26: error: ‘line’ was not declared in this scope
make: *** [src/SWC.o] Error 1

**** Build Finished ****

**** Build of configuration Debug for project SWC ****

make all 
Building file: ../src/SWC.cpp
Invoking: GCC C++ Compiler
g++ -O0 -g3 -Wall -c -fmessage-length=0 -MMD -MP -MF"src/SWC.d" -MT"src/SWC.d" -o "src/SWC.o" "../src/SWC.cpp"
Finished building: ../src/SWC.cpp
 
Building target: SWC
Invoking: GCC C++ Linker
g++  -o "SWC"  ./src/SWC.o   
Finished building target: SWC
 

**** Build Finished ****

**** Build of configuration Debug for project SWC ****

make all 
Building file: ../src/SWC.cpp
Invoking: GCC C++ Compiler
g++ -O0 -g3 -Wall -c -fmessage-length=0 -MMD -MP -MF"src/SWC.d" -MT"src/SWC.d" -o "src/SWC.o" "../src/SWC.cpp"
Finished building: ../src/SWC.cpp
 
Building target: SWC
Invoking: GCC C++ Linker
g++  -o "SWC"  ./src/SWC.o   
Finished building target: SWC
 

**** Build Finished ****

**** Build of configuration Debug for project SWC ****

make all 
Building file: ../src/SWC.cpp
Invoking: GCC C++ Compiler
g++ -O0 -g3 -Wall -c -fmessage-length=0 -MMD -MP -MF"src/SWC.d" -MT"src/SWC.d" -o "src/SWC.o" "../src/SWC.cpp"
Finished building: ../src/SWC.cpp
 
Building target: SWC
Invoking: GCC C++ Linker
g++  -o "SWC"  ./src/SWC.o   
Finished building target: SWC
 

**** Build Finished ****

**** Build of configuration Debug for project SWC ****

make all 
Building file: ../src/SWC.cpp
Invoking: GCC C++ Compiler
g++ -O0 -g3 -Wall -c -fmessage-length=0 -MMD -MP -MF"src/SWC.d" -MT"src/SWC.d" -o "src/SWC.o" "../src/SWC.cpp"
Finished building: ../src/SWC.cpp
 
Building target: SWC
Invoking: GCC C++ Linker
g++  -o "SWC"  ./src/SWC.o   
Finished building target: SWC
 

**** Build Finished ****

**** Build of configuration Debug for project SWC ****

make all 
make: Nothing to be done for `all'.

**** Build Finished ****

**** Build of configuration Debug for project SWC ****

make all 
Building file: ../src/SWC.cpp
Invoking: GCC C++ Compiler
g++ -O0 -g3 -Wall -c -fmessage-length=0 -MMD -MP -MF"src/SWC.d" -MT"src/SWC.d" -o "src/SWC.o" "../src/SWC.cpp"
../src/SWC.cpp: In function ‘int main(int, char**)’:
../src/SWC.cpp:42:33: error: no matching function for call to ‘std::basic_ifstream<char>::basic_ifstream(std::string&)’
../src/SWC.cpp:42:33: note: candidates are:
/usr/include/c++/4.6/fstream:460:7: note: std::basic_ifstream<_CharT, _Traits>::basic_ifstream(const char*, std::ios_base::openmode) [with _CharT = char, _Traits = std::char_traits<char>, std::ios_base::openmode = std::_Ios_Openmode]
/usr/include/c++/4.6/fstream:460:7: note:   no known conversion for argument 1 from ‘std::string {aka std::basic_string<char>}’ to ‘const char*’
/usr/include/c++/4.6/fstream:446:7: note: std::basic_ifstream<_CharT, _Traits>::basic_ifstream() [with _CharT = char, _Traits = std::char_traits<char>]
/usr/include/c++/4.6/fstream:446:7: note:   candidate expects 0 arguments, 1 provided
/usr/include/c++/4.6/fstream:420:11: note: std::basic_ifstream<char>::basic_ifstream(const std::basic_ifstream<char>&)
/usr/include/c++/4.6/fstream:420:11: note:   no known conversion for argument 1 from ‘std::string {aka std::basic_string<char>}’ to ‘const std::basic_ifstream<char>&’
make: *** [src/SWC.o] Error 1

**** Build Finished ****

**** Build of configuration Debug for project SWC ****

make all 
Building file: ../src/SWC.cpp
Invoking: GCC C++ Compiler
g++ -O0 -g3 -Wall -c -fmessage-length=0 -MMD -MP -MF"src/SWC.d" -MT"src/SWC.d" -o "src/SWC.o" "../src/SWC.cpp"
../src/SWC.cpp: In function ‘int main(int, char**)’:
../src/SWC.cpp:40:37: error: invalid conversion from ‘const char*’ to ‘char’ [-fpermissive]
../src/SWC.cpp:44:19: error: request for member ‘is_open’ in ‘read’, which is of non-class type ‘std::ifstream(char) {aka std::basic_ifstream<char>(char)}’
../src/SWC.cpp:46:25: error: request for member ‘eof’ in ‘read’, which is of non-class type ‘std::ifstream(char) {aka std::basic_ifstream<char>(char)}’
../src/SWC.cpp:49:30: error: no matching function for call to ‘getline(std::ifstream (&)(char), std::string&)’
../src/SWC.cpp:49:30: note: candidates are:
/usr/include/stdio.h:671:20: note: __ssize_t getline(char**, size_t*, FILE*)
/usr/include/stdio.h:671:20: note:   candidate expects 3 arguments, 2 provided
/usr/include/c++/4.6/bits/basic_string.h:2734:5: note: template<class _CharT, class _Traits, class _Alloc> std::basic_istream<_CharT, _Traits>& std::getline(std::basic_istream<_CharT, _Traits>&, std::basic_string<_CharT, _Traits, _Alloc>&)
/usr/include/c++/4.6/bits/basic_string.tcc:1070:5: note: template<class _CharT, class _Traits, class _Alloc> std::basic_istream<_CharT, _Traits>& std::getline(std::basic_istream<_CharT, _Traits>&, std::basic_string<_CharT, _Traits, _Alloc>&, _CharT)
../src/SWC.cpp:52:16: error: request for member ‘close’ in ‘read’, which is of non-class type ‘std::ifstream(char) {aka std::basic_ifstream<char>(char)}’
../src/SWC.cpp:55:19: warning: the address of ‘std::ifstream read(char)’ will always evaluate as ‘true’ [-Waddress]
make: *** [src/SWC.o] Error 1

**** Build Finished ****

**** Build of configuration Debug for project SWC ****

make all 
Building file: ../src/SWC.cpp
Invoking: GCC C++ Compiler
g++ -O0 -g3 -Wall -c -fmessage-length=0 -MMD -MP -MF"src/SWC.d" -MT"src/SWC.d" -o "src/SWC.o" "../src/SWC.cpp"
../src/SWC.cpp: In function ‘int main(int, char**)’:
../src/SWC.cpp:40:37: error: invalid conversion from ‘const char*’ to ‘char’ [-fpermissive]
../src/SWC.cpp:42:33: error: invalid conversion from ‘char’ to ‘const char*’ [-fpermissive]
/usr/include/c++/4.6/fstream:460:7: error:   initializing argument 1 of ‘std::basic_ifstream<_CharT, _Traits>::basic_ifstream(const char*, std::ios_base::openmode) [with _CharT = char, _Traits = std::char_traits<char>, std::ios_base::openmode = std::_Ios_Openmode]’ [-fpermissive]
make: *** [src/SWC.o] Error 1

**** Build Finished ****

**** Build of configuration Debug for project SWC ****

make all 
Building file: ../src/SWC.cpp
Invoking: GCC C++ Compiler
g++ -O0 -g3 -Wall -c -fmessage-length=0 -MMD -MP -MF"src/SWC.d" -MT"src/SWC.d" -o "src/SWC.o" "../src/SWC.cpp"
../src/SWC.cpp: In function ‘int main(int, char**)’:
../src/SWC.cpp:40:43: error: invalid conversion from ‘const char*’ to ‘char’ [-fpermissive]
../src/SWC.cpp:42:33: error: invalid conversion from ‘char’ to ‘const char*’ [-fpermissive]
/usr/include/c++/4.6/fstream:460:7: error:   initializing argument 1 of ‘std::basic_ifstream<_CharT, _Traits>::basic_ifstream(const char*, std::ios_base::openmode) [with _CharT = char, _Traits = std::char_traits<char>, std::ios_base::openmode = std::_Ios_Openmode]’ [-fpermissive]
make: *** [src/SWC.o] Error 1

**** Build Finished ****

**** Build of configuration Debug for project SWC ****

make all 
Building file: ../src/SWC.cpp
Invoking: GCC C++ Compiler
g++ -O0 -g3 -Wall -c -fmessage-length=0 -MMD -MP -MF"src/SWC.d" -MT"src/SWC.d" -o "src/SWC.o" "../src/SWC.cpp"
Finished building: ../src/SWC.cpp
 
Building target: SWC
Invoking: GCC C++ Linker
g++  -o "SWC"  ./src/SWC.o   
Finished building target: SWC
 

**** Build Finished ****

**** Build of configuration Debug for project SWC ****

make all 
Building file: ../src/SWC.cpp
Invoking: GCC C++ Compiler
g++ -O0 -g3 -Wall -c -fmessage-length=0 -MMD -MP -MF"src/SWC.d" -MT"src/SWC.d" -o "src/SWC.o" "../src/SWC.cpp"
Finished building: ../src/SWC.cpp
 
Building target: SWC
Invoking: GCC C++ Linker
g++  -o "SWC"  ./src/SWC.o   
Finished building target: SWC
 

**** Build Finished ****

**** Build of configuration Debug for project SWC ****

make all 
Building file: ../src/SWC.cpp
Invoking: GCC C++ Compiler
g++ -O0 -g3 -Wall -c -fmessage-length=0 -MMD -MP -MF"src/SWC.d" -MT"src/SWC.d" -o "src/SWC.o" "../src/SWC.cpp"
Finished building: ../src/SWC.cpp
 
Building target: SWC
Invoking: GCC C++ Linker
g++  -o "SWC"  ./src/SWC.o   
Finished building target: SWC
 

**** Build Finished ****

**** Build of configuration Debug for project SWC ****

make all 
Building file: ../src/SWC.cpp
Invoking: GCC C++ Compiler
g++ -O0 -g3 -Wall -c -fmessage-length=0 -MMD -MP -MF"src/SWC.d" -MT"src/SWC.d" -o "src/SWC.o" "../src/SWC.cpp"
Finished building: ../src/SWC.cpp
 
Building target: SWC
Invoking: GCC C++ Linker
g++  -o "SWC"  ./src/SWC.o   
Finished building target: SWC
 

**** Build Finished ****

**** Build of configuration Debug for project SWC ****

make all 
make: Nothing to be done for `all'.

**** Build Finished ****

**** Build of configuration Debug for project SWC ****

make all 
Building file: ../src/SWC.cpp
Invoking: GCC C++ Compiler
g++ -O0 -g3 -Wall -c -fmessage-length=0 -MMD -MP -MF"src/SWC.d" -MT"src/SWC.d" -o "src/SWC.o" "../src/SWC.cpp"
Finished building: ../src/SWC.cpp
 
Building target: SWC
Invoking: GCC C++ Linker
g++  -o "SWC"  ./src/SWC.o   
Finished building target: SWC
 

**** Build Finished ****

**** Build of configuration Debug for project SWC ****

make all 
Building file: ../src/SWC.cpp
Invoking: GCC C++ Compiler
g++ -O0 -g3 -Wall -c -fmessage-length=0 -MMD -MP -MF"src/SWC.d" -MT"src/SWC.d" -o "src/SWC.o" "../src/SWC.cpp"
Finished building: ../src/SWC.cpp
 
Building target: SWC
Invoking: GCC C++ Linker
g++  -o "SWC"  ./src/SWC.o   
Finished building target: SWC
 

**** Build Finished ****

**** Build of configuration Debug for project SWC ****

make all 
Building file: ../src/SWC.cpp
Invoking: GCC C++ Compiler
g++ -O0 -g3 -Wall -c -fmessage-length=0 -MMD -MP -MF"src/SWC.d" -MT"src/SWC.d" -o "src/SWC.o" "../src/SWC.cpp"
Finished building: ../src/SWC.cpp
 
Building target: SWC
Invoking: GCC C++ Linker
g++  -o "SWC"  ./src/SWC.o   
Finished building target: SWC
 

**** Build Finished ****

**** Build of configuration Debug for project SWC ****

make all 
Building file: ../src/SWC.cpp
Invoking: GCC C++ Compiler
g++ -O0 -g3 -Wall -c -fmessage-length=0 -MMD -MP -MF"src/SWC.d" -MT"src/SWC.d" -o "src/SWC.o" "../src/SWC.cpp"
../src/SWC.cpp: In function ‘int main(int, char**)’:
../src/SWC.cpp:42:14: error: ‘vector’ was not declared in this scope
../src/SWC.cpp:42:27: error: expected primary-expression before ‘>’ token
../src/SWC.cpp:42:29: error: ‘logs’ was not declared in this scope
../src/SWC.cpp:46:46: error: no matching function for call to ‘std::basic_ifstream<char>::basic_ifstream(std::basic_string<char>)’
../src/SWC.cpp:46:46: note: candidates are:
/usr/include/c++/4.6/fstream:460:7: note: std::basic_ifstream<_CharT, _Traits>::basic_ifstream(const char*, std::ios_base::openmode) [with _CharT = char, _Traits = std::char_traits<char>, std::ios_base::openmode = std::_Ios_Openmode]
/usr/include/c++/4.6/fstream:460:7: note:   no known conversion for argument 1 from ‘std::basic_string<char>’ to ‘const char*’
/usr/include/c++/4.6/fstream:446:7: note: std::basic_ifstream<_CharT, _Traits>::basic_ifstream() [with _CharT = char, _Traits = std::char_traits<char>]
/usr/include/c++/4.6/fstream:446:7: note:   candidate expects 0 arguments, 1 provided
/usr/include/c++/4.6/fstream:420:11: note: std::basic_ifstream<char>::basic_ifstream(const std::basic_ifstream<char>&)
/usr/include/c++/4.6/fstream:420:11: note:   no known conversion for argument 1 from ‘std::basic_string<char>’ to ‘const std::basic_ifstream<char>&’
make: *** [src/SWC.o] Error 1

**** Build Finished ****

**** Build of configuration Debug for project SWC ****

make all 
Building file: ../src/SWC.cpp
Invoking: GCC C++ Compiler
g++ -O0 -g3 -Wall -c -fmessage-length=0 -MMD -MP -MF"src/SWC.d" -MT"src/SWC.d" -o "src/SWC.o" "../src/SWC.cpp"
../src/SWC.cpp: In function ‘int main(int, char**)’:
../src/SWC.cpp:47:46: error: no matching function for call to ‘std::basic_ifstream<char>::basic_ifstream(std::basic_string<char>)’
../src/SWC.cpp:47:46: note: candidates are:
/usr/include/c++/4.6/fstream:460:7: note: std::basic_ifstream<_CharT, _Traits>::basic_ifstream(const char*, std::ios_base::openmode) [with _CharT = char, _Traits = std::char_traits<char>, std::ios_base::openmode = std::_Ios_Openmode]
/usr/include/c++/4.6/fstream:460:7: note:   no known conversion for argument 1 from ‘std::basic_string<char>’ to ‘const char*’
/usr/include/c++/4.6/fstream:446:7: note: std::basic_ifstream<_CharT, _Traits>::basic_ifstream() [with _CharT = char, _Traits = std::char_traits<char>]
/usr/include/c++/4.6/fstream:446:7: note:   candidate expects 0 arguments, 1 provided
/usr/include/c++/4.6/fstream:420:11: note: std::basic_ifstream<char>::basic_ifstream(const std::basic_ifstream<char>&)
/usr/include/c++/4.6/fstream:420:11: note:   no known conversion for argument 1 from ‘std::basic_string<char>’ to ‘const std::basic_ifstream<char>&’
make: *** [src/SWC.o] Error 1

**** Build Finished ****

**** Build of configuration Debug for project SWC ****

make all 
Building file: ../src/SWC.cpp
Invoking: GCC C++ Compiler
g++ -O0 -g3 -Wall -c -fmessage-length=0 -MMD -MP -MF"src/SWC.d" -MT"src/SWC.d" -o "src/SWC.o" "../src/SWC.cpp"
../src/SWC.cpp: In function ‘int main(int, char**)’:
../src/SWC.cpp:47:35: error: no matching function for call to ‘std::basic_ifstream<char>::basic_ifstream(std::string&)’
../src/SWC.cpp:47:35: note: candidates are:
/usr/include/c++/4.6/fstream:460:7: note: std::basic_ifstream<_CharT, _Traits>::basic_ifstream(const char*, std::ios_base::openmode) [with _CharT = char, _Traits = std::char_traits<char>, std::ios_base::openmode = std::_Ios_Openmode]
/usr/include/c++/4.6/fstream:460:7: note:   no known conversion for argument 1 from ‘std::string {aka std::basic_string<char>}’ to ‘const char*’
/usr/include/c++/4.6/fstream:446:7: note: std::basic_ifstream<_CharT, _Traits>::basic_ifstream() [with _CharT = char, _Traits = std::char_traits<char>]
/usr/include/c++/4.6/fstream:446:7: note:   candidate expects 0 arguments, 1 provided
/usr/include/c++/4.6/fstream:420:11: note: std::basic_ifstream<char>::basic_ifstream(const std::basic_ifstream<char>&)
/usr/include/c++/4.6/fstream:420:11: note:   no known conversion for argument 1 from ‘std::string {aka std::basic_string<char>}’ to ‘const std::basic_ifstream<char>&’
make: *** [src/SWC.o] Error 1

**** Build Finished ****

**** Build of configuration Debug for project SWC ****

make all 
Building file: ../src/SWC.cpp
Invoking: GCC C++ Compiler
g++ -O0 -g3 -Wall -c -fmessage-length=0 -MMD -MP -MF"src/SWC.d" -MT"src/SWC.d" -o "src/SWC.o" "../src/SWC.cpp"
Finished building: ../src/SWC.cpp
 
Building target: SWC
Invoking: GCC C++ Linker
g++  -o "SWC"  ./src/SWC.o   
Finished building target: SWC
 

**** Build Finished ****

**** Build of configuration Debug for project SWC ****

make all 
Building file: ../src/SWC.cpp
Invoking: GCC C++ Compiler
g++ -O0 -g3 -Wall -c -fmessage-length=0 -MMD -MP -MF"src/SWC.d" -MT"src/SWC.d" -o "src/SWC.o" "../src/SWC.cpp"
Finished building: ../src/SWC.cpp
 
Building target: SWC
Invoking: GCC C++ Linker
g++  -o "SWC"  ./src/SWC.o   
Finished building target: SWC
 

**** Build Finished ****

**** Build of configuration Debug for project SWC ****

make all 
Building file: ../src/SWC.cpp
Invoking: GCC C++ Compiler
g++ -O0 -g3 -Wall -c -fmessage-length=0 -MMD -MP -MF"src/SWC.d" -MT"src/SWC.d" -o "src/SWC.o" "../src/SWC.cpp"
Finished building: ../src/SWC.cpp
 
Building target: SWC
Invoking: GCC C++ Linker
g++  -o "SWC"  ./src/SWC.o   
Finished building target: SWC
 

**** Build Finished ****

**** Build of configuration Debug for project SWC ****

make all 
Building file: ../src/SWC.cpp
Invoking: GCC C++ Compiler
g++ -O0 -g3 -Wall -c -fmessage-length=0 -MMD -MP -MF"src/SWC.d" -MT"src/SWC.d" -o "src/SWC.o" "../src/SWC.cpp"
../src/SWC.cpp: In function ‘int main(int, char**)’:
../src/SWC.cpp:44:35: error: no matching function for call to ‘std::basic_ifstream<char>::basic_ifstream(std::string&)’
../src/SWC.cpp:44:35: note: candidates are:
/usr/include/c++/4.6/fstream:460:7: note: std::basic_ifstream<_CharT, _Traits>::basic_ifstream(const char*, std::ios_base::openmode) [with _CharT = char, _Traits = std::char_traits<char>, std::ios_base::openmode = std::_Ios_Openmode]
/usr/include/c++/4.6/fstream:460:7: note:   no known conversion for argument 1 from ‘std::string {aka std::basic_string<char>}’ to ‘const char*’
/usr/include/c++/4.6/fstream:446:7: note: std::basic_ifstream<_CharT, _Traits>::basic_ifstream() [with _CharT = char, _Traits = std::char_traits<char>]
/usr/include/c++/4.6/fstream:446:7: note:   candidate expects 0 arguments, 1 provided
/usr/include/c++/4.6/fstream:420:11: note: std::basic_ifstream<char>::basic_ifstream(const std::basic_ifstream<char>&)
/usr/include/c++/4.6/fstream:420:11: note:   no known conversion for argument 1 from ‘std::string {aka std::basic_string<char>}’ to ‘const std::basic_ifstream<char>&’
make: *** [src/SWC.o] Error 1

**** Build Finished ****

**** Build of configuration Debug for project SWC ****

make all 
Building file: ../src/SWC.cpp
Invoking: GCC C++ Compiler
g++ -O0 -g3 -Wall -c -fmessage-length=0 -MMD -MP -MF"src/SWC.d" -MT"src/SWC.d" -o "src/SWC.o" "../src/SWC.cpp"
../src/SWC.cpp: In function ‘int main(int, char**)’:
../src/SWC.cpp:44:35: error: no matching function for call to ‘std::basic_ifstream<char>::basic_ifstream(std::string&)’
../src/SWC.cpp:44:35: note: candidates are:
/usr/include/c++/4.6/fstream:460:7: note: std::basic_ifstream<_CharT, _Traits>::basic_ifstream(const char*, std::ios_base::openmode) [with _CharT = char, _Traits = std::char_traits<char>, std::ios_base::openmode = std::_Ios_Openmode]
/usr/include/c++/4.6/fstream:460:7: note:   no known conversion for argument 1 from ‘std::string {aka std::basic_string<char>}’ to ‘const char*’
/usr/include/c++/4.6/fstream:446:7: note: std::basic_ifstream<_CharT, _Traits>::basic_ifstream() [with _CharT = char, _Traits = std::char_traits<char>]
/usr/include/c++/4.6/fstream:446:7: note:   candidate expects 0 arguments, 1 provided
/usr/include/c++/4.6/fstream:420:11: note: std::basic_ifstream<char>::basic_ifstream(const std::basic_ifstream<char>&)
/usr/include/c++/4.6/fstream:420:11: note:   no known conversion for argument 1 from ‘std::string {aka std::basic_string<char>}’ to ‘const std::basic_ifstream<char>&’
make: *** [src/SWC.o] Error 1

**** Build Finished ****

**** Build of configuration Debug for project SWC ****

make all 
Building file: ../src/SWC.cpp
Invoking: GCC C++ Compiler
g++ -O0 -g3 -Wall -c -fmessage-length=0 -MMD -MP -MF"src/SWC.d" -MT"src/SWC.d" -o "src/SWC.o" "../src/SWC.cpp"
Finished building: ../src/SWC.cpp
 
Building target: SWC
Invoking: GCC C++ Linker
g++  -o "SWC"  ./src/SWC.o   
Finished building target: SWC
 

**** Build Finished ****

**** Build of configuration Debug for project SWC ****

make all 
Building file: ../src/SWC.cpp
Invoking: GCC C++ Compiler
g++ -O0 -g3 -Wall -c -fmessage-length=0 -MMD -MP -MF"src/SWC.d" -MT"src/SWC.d" -o "src/SWC.o" "../src/SWC.cpp"
../src/SWC.cpp: In function ‘int main(int, char**)’:
../src/SWC.cpp:38:32: error: cannot convert ‘std::basic_string<char>’ to ‘char’ in initialization
../src/SWC.cpp:38:14: warning: unused variable ‘path’ [-Wunused-variable]
make: *** [src/SWC.o] Error 1

**** Build Finished ****

**** Build of configuration Debug for project SWC ****

make all 
Building file: ../src/SWC.cpp
Invoking: GCC C++ Compiler
g++ -O0 -g3 -Wall -c -fmessage-length=0 -MMD -MP -MF"src/SWC.d" -MT"src/SWC.d" -o "src/SWC.o" "../src/SWC.cpp"
../src/SWC.cpp: In function ‘int main(int, char**)’:
../src/SWC.cpp:38:32: error: cannot convert ‘std::basic_string<char>’ to ‘char’ in initialization
../src/SWC.cpp:44:35: error: invalid conversion from ‘char’ to ‘const char*’ [-fpermissive]
/usr/include/c++/4.6/fstream:460:7: error:   initializing argument 1 of ‘std::basic_ifstream<_CharT, _Traits>::basic_ifstream(const char*, std::ios_base::openmode) [with _CharT = char, _Traits = std::char_traits<char>, std::ios_base::openmode = std::_Ios_Openmode]’ [-fpermissive]
make: *** [src/SWC.o] Error 1

**** Build Finished ****

**** Build of configuration Debug for project SWC ****

make all 
Building file: ../src/SWC.cpp
Invoking: GCC C++ Compiler
g++ -O0 -g3 -Wall -c -fmessage-length=0 -MMD -MP -MF"src/SWC.d" -MT"src/SWC.d" -o "src/SWC.o" "../src/SWC.cpp"
Finished building: ../src/SWC.cpp
 
Building target: SWC
Invoking: GCC C++ Linker
g++  -o "SWC"  ./src/SWC.o   
Finished building target: SWC
 

**** Build Finished ****

**** Build of configuration Debug for project SWC ****

make all 
Building file: ../src/SWC.cpp
Invoking: GCC C++ Compiler
g++ -O0 -g3 -Wall -c -fmessage-length=0 -MMD -MP -MF"src/SWC.d" -MT"src/SWC.d" -o "src/SWC.o" "../src/SWC.cpp"
Finished building: ../src/SWC.cpp
 
Building target: SWC
Invoking: GCC C++ Linker
g++  -o "SWC"  ./src/SWC.o   
Finished building target: SWC
 

**** Build Finished ****

**** Build of configuration Debug for project SWC ****

make all 
Building file: ../src/SWC.cpp
Invoking: GCC C++ Compiler
g++ -O0 -g3 -Wall -c -fmessage-length=0 -MMD -MP -MF"src/SWC.d" -MT"src/SWC.d" -o "src/SWC.o" "../src/SWC.cpp"
../src/SWC.cpp: In function ‘int main(int, char**)’:
../src/SWC.cpp:48:35: error: no matching function for call to ‘std::basic_ifstream<char>::basic_ifstream(std::string&)’
../src/SWC.cpp:48:35: note: candidates are:
/usr/include/c++/4.6/fstream:460:7: note: std::basic_ifstream<_CharT, _Traits>::basic_ifstream(const char*, std::ios_base::openmode) [with _CharT = char, _Traits = std::char_traits<char>, std::ios_base::openmode = std::_Ios_Openmode]
/usr/include/c++/4.6/fstream:460:7: note:   no known conversion for argument 1 from ‘std::string {aka std::basic_string<char>}’ to ‘const char*’
/usr/include/c++/4.6/fstream:446:7: note: std::basic_ifstream<_CharT, _Traits>::basic_ifstream() [with _CharT = char, _Traits = std::char_traits<char>]
/usr/include/c++/4.6/fstream:446:7: note:   candidate expects 0 arguments, 1 provided
/usr/include/c++/4.6/fstream:420:11: note: std::basic_ifstream<char>::basic_ifstream(const std::basic_ifstream<char>&)
/usr/include/c++/4.6/fstream:420:11: note:   no known conversion for argument 1 from ‘std::string {aka std::basic_string<char>}’ to ‘const std::basic_ifstream<char>&’
make: *** [src/SWC.o] Error 1

**** Build Finished ****

**** Build of configuration Debug for project SWC ****

make all 
Building file: ../src/SWC.cpp
Invoking: GCC C++ Compiler
g++ -O0 -g3 -Wall -c -fmessage-length=0 -MMD -MP -MF"src/SWC.d" -MT"src/SWC.d" -o "src/SWC.o" "../src/SWC.cpp"
../src/SWC.cpp: In function ‘int main(int, char**)’:
../src/SWC.cpp:49:35: error: no matching function for call to ‘std::basic_ifstream<char>::basic_ifstream(std::string&)’
../src/SWC.cpp:49:35: note: candidates are:
/usr/include/c++/4.6/fstream:460:7: note: std::basic_ifstream<_CharT, _Traits>::basic_ifstream(const char*, std::ios_base::openmode) [with _CharT = char, _Traits = std::char_traits<char>, std::ios_base::openmode = std::_Ios_Openmode]
/usr/include/c++/4.6/fstream:460:7: note:   no known conversion for argument 1 from ‘std::string {aka std::basic_string<char>}’ to ‘const char*’
/usr/include/c++/4.6/fstream:446:7: note: std::basic_ifstream<_CharT, _Traits>::basic_ifstream() [with _CharT = char, _Traits = std::char_traits<char>]
/usr/include/c++/4.6/fstream:446:7: note:   candidate expects 0 arguments, 1 provided
/usr/include/c++/4.6/fstream:420:11: note: std::basic_ifstream<char>::basic_ifstream(const std::basic_ifstream<char>&)
/usr/include/c++/4.6/fstream:420:11: note:   no known conversion for argument 1 from ‘std::string {aka std::basic_string<char>}’ to ‘const std::basic_ifstream<char>&’
make: *** [src/SWC.o] Error 1

**** Build Finished ****

**** Build of configuration Debug for project SWC ****

make all 
Building file: ../src/SWC.cpp
Invoking: GCC C++ Compiler
g++ -O0 -g3 -Wall -c -fmessage-length=0 -MMD -MP -MF"src/SWC.d" -MT"src/SWC.d" -o "src/SWC.o" "../src/SWC.cpp"
Finished building: ../src/SWC.cpp
 
Building target: SWC
Invoking: GCC C++ Linker
g++  -o "SWC"  ./src/SWC.o   
Finished building target: SWC
 

**** Build Finished ****

**** Build of configuration Debug for project SWC ****

make all 
Building file: ../src/HTTP.cpp
Invoking: GCC C++ Compiler
g++ -O0 -g3 -Wall -c -fmessage-length=0 -MMD -MP -MF"src/HTTP.d" -MT"src/HTTP.d" -o "src/HTTP.o" "../src/HTTP.cpp"
In file included from ../src/HTTP.cpp:8:0:
../src/HTTP.h:15:19: error: ‘string’ has not been declared
../src/HTTP.h:15:31: error: ‘string’ has not been declared
../src/HTTP.cpp:19:19: error: variable or field ‘downloadUrl’ declared void
../src/HTTP.cpp:19:19: error: ‘string’ was not declared in this scope
../src/HTTP.cpp:19:31: error: ‘string’ was not declared in this scope
make: *** [src/HTTP.o] Error 1

**** Build Finished ****

**** Build of configuration Debug for project SWC ****

make all 
Building file: ../src/HTTP.cpp
Invoking: GCC C++ Compiler
g++ -O0 -g3 -Wall -c -fmessage-length=0 -MMD -MP -MF"src/HTTP.d" -MT"src/HTTP.d" -o "src/HTTP.o" "../src/HTTP.cpp"
Finished building: ../src/HTTP.cpp
 
Building file: ../src/SWC.cpp
Invoking: GCC C++ Compiler
g++ -O0 -g3 -Wall -c -fmessage-length=0 -MMD -MP -MF"src/SWC.d" -MT"src/SWC.d" -o "src/SWC.o" "../src/SWC.cpp"
Finished building: ../src/SWC.cpp
 
Building target: SWC
Invoking: GCC C++ Linker
g++  -o "SWC"  ./src/HTTP.o ./src/SWC.o   
./src/SWC.o: In function `main':
/home/michael/Semantic-Web-Crawler/SWC/Debug/../src/SWC.cpp:43: undefined reference to `downloadUrl(std::basic_string<char, std::char_traits<char>, std::allocator<char> >, std::basic_string<char, std::char_traits<char>, std::allocator<char> >)'
collect2: ld returned 1 exit status
make: *** [SWC] Error 1

**** Build Finished ****

**** Build of configuration Debug for project SWC ****

make all 
Building file: ../src/SWC.cpp
Invoking: GCC C++ Compiler
g++ -O0 -g3 -Wall -c -fmessage-length=0 -MMD -MP -MF"src/SWC.d" -MT"src/SWC.d" -o "src/SWC.o" "../src/SWC.cpp"
Finished building: ../src/SWC.cpp
 
Building target: SWC
Invoking: GCC C++ Linker
g++  -o "SWC"  ./src/HTTP.o ./src/SWC.o   
Finished building target: SWC
 

**** Build Finished ****

**** Build of configuration Debug for project SWC ****

make all 
Building file: ../src/SWC.cpp
Invoking: GCC C++ Compiler
g++ -O0 -g3 -Wall -c -fmessage-length=0 -MMD -MP -MF"src/SWC.d" -MT"src/SWC.d" -o "src/SWC.o" "../src/SWC.cpp"
../src/SWC.cpp: In function ‘int main(int, char**)’:
../src/SWC.cpp:44:73: error: no matching function for call to ‘std::basic_ofstream<char>::open(std::basic_string<char>, std::_Ios_Openmode)’
../src/SWC.cpp:44:73: note: candidate is:
/usr/include/c++/4.6/fstream:702:7: note: void std::basic_ofstream<_CharT, _Traits>::open(const char*, std::ios_base::openmode) [with _CharT = char, _Traits = std::char_traits<char>, std::ios_base::openmode = std::_Ios_Openmode]
/usr/include/c++/4.6/fstream:702:7: note:   no known conversion for argument 1 from ‘std::basic_string<char>’ to ‘const char*’
make: *** [src/SWC.o] Error 1

**** Build Finished ****

**** Build of configuration Debug for project SWC ****

make all 
Building file: ../src/SWC.cpp
Invoking: GCC C++ Compiler
g++ -O0 -g3 -Wall -c -fmessage-length=0 -MMD -MP -MF"src/SWC.d" -MT"src/SWC.d" -o "src/SWC.o" "../src/SWC.cpp"
../src/SWC.cpp: In function ‘int main(int, char**)’:
../src/SWC.cpp:44:67: error: invalid conversion from ‘long int’ to ‘const char*’ [-fpermissive]
/usr/include/c++/4.6/fstream:702:7: error:   initializing argument 1 of ‘void std::basic_ofstream<_CharT, _Traits>::open(const char*, std::ios_base::openmode) [with _CharT = char, _Traits = std::char_traits<char>, std::ios_base::openmode = std::_Ios_Openmode]’ [-fpermissive]
make: *** [src/SWC.o] Error 1

**** Build Finished ****

**** Build of configuration Debug for project SWC ****

make all 
Building file: ../src/SWC.cpp
Invoking: GCC C++ Compiler
g++ -O0 -g3 -Wall -c -fmessage-length=0 -MMD -MP -MF"src/SWC.d" -MT"src/SWC.d" -o "src/SWC.o" "../src/SWC.cpp"
Finished building: ../src/SWC.cpp
 
Building target: SWC
Invoking: GCC C++ Linker
g++  -o "SWC"  ./src/HTTP.o ./src/SWC.o   
Finished building target: SWC
 

**** Build Finished ****

**** Build of configuration Debug for project SWC ****

make all 
Building file: ../src/SWC.cpp
Invoking: GCC C++ Compiler
g++ -O0 -g3 -Wall -c -fmessage-length=0 -MMD -MP -MF"src/SWC.d" -MT"src/SWC.d" -o "src/SWC.o" "../src/SWC.cpp"
Finished building: ../src/SWC.cpp
 
Building target: SWC
Invoking: GCC C++ Linker
g++  -o "SWC"  ./src/HTTP.o ./src/SWC.o   
Finished building target: SWC
 

**** Build Finished ****

**** Build of configuration Debug for project SWC ****

make all 
Building file: ../src/SWC.cpp
Invoking: GCC C++ Compiler
g++ -O0 -g3 -Wall -c -fmessage-length=0 -MMD -MP -MF"src/SWC.d" -MT"src/SWC.d" -o "src/SWC.o" "../src/SWC.cpp"
Finished building: ../src/SWC.cpp
 
Building target: SWC
Invoking: GCC C++ Linker
g++  -o "SWC"  ./src/HTTP.o ./src/SWC.o   
Finished building target: SWC
 

**** Build Finished ****

**** Build of configuration Debug for project SWC ****

make all 
make: Nothing to be done for `all'.

**** Build Finished ****

**** Build of configuration Debug for project SWC ****

make all 
Building file: ../src/SWC.cpp
Invoking: GCC C++ Compiler
g++ -O0 -g3 -Wall -c -fmessage-length=0 -MMD -MP -MF"src/SWC.d" -MT"src/SWC.d" -o "src/SWC.o" "../src/SWC.cpp"
Finished building: ../src/SWC.cpp
 
Building target: SWC
Invoking: GCC C++ Linker
g++  -o "SWC"  ./src/HTTP.o ./src/SWC.o   
Finished building target: SWC
 

**** Build Finished ****

**** Build of configuration Debug for project SWC ****

make all 
Building file: ../src/SWC.cpp
Invoking: GCC C++ Compiler
g++ -O0 -g3 -Wall -c -fmessage-length=0 -MMD -MP -MF"src/SWC.d" -MT"src/SWC.d" -o "src/SWC.o" "../src/SWC.cpp"
Finished building: ../src/SWC.cpp
 
Building target: SWC
Invoking: GCC C++ Linker
g++  -o "SWC"  ./src/HTTP.o ./src/SWC.o   
Finished building target: SWC
 

**** Build Finished ****

**** Build of configuration Debug for project SWC ****

make all 
Building file: ../src/SWC.cpp
Invoking: GCC C++ Compiler
g++ -O0 -g3 -Wall -c -fmessage-length=0 -MMD -MP -MF"src/SWC.d" -MT"src/SWC.d" -o "src/SWC.o" "../src/SWC.cpp"
Finished building: ../src/SWC.cpp
 
Building target: SWC
Invoking: GCC C++ Linker
g++  -o "SWC"  ./src/HTTP.o ./src/SWC.o   
Finished building target: SWC
 

**** Build Finished ****

**** Build of configuration Debug for project SWC ****

make all 
Building file: ../src/SWC.cpp
Invoking: GCC C++ Compiler
g++ -O0 -g3 -Wall -c -fmessage-length=0 -MMD -MP -MF"src/SWC.d" -MT"src/SWC.d" -o "src/SWC.o" "../src/SWC.cpp"
../src/SWC.cpp: In function ‘void parseUrl(char)’:
../src/SWC.cpp:71:18: error: invalid conversion from ‘char’ to ‘const char*’ [-fpermissive]
/usr/include/c++/4.6/fstream:460:7: error:   initializing argument 1 of ‘std::basic_ifstream<_CharT, _Traits>::basic_ifstream(const char*, std::ios_base::openmode) [with _CharT = char, _Traits = std::char_traits<char>, std::ios_base::openmode = std::_Ios_Openmode]’ [-fpermissive]
../src/SWC.cpp:79:15: error: ‘inputs’ was not declared in this scope
../src/SWC.cpp:79:23: error: ‘hash’ was not declared in this scope
make: *** [src/SWC.o] Error 1

**** Build Finished ****

**** Build of configuration Debug for project SWC ****

make all 
Building file: ../src/SWC.cpp
Invoking: GCC C++ Compiler
g++ -O0 -g3 -Wall -c -fmessage-length=0 -MMD -MP -MF"src/SWC.d" -MT"src/SWC.d" -o "src/SWC.o" "../src/SWC.cpp"
../src/SWC.cpp: In function ‘void parseUrl(char, std::string, std::string)’:
../src/SWC.cpp:71:18: error: invalid conversion from ‘char’ to ‘const char*’ [-fpermissive]
/usr/include/c++/4.6/fstream:460:7: error:   initializing argument 1 of ‘std::basic_ifstream<_CharT, _Traits>::basic_ifstream(const char*, std::ios_base::openmode) [with _CharT = char, _Traits = std::char_traits<char>, std::ios_base::openmode = std::_Ios_Openmode]’ [-fpermissive]
make: *** [src/SWC.o] Error 1

**** Build Finished ****

**** Build of configuration Debug for project SWC ****

make all 
Building file: ../src/SWC.cpp
Invoking: GCC C++ Compiler
g++ -O0 -g3 -Wall -c -fmessage-length=0 -MMD -MP -MF"src/SWC.d" -MT"src/SWC.d" -o "src/SWC.o" "../src/SWC.cpp"
Finished building: ../src/SWC.cpp
 
Building target: SWC
Invoking: GCC C++ Linker
g++  -o "SWC"  ./src/HTTP.o ./src/SWC.o   
Finished building target: SWC
 

**** Build Finished ****

**** Build of configuration Debug for project SWC ****

make all 
Building file: ../src/SWC.cpp
Invoking: GCC C++ Compiler
g++ -O0 -g3 -Wall -c -fmessage-length=0 -MMD -MP -MF"src/SWC.d" -MT"src/SWC.d" -o "src/SWC.o" "../src/SWC.cpp"
../src/SWC.cpp: In function ‘int main(int, char**)’:
../src/SWC.cpp:45:33: error: ‘parseUrl’ was not declared in this scope
make: *** [src/SWC.o] Error 1

**** Build Finished ****

**** Build of configuration Debug for project SWC ****

make all 
Building file: ../src/SWC.cpp
Invoking: GCC C++ Compiler
g++ -O0 -g3 -Wall -c -fmessage-length=0 -MMD -MP -MF"src/SWC.d" -MT"src/SWC.d" -o "src/SWC.o" "../src/SWC.cpp"
Finished building: ../src/SWC.cpp
 
Building target: SWC
Invoking: GCC C++ Linker
g++  -o "SWC"  ./src/HTTP.o ./src/SWC.o   
Finished building target: SWC
 

**** Build Finished ****

**** Build of configuration Debug for project SWC ****

make all 
Building file: ../src/SWC.cpp
Invoking: GCC C++ Compiler
g++ -O0 -g3 -Wall -c -fmessage-length=0 -MMD -MP -MF"src/SWC.d" -MT"src/SWC.d" -o "src/SWC.o" "../src/SWC.cpp"
Finished building: ../src/SWC.cpp
 
Building target: SWC
Invoking: GCC C++ Linker
g++  -o "SWC"  ./src/HTTP.o ./src/SWC.o   
Finished building target: SWC
 

**** Build Finished ****

**** Build of configuration Debug for project SWC ****

make all 
Building file: ../src/SWC.cpp
Invoking: GCC C++ Compiler
g++ -O0 -g3 -Wall -c -fmessage-length=0 -MMD -MP -MF"src/SWC.d" -MT"src/SWC.d" -o "src/SWC.o" "../src/SWC.cpp"
Finished building: ../src/SWC.cpp
 
Building target: SWC
Invoking: GCC C++ Linker
g++  -o "SWC"  ./src/HTTP.o ./src/SWC.o   
Finished building target: SWC
 

**** Build Finished ****

**** Build of configuration Debug for project SWC ****

make all 
Building file: ../src/SWC.cpp
Invoking: GCC C++ Compiler
g++ -O0 -g3 -Wall -c -fmessage-length=0 -MMD -MP -MF"src/SWC.d" -MT"src/SWC.d" -o "src/SWC.o" "../src/SWC.cpp"
Finished building: ../src/SWC.cpp
 
Building target: SWC
Invoking: GCC C++ Linker
g++  -o "SWC"  ./src/HTTP.o ./src/SWC.o   
Finished building target: SWC
 

**** Build Finished ****

**** Build of configuration Debug for project SWC ****

make all 
Building file: ../src/SWC.cpp
Invoking: GCC C++ Compiler
g++ -O0 -g3 -Wall -c -fmessage-length=0 -MMD -MP -MF"src/SWC.d" -MT"src/SWC.d" -o "src/SWC.o" "../src/SWC.cpp"
Finished building: ../src/SWC.cpp
 
Building target: SWC
Invoking: GCC C++ Linker
g++  -o "SWC"  ./src/HTTP.o ./src/SWC.o   
Finished building target: SWC
 

**** Build Finished ****

**** Build of configuration Debug for project SWC ****

make all 
make: Nothing to be done for `all'.

**** Build Finished ****

**** Build of configuration Debug for project SWC ****

make all 
make: Nothing to be done for `all'.

**** Build Finished ****

**** Build of configuration Debug for project SWC ****

make all 
make: Nothing to be done for `all'.

**** Build Finished ****

**** Build of configuration Debug for project SWC ****

make all 
make: Nothing to be done for `all'.

**** Build Finished ****

**** Build of configuration Debug for project SWC ****

make all 
make: Nothing to be done for `all'.

**** Build Finished ****

**** Build of configuration Debug for project SWC ****

make all 
make: Nothing to be done for `all'.

**** Build Finished ****

**** Build of configuration Debug for project SWC ****

make all 
make: Nothing to be done for `all'.

**** Build Finished ****

**** Build of configuration Debug for project SWC ****

make all 
make: Nothing to be done for `all'.

**** Build Finished ****

**** Build of configuration Debug for project SWC ****

make all 
make: Nothing to be done for `all'.

**** Build Finished ****

**** Build of configuration Debug for project SWC ****

make all 
make: Nothing to be done for `all'.

**** Build Finished ****

**** Build of configuration Debug for project SWC ****

make all 
make: Nothing to be done for `all'.

**** Build Finished ****

**** Clean-only build of configuration Debug for project SWC ****

make clean 
rm -rf  ./src/HTTP.o ./src/SWC.o  ./src/HTTP.d ./src/SWC.d  SWC
 

**** Build Finished ****

**** Build of configuration Debug for project SWC ****

make all 
Building file: ../src/HTTP.cpp
Invoking: GCC C++ Compiler
g++ -O0 -g3 -Wall -c -fmessage-length=0 -MMD -MP -MF"src/HTTP.d" -MT"src/HTTP.d" -o "src/HTTP.o" "../src/HTTP.cpp"
Finished building: ../src/HTTP.cpp
 
Building file: ../src/SWC.cpp
Invoking: GCC C++ Compiler
g++ -O0 -g3 -Wall -c -fmessage-length=0 -MMD -MP -MF"src/SWC.d" -MT"src/SWC.d" -o "src/SWC.o" "../src/SWC.cpp"
Finished building: ../src/SWC.cpp
 
Building target: SWC
Invoking: GCC C++ Linker
g++  -o "SWC"  ./src/HTTP.o ./src/SWC.o   
Finished building target: SWC
 

**** Build Finished ****

**** Build of configuration Debug for project SWC ****

make all 
Building file: ../src/HTTP.cpp
Invoking: GCC C++ Compiler
g++ -O0 -g3 -Wall -c -fmessage-length=0 -MMD -MP -MF"src/HTTP.d" -MT"src/HTTP.d" -o "src/HTTP.o" "../src/HTTP.cpp"
Finished building: ../src/HTTP.cpp
 
Building file: ../src/SWC.cpp
Invoking: GCC C++ Compiler
g++ -O0 -g3 -Wall -c -fmessage-length=0 -MMD -MP -MF"src/SWC.d" -MT"src/SWC.d" -o "src/SWC.o" "../src/SWC.cpp"
Finished building: ../src/SWC.cpp
 
Building target: SWC
Invoking: GCC C++ Linker
g++  -o "SWC"  ./src/HTTP.o ./src/SWC.o   
Finished building target: SWC
 

**** Build Finished ****

**** Build of configuration Debug for project SWC ****

make all 
Building file: ../src/SWC.cpp
Invoking: GCC C++ Compiler
g++ -O0 -g3 -Wall -c -fmessage-length=0 -MMD -MP -MF"src/SWC.d" -MT"src/SWC.d" -o "src/SWC.o" "../src/SWC.cpp"
../src/SWC.cpp: In function ‘void parsePage(std::vector<std::basic_string<char> >)’:
../src/SWC.cpp:80:26: error: cannot convert ‘std::vector<std::basic_string<char> >::iterator {aka __gnu_cxx::__normal_iterator<std::basic_string<char>*, std::vector<std::basic_string<char> > >}’ to ‘int’ in initialization
../src/SWC.cpp:80:43: error: no match for ‘operator!=’ in ‘i != page.std::vector<_Tp, _Alloc>::end [with _Tp = std::basic_string<char>, _Alloc = std::allocator<std::basic_string<char> >, std::vector<_Tp, _Alloc>::iterator = __gnu_cxx::__normal_iterator<std::basic_string<char>*, std::vector<std::basic_string<char> > >, typename std::_Vector_base<_Tp, _Alloc>::_Tp_alloc_type::pointer = std::basic_string<char>*]()’
../src/SWC.cpp:80:43: note: candidates are:
/usr/include/c++/4.6/bits/postypes.h:223:5: note: template<class _StateT> bool std::operator!=(const std::fpos<_StateT>&, const std::fpos<_StateT>&)
/usr/include/c++/4.6/bits/stl_pair.h:214:5: note: template<class _T1, class _T2> bool std::operator!=(const std::pair<_T1, _T2>&, const std::pair<_T1, _T2>&)
/usr/include/c++/4.6/bits/stl_iterator.h:297:5: note: template<class _Iterator> bool std::operator!=(const std::reverse_iterator<_Iterator>&, const std::reverse_iterator<_Iterator>&)
/usr/include/c++/4.6/bits/stl_iterator.h:347:5: note: template<class _IteratorL, class _IteratorR> bool std::operator!=(const std::reverse_iterator<_IteratorL>&, const std::reverse_iterator<_IteratorR>&)
/usr/include/c++/4.6/bits/allocator.h:132:5: note: template<class _T1, class _T2> bool std::operator!=(const std::allocator<_T1>&, const std::allocator<_T2>&)
/usr/include/c++/4.6/bits/allocator.h:137:5: note: template<class _Tp> bool std::operator!=(const std::allocator<_Tp1>&, const std::allocator<_Tp1>&)
/usr/include/c++/4.6/bits/basic_string.h:2473:5: note: template<class _CharT, class _Traits, class _Alloc> bool std::operator!=(const std::basic_string<_CharT, _Traits, _Alloc>&, const std::basic_string<_CharT, _Traits, _Alloc>&)
/usr/include/c++/4.6/bits/basic_string.h:2485:5: note: template<class _CharT, class _Traits, class _Alloc> bool std::operator!=(const _CharT*, const std::basic_string<_CharT, _Traits, _Alloc>&)
/usr/include/c++/4.6/bits/basic_string.h:2497:5: note: template<class _CharT, class _Traits, class _Alloc> bool std::operator!=(const std::basic_string<_CharT, _Traits, _Alloc>&, const _CharT*)
/usr/include/c++/4.6/bits/streambuf_iterator.h:200:5: note: template<class _CharT, class _Traits> bool std::operator!=(const std::istreambuf_iterator<_CharT, _Traits>&, const std::istreambuf_iterator<_CharT, _Traits>&)
/usr/include/c++/4.6/bits/stl_vector.h:1297:5: note: template<class _Tp, class _Alloc> bool std::operator!=(const std::vector<_Tp, _Alloc>&, const std::vector<_Tp, _Alloc>&)
/usr/include/c++/4.6/ext/new_allocator.h:128:5: note: template<class _Tp> bool __gnu_cxx::operator!=(const __gnu_cxx::new_allocator<_Tp>&, const __gnu_cxx::new_allocator<_Tp>&)
/usr/include/c++/4.6/bits/stl_iterator.h:817:5: note: template<class _Iterator, class _Container> bool __gnu_cxx::operator!=(const __gnu_cxx::__normal_iterator<_Iterator, _Container>&, const __gnu_cxx::__normal_iterator<_Iterator, _Container>&)
/usr/include/c++/4.6/bits/stl_iterator.h:811:5: note: template<class _IteratorL, class _IteratorR, class _Container> bool __gnu_cxx::operator!=(const __gnu_cxx::__normal_iterator<_IteratorL, _Container>&, const __gnu_cxx::__normal_iterator<_IteratorR, _Container>&)
make: *** [src/SWC.o] Error 1

**** Build Finished ****

**** Build of configuration Debug for project SWC ****

make all 
Building file: ../src/SWC.cpp
Invoking: GCC C++ Compiler
g++ -O0 -g3 -Wall -c -fmessage-length=0 -MMD -MP -MF"src/SWC.d" -MT"src/SWC.d" -o "src/SWC.o" "../src/SWC.cpp"
../src/SWC.cpp: In function ‘void parsePage(std::vector<std::basic_string<char> >)’:
../src/SWC.cpp:80:7: error: ‘unsighed’ was not declared in this scope
../src/SWC.cpp:80:16: error: expected ‘;’ before ‘int’
../src/SWC.cpp:80:27: error: ‘i’ was not declared in this scope
make: *** [src/SWC.o] Error 1

**** Build Finished ****

**** Build of configuration Debug for project SWC ****

make all 
Building file: ../src/SWC.cpp
Invoking: GCC C++ Compiler
g++ -O0 -g3 -Wall -c -fmessage-length=0 -MMD -MP -MF"src/SWC.d" -MT"src/SWC.d" -o "src/SWC.o" "../src/SWC.cpp"
../src/SWC.cpp: In function ‘void parsePage(std::vector<std::basic_string<char> >)’:
../src/SWC.cpp:80:7: error: ‘unsighned’ was not declared in this scope
../src/SWC.cpp:80:17: error: expected ‘;’ before ‘int’
../src/SWC.cpp:80:28: error: ‘i’ was not declared in this scope
make: *** [src/SWC.o] Error 1

**** Build Finished ****

**** Build of configuration Debug for project SWC ****

make all 
Building file: ../src/SWC.cpp
Invoking: GCC C++ Compiler
g++ -O0 -g3 -Wall -c -fmessage-length=0 -MMD -MP -MF"src/SWC.d" -MT"src/SWC.d" -o "src/SWC.o" "../src/SWC.cpp"
Finished building: ../src/SWC.cpp
 
Building target: SWC
Invoking: GCC C++ Linker
g++  -o "SWC"  ./src/HTTP.o ./src/SWC.o   
Finished building target: SWC
 

**** Build Finished ****

**** Build of configuration Debug for project SWC ****

make all 
make: Nothing to be done for `all'.

**** Build Finished ****

**** Build of configuration Debug for project SWC ****

make all 
make: Nothing to be done for `all'.

**** Build Finished ****

**** Build of configuration Debug for project SWC ****

make all 
make: Nothing to be done for `all'.

**** Build Finished ****

**** Build of configuration Debug for project SWC ****

make all 
Building file: ../src/SWC.cpp
Invoking: GCC C++ Compiler
g++ -O0 -g3 -Wall -c -fmessage-length=0 -MMD -MP -MF"src/SWC.d" -MT"src/SWC.d" -o "src/SWC.o" "../src/SWC.cpp"
../src/SWC.cpp: In function ‘void parsePage(std::vector<std::basic_string<char> >)’:
../src/SWC.cpp:81:12: error: expected ‘)’ before ‘;’ token
../src/SWC.cpp:81:9: warning: unused variable ‘i’ [-Wunused-variable]
../src/SWC.cpp:81:13: error: ‘i’ was not declared in this scope
../src/SWC.cpp:81:30: error: expected ‘;’ before ‘)’ token
make: *** [src/SWC.o] Error 1

**** Build Finished ****

**** Build of configuration Debug for project SWC ****

make all 
Building file: ../src/SWC.cpp
Invoking: GCC C++ Compiler
g++ -O0 -g3 -Wall -c -fmessage-length=0 -MMD -MP -MF"src/SWC.d" -MT"src/SWC.d" -o "src/SWC.o" "../src/SWC.cpp"
../src/SWC.cpp: In function ‘void parsePage(std::vector<std::basic_string<char> >)’:
../src/SWC.cpp:82:8: error: expected ‘)’ before ‘;’ token
../src/SWC.cpp:82:8: warning: suggest parentheses around assignment used as truth value [-Wparentheses]
../src/SWC.cpp:82:21: warning: comparison between signed and unsigned integer expressions [-Wsign-compare]
../src/SWC.cpp:82:22: warning: value computed is not used [-Wunused-value]
../src/SWC.cpp:82:26: error: expected ‘;’ before ‘)’ token
make: *** [src/SWC.o] Error 1

**** Build Finished ****

**** Build of configuration Debug for project SWC ****

make all 
Building file: ../src/SWC.cpp
Invoking: GCC C++ Compiler
g++ -O0 -g3 -Wall -c -fmessage-length=0 -MMD -MP -MF"src/SWC.d" -MT"src/SWC.d" -o "src/SWC.o" "../src/SWC.cpp"
../src/SWC.cpp: In function ‘void parsePage(std::vector<std::basic_string<char> >)’:
../src/SWC.cpp:81:13: error: expected ‘)’ before ‘;’ token
../src/SWC.cpp:81:10: warning: unused variable ‘i’ [-Wunused-variable]
../src/SWC.cpp:81:14: error: ‘i’ was not declared in this scope
../src/SWC.cpp:81:23: error: expected ‘;’ before ‘)’ token
make: *** [src/SWC.o] Error 1

**** Build Finished ****

**** Build of configuration Debug for project SWC ****

make all 
Building file: ../src/SWC.cpp
Invoking: GCC C++ Compiler
g++ -O0 -g3 -Wall -c -fmessage-length=0 -MMD -MP -MF"src/SWC.d" -MT"src/SWC.d" -o "src/SWC.o" "../src/SWC.cpp"
../src/SWC.cpp: In function ‘void parsePage(std::vector<std::basic_string<char> >)’:
../src/SWC.cpp:81:19: error: expected ‘)’ before ‘;’ token
../src/SWC.cpp:81:10: warning: unused variable ‘count’ [-Wunused-variable]
../src/SWC.cpp:81:20: error: ‘count’ was not declared in this scope
../src/SWC.cpp:81:41: error: expected ‘;’ before ‘)’ token
make: *** [src/SWC.o] Error 1

**** Build Finished ****

**** Build of configuration Debug for project SWC ****

make all 
Building file: ../src/SWC.cpp
Invoking: GCC C++ Compiler
g++ -O0 -g3 -Wall -c -fmessage-length=0 -MMD -MP -MF"src/SWC.d" -MT"src/SWC.d" -o "src/SWC.o" "../src/SWC.cpp"
../src/SWC.cpp: In function ‘void parsePage(std::vector<std::basic_string<char> >)’:
../src/SWC.cpp:84:20: error: no match for ‘operator[]’ in ‘page[t]’
../src/SWC.cpp:84:20: note: candidates are:
/usr/include/c++/4.6/bits/stl_vector.h:695:7: note: std::vector<_Tp, _Alloc>::reference std::vector<_Tp, _Alloc>::operator[](std::vector<_Tp, _Alloc>::size_type) [with _Tp = std::basic_string<char>, _Alloc = std::allocator<std::basic_string<char> >, std::vector<_Tp, _Alloc>::reference = std::basic_string<char>&, std::vector<_Tp, _Alloc>::size_type = long unsigned int]
/usr/include/c++/4.6/bits/stl_vector.h:695:7: note:   no known conversion for argument 1 from ‘std::vector<std::basic_string<char> >::iterator {aka __gnu_cxx::__normal_iterator<std::basic_string<char>*, std::vector<std::basic_string<char> > >}’ to ‘long unsigned int’
/usr/include/c++/4.6/bits/stl_vector.h:710:7: note: std::vector<_Tp, _Alloc>::const_reference std::vector<_Tp, _Alloc>::operator[](std::vector<_Tp, _Alloc>::size_type) const [with _Tp = std::basic_string<char>, _Alloc = std::allocator<std::basic_string<char> >, std::vector<_Tp, _Alloc>::const_reference = const std::basic_string<char>&, std::vector<_Tp, _Alloc>::size_type = long unsigned int]
/usr/include/c++/4.6/bits/stl_vector.h:710:7: note:   no known conversion for argument 1 from ‘std::vector<std::basic_string<char> >::iterator {aka __gnu_cxx::__normal_iterator<std::basic_string<char>*, std::vector<std::basic_string<char> > >}’ to ‘long unsigned int’
../src/SWC.cpp:80:6: warning: unused variable ‘end’ [-Wunused-variable]
../src/SWC.cpp:81:12: warning: unused variable ‘max_length’ [-Wunused-variable]
make: *** [src/SWC.o] Error 1

**** Build Finished ****

**** Build of configuration Debug for project SWC ****

make all 
Building file: ../src/SWC.cpp
Invoking: GCC C++ Compiler
g++ -O0 -g3 -Wall -c -fmessage-length=0 -MMD -MP -MF"src/SWC.d" -MT"src/SWC.d" -o "src/SWC.o" "../src/SWC.cpp"
../src/SWC.cpp:85:12: error: stray ‘\342’ in program
../src/SWC.cpp:85:12: error: stray ‘\200’ in program
../src/SWC.cpp:85:12: error: stray ‘\223’ in program
../src/SWC.cpp: In function ‘void parsePage(std::vector<std::basic_string<char> >)’:
../src/SWC.cpp:85:15: error: no match for ‘operator<<’ in ‘std::operator<< [with _Traits = std::char_traits<char>]((* & std::operator<< [with _CharT = char, _Traits = std::char_traits<char>, _Alloc = std::allocator<char>]((* & std::operator<< [with _Traits = std::char_traits<char>]((* & std::cout), ((const char*)"Name: "))), (*(const std::basic_string<char>*)t.__gnu_cxx::__normal_iterator<_Iterator, _Container>::operator* [with _Iterator = std::basic_string<char>*, _Container = std::vector<std::basic_string<char> >, __gnu_cxx::__normal_iterator<_Iterator, _Container>::reference = std::basic_string<char>&]()))), ((const char*)"\011Length: ")) << t’
../src/SWC.cpp:85:15: note: candidates are:
/usr/include/c++/4.6/ostream:110:7: note: std::basic_ostream<_CharT, _Traits>::__ostream_type& std::basic_ostream<_CharT, _Traits>::operator<<(std::basic_ostream<_CharT, _Traits>::__ostream_type& (*)(std::basic_ostream<_CharT, _Traits>::__ostream_type&)) [with _CharT = char, _Traits = std::char_traits<char>, std::basic_ostream<_CharT, _Traits>::__ostream_type = std::basic_ostream<char>]
/usr/include/c++/4.6/ostream:110:7: note:   no known conversion for argument 1 from ‘std::vector<std::basic_string<char> >::iterator {aka __gnu_cxx::__normal_iterator<std::basic_string<char>*, std::vector<std::basic_string<char> > >}’ to ‘std::basic_ostream<char>::__ostream_type& (*)(std::basic_ostream<char>::__ostream_type&) {aka std::basic_ostream<char>& (*)(std::basic_ostream<char>&)}’
/usr/include/c++/4.6/ostream:119:7: note: std::basic_ostream<_CharT, _Traits>::__ostream_type& std::basic_ostream<_CharT, _Traits>::operator<<(std::basic_ostream<_CharT, _Traits>::__ios_type& (*)(std::basic_ostream<_CharT, _Traits>::__ios_type&)) [with _CharT = char, _Traits = std::char_traits<char>, std::basic_ostream<_CharT, _Traits>::__ostream_type = std::basic_ostream<char>, std::basic_ostream<_CharT, _Traits>::__ios_type = std::basic_ios<char>]
/usr/include/c++/4.6/ostream:119:7: note:   no known conversion for argument 1 from ‘std::vector<std::basic_string<char> >::iterator {aka __gnu_cxx::__normal_iterator<std::basic_string<char>*, std::vector<std::basic_string<char> > >}’ to ‘std::basic_ostream<char>::__ios_type& (*)(std::basic_ostream<char>::__ios_type&) {aka std::basic_ios<char>& (*)(std::basic_ios<char>&)}’
/usr/include/c++/4.6/ostream:129:7: note: std::basic_ostream<_CharT, _Traits>::__ostream_type& std::basic_ostream<_CharT, _Traits>::operator<<(std::ios_base& (*)(std::ios_base&)) [with _CharT = char, _Traits = std::char_traits<char>, std::basic_ostream<_CharT, _Traits>::__ostream_type = std::basic_ostream<char>]
/usr/include/c++/4.6/ostream:129:7: note:   no known conversion for argument 1 from ‘std::vector<std::basic_string<char> >::iterator {aka __gnu_cxx::__normal_iterator<std::basic_string<char>*, std::vector<std::basic_string<char> > >}’ to ‘std::ios_base& (*)(std::ios_base&)’
/usr/include/c++/4.6/ostream:167:7: note: std::basic_ostream<_CharT, _Traits>::__ostream_type& std::basic_ostream<_CharT, _Traits>::operator<<(long int) [with _CharT = char, _Traits = std::char_traits<char>, std::basic_ostream<_CharT, _Traits>::__ostream_type = std::basic_ostream<char>]
/usr/include/c++/4.6/ostream:167:7: note:   no known conversion for argument 1 from ‘std::vector<std::basic_string<char> >::iterator {aka __gnu_cxx::__normal_iterator<std::basic_string<char>*, std::vector<std::basic_string<char> > >}’ to ‘long int’
/usr/include/c++/4.6/ostream:171:7: note: std::basic_ostream<_CharT, _Traits>::__ostream_type& std::basic_ostream<_CharT, _Traits>::operator<<(long unsigned int) [with _CharT = char, _Traits = std::char_traits<char>, std::basic_ostream<_CharT, _Traits>::__ostream_type = std::basic_ostream<char>]
/usr/include/c++/4.6/ostream:171:7: note:   no known conversion for argument 1 from ‘std::vector<std::basic_string<char> >::iterator {aka __gnu_cxx::__normal_iterator<std::basic_string<char>*, std::vector<std::basic_string<char> > >}’ to ‘long unsigned int’
/usr/include/c++/4.6/ostream:175:7: note: std::basic_ostream<_CharT, _Traits>::__ostream_type& std::basic_ostream<_CharT, _Traits>::operator<<(bool) [with _CharT = char, _Traits = std::char_traits<char>, std::basic_ostream<_CharT, _Traits>::__ostream_type = std::basic_ostream<char>]
/usr/include/c++/4.6/ostream:175:7: note:   no known conversion for argument 1 from ‘std::vector<std::basic_string<char> >::iterator {aka __gnu_cxx::__normal_iterator<std::basic_string<char>*, std::vector<std::basic_string<char> > >}’ to ‘bool’
/usr/include/c++/4.6/bits/ostream.tcc:93:5: note: std::basic_ostream<_CharT, _Traits>& std::basic_ostream<_CharT, _Traits>::operator<<(short int) [with _CharT = char, _Traits = std::char_traits<char>]
/usr/include/c++/4.6/bits/ostream.tcc:93:5: note:   no known conversion for argument 1 from ‘std::vector<std::basic_string<char> >::iterator {aka __gnu_cxx::__normal_iterator<std::basic_string<char>*, std::vector<std::basic_string<char> > >}’ to ‘short int’
/usr/include/c++/4.6/ostream:182:7: note: std::basic_ostream<_CharT, _Traits>::__ostream_type& std::basic_ostream<_CharT, _Traits>::operator<<(short unsigned int) [with _CharT = char, _Traits = std::char_traits<char>, std::basic_ostream<_CharT, _Traits>::__ostream_type = std::basic_ostream<char>]
/usr/include/c++/4.6/ostream:182:7: note:   no known conversion for argument 1 from ‘std::vector<std::basic_string<char> >::iterator {aka __gnu_cxx::__normal_iterator<std::basic_string<char>*, std::vector<std::basic_string<char> > >}’ to ‘short unsigned int’
/usr/include/c++/4.6/bits/ostream.tcc:107:5: note: std::basic_ostream<_CharT, _Traits>& std::basic_ostream<_CharT, _Traits>::operator<<(int) [with _CharT = char, _Traits = std::char_traits<char>]
/usr/include/c++/4.6/bits/ostream.tcc:107:5: note:   no known conversion for argument 1 from ‘std::vector<std::basic_string<char> >::iterator {aka __gnu_cxx::__normal_iterator<std::basic_string<char>*, std::vector<std::basic_string<char> > >}’ to ‘int’
/usr/include/c++/4.6/ostream:193:7: note: std::basic_ostream<_CharT, _Traits>::__ostream_type& std::basic_ostream<_CharT, _Traits>::operator<<(unsigned int) [with _CharT = char, _Traits = std::char_traits<char>, std::basic_ostream<_CharT, _Traits>::__ostream_type = std::basic_ostream<char>]
/usr/include/c++/4.6/ostream:193:7: note:   no known conversion for argument 1 from ‘std::vector<std::basic_string<char> >::iterator {aka __gnu_cxx::__normal_iterator<std::basic_string<char>*, std::vector<std::basic_string<char> > >}’ to ‘unsigned int’
/usr/include/c++/4.6/ostream:202:7: note: std::basic_ostream<_CharT, _Traits>::__ostream_type& std::basic_ostream<_CharT, _Traits>::operator<<(long long int) [with _CharT = char, _Traits = std::char_traits<char>, std::basic_ostream<_CharT, _Traits>::__ostream_type = std::basic_ostream<char>]
/usr/include/c++/4.6/ostream:202:7: note:   no known conversion for argument 1 from ‘std::vector<std::basic_string<char> >::iterator {aka __gnu_cxx::__normal_iterator<std::basic_string<char>*, std::vector<std::basic_string<char> > >}’ to ‘long long int’
/usr/include/c++/4.6/ostream:206:7: note: std::basic_ostream<_CharT, _Traits>::__ostream_type& std::basic_ostream<_CharT, _Traits>::operator<<(long long unsigned int) [with _CharT = char, _Traits = std::char_traits<char>, std::basic_ostream<_CharT, _Traits>::__ostream_type = std::basic_ostream<char>]
/usr/include/c++/4.6/ostream:206:7: note:   no known conversion for argument 1 from ‘std::vector<std::basic_string<char> >::iterator {aka __gnu_cxx::__normal_iterator<std::basic_string<char>*, std::vector<std::basic_string<char> > >}’ to ‘long long unsigned int’
/usr/include/c++/4.6/ostream:211:7: note: std::basic_ostream<_CharT, _Traits>::__ostream_type& std::basic_ostream<_CharT, _Traits>::operator<<(double) [with _CharT = char, _Traits = std::char_traits<char>, std::basic_ostream<_CharT, _Traits>::__ostream_type = std::basic_ostream<char>]
/usr/include/c++/4.6/ostream:211:7: note:   no known conversion for argument 1 from ‘std::vector<std::basic_string<char> >::iterator {aka __gnu_cxx::__normal_iterator<std::basic_string<char>*, std::vector<std::basic_string<char> > >}’ to ‘double’
/usr/include/c++/4.6/ostream:215:7: note: std::basic_ostream<_CharT, _Traits>::__ostream_type& std::basic_ostream<_CharT, _Traits>::operator<<(float) [with _CharT = char, _Traits = std::char_traits<char>, std::basic_ostream<_CharT, _Traits>::__ostream_type = std::basic_ostream<char>]
/usr/include/c++/4.6/ostream:215:7: note:   no known conversion for argument 1 from ‘std::vector<std::basic_string<char> >::iterator {aka __gnu_cxx::__normal_iterator<std::basic_string<char>*, std::vector<std::basic_string<char> > >}’ to ‘float’
/usr/include/c++/4.6/ostream:223:7: note: std::basic_ostream<_CharT, _Traits>::__ostream_type& std::basic_ostream<_CharT, _Traits>::operator<<(long double) [with _CharT = char, _Traits = std::char_traits<char>, std::basic_ostream<_CharT, _Traits>::__ostream_type = std::basic_ostream<char>]
/usr/include/c++/4.6/ostream:223:7: note:   no known conversion for argument 1 from ‘std::vector<std::basic_string<char> >::iterator {aka __gnu_cxx::__normal_iterator<std::basic_string<char>*, std::vector<std::basic_string<char> > >}’ to ‘long double’
/usr/include/c++/4.6/ostream:227:7: note: std::basic_ostream<_CharT, _Traits>::__ostream_type& std::basic_ostream<_CharT, _Traits>::operator<<(const void*) [with _CharT = char, _Traits = std::char_traits<char>, std::basic_ostream<_CharT, _Traits>::__ostream_type = std::basic_ostream<char>]
/usr/include/c++/4.6/ostream:227:7: note:   no known conversion for argument 1 from ‘std::vector<std::basic_string<char> >::iterator {aka __gnu_cxx::__normal_iterator<std::basic_string<char>*, std::vector<std::basic_string<char> > >}’ to ‘const void*’
/usr/include/c++/4.6/bits/ostream.tcc:121:5: note: std::basic_ostream<_CharT, _Traits>& std::basic_ostream<_CharT, _Traits>::operator<<(std::basic_ostream<_CharT, _Traits>::__streambuf_type*) [with _CharT = char, _Traits = std::char_traits<char>, std::basic_ostream<_CharT, _Traits>::__streambuf_type = std::basic_streambuf<char>]
/usr/include/c++/4.6/bits/ostream.tcc:121:5: note:   no known conversion for argument 1 from ‘std::vector<std::basic_string<char> >::iterator {aka __gnu_cxx::__normal_iterator<std::basic_string<char>*, std::vector<std::basic_string<char> > >}’ to ‘std::basic_ostream<char>::__streambuf_type* {aka std::basic_streambuf<char>*}’
/usr/include/c++/4.6/bits/basic_string.h:2693:5: note: template<class _CharT, class _Traits, class _Alloc> std::basic_ostream<_CharT, _Traits>& std::operator<<(std::basic_ostream<_CharT, _Traits>&, const std::basic_string<_CharT, _Traits, _Alloc>&)
/usr/include/c++/4.6/ostream:451:5: note: template<class _CharT, class _Traits> std::basic_ostream<_CharT, _Traits>& std::operator<<(std::basic_ostream<_CharT, _Traits>&, _CharT)
/usr/include/c++/4.6/ostream:456:5: note: template<class _CharT, class _Traits> std::basic_ostream<_CharT, _Traits>& std::operator<<(std::basic_ostream<_CharT, _Traits>&, char)
/usr/include/c++/4.6/ostream:462:5: note: template<class _Traits> std::basic_ostream<char, _Traits>& std::operator<<(std::basic_ostream<char, _Traits>&, char)
/usr/include/c++/4.6/ostream:468:5: note: template<class _Traits> std::basic_ostream<char, _Traits>& std::operator<<(std::basic_ostream<char, _Traits>&, signed char)
/usr/include/c++/4.6/ostream:473:5: note: template<class _Traits> std::basic_ostream<char, _Traits>& std::operator<<(std::basic_ostream<char, _Traits>&, unsigned char)
/usr/include/c++/4.6/ostream:493:5: note: template<class _CharT, class _Traits> std::basic_ostream<_CharT, _Traits>& std::operator<<(std::basic_ostream<_CharT, _Traits>&, const _CharT*)
/usr/include/c++/4.6/bits/ostream.tcc:323:5: note: template<class _CharT, class _Traits> std::basic_ostream<_CharT, _Traits>& std::operator<<(std::basic_ostream<_CharT, _Traits>&, const char*)
/usr/include/c++/4.6/ostream:510:5: note: template<class _Traits> std::basic_ostream<char, _Traits>& std::operator<<(std::basic_ostream<char, _Traits>&, const char*)
/usr/include/c++/4.6/ostream:523:5: note: template<class _Traits> std::basic_ostream<char, _Traits>& std::operator<<(std::basic_ostream<char, _Traits>&, const signed char*)
/usr/include/c++/4.6/ostream:528:5: note: template<class _Traits> std::basic_ostream<char, _Traits>& std::operator<<(std::basic_ostream<char, _Traits>&, const unsigned char*)
../src/SWC.cpp:85:27: error: ‘length’ was not declared in this scope
make: *** [src/SWC.o] Error 1

**** Build Finished ****

**** Build of configuration Debug for project SWC ****

make all 
Building file: ../src/SWC.cpp
Invoking: GCC C++ Compiler
g++ -O0 -g3 -Wall -c -fmessage-length=0 -MMD -MP -MF"src/SWC.d" -MT"src/SWC.d" -o "src/SWC.o" "../src/SWC.cpp"
Finished building: ../src/SWC.cpp
 
Building target: SWC
Invoking: GCC C++ Linker
g++  -o "SWC"  ./src/HTTP.o ./src/SWC.o   
Finished building target: SWC
 

**** Build Finished ****

**** Build of configuration Debug for project SWC ****

make all 
Building file: ../src/SWC.cpp
Invoking: GCC C++ Compiler
g++ -O0 -g3 -Wall -c -fmessage-length=0 -MMD -MP -MF"src/SWC.d" -MT"src/SWC.d" -o "src/SWC.o" "../src/SWC.cpp"
../src/SWC.cpp: In function ‘void parsePage(std::vector<std::basic_string<char> >)’:
../src/SWC.cpp:84:11: error: no match for ‘operator<<’ in ‘std::cout << t’
../src/SWC.cpp:84:11: note: candidates are:
/usr/include/c++/4.6/ostream:110:7: note: std::basic_ostream<_CharT, _Traits>::__ostream_type& std::basic_ostream<_CharT, _Traits>::operator<<(std::basic_ostream<_CharT, _Traits>::__ostream_type& (*)(std::basic_ostream<_CharT, _Traits>::__ostream_type&)) [with _CharT = char, _Traits = std::char_traits<char>, std::basic_ostream<_CharT, _Traits>::__ostream_type = std::basic_ostream<char>]
/usr/include/c++/4.6/ostream:110:7: note:   no known conversion for argument 1 from ‘std::vector<std::basic_string<char> >::iterator {aka __gnu_cxx::__normal_iterator<std::basic_string<char>*, std::vector<std::basic_string<char> > >}’ to ‘std::basic_ostream<char>::__ostream_type& (*)(std::basic_ostream<char>::__ostream_type&) {aka std::basic_ostream<char>& (*)(std::basic_ostream<char>&)}’
/usr/include/c++/4.6/ostream:119:7: note: std::basic_ostream<_CharT, _Traits>::__ostream_type& std::basic_ostream<_CharT, _Traits>::operator<<(std::basic_ostream<_CharT, _Traits>::__ios_type& (*)(std::basic_ostream<_CharT, _Traits>::__ios_type&)) [with _CharT = char, _Traits = std::char_traits<char>, std::basic_ostream<_CharT, _Traits>::__ostream_type = std::basic_ostream<char>, std::basic_ostream<_CharT, _Traits>::__ios_type = std::basic_ios<char>]
/usr/include/c++/4.6/ostream:119:7: note:   no known conversion for argument 1 from ‘std::vector<std::basic_string<char> >::iterator {aka __gnu_cxx::__normal_iterator<std::basic_string<char>*, std::vector<std::basic_string<char> > >}’ to ‘std::basic_ostream<char>::__ios_type& (*)(std::basic_ostream<char>::__ios_type&) {aka std::basic_ios<char>& (*)(std::basic_ios<char>&)}’
/usr/include/c++/4.6/ostream:129:7: note: std::basic_ostream<_CharT, _Traits>::__ostream_type& std::basic_ostream<_CharT, _Traits>::operator<<(std::ios_base& (*)(std::ios_base&)) [with _CharT = char, _Traits = std::char_traits<char>, std::basic_ostream<_CharT, _Traits>::__ostream_type = std::basic_ostream<char>]
/usr/include/c++/4.6/ostream:129:7: note:   no known conversion for argument 1 from ‘std::vector<std::basic_string<char> >::iterator {aka __gnu_cxx::__normal_iterator<std::basic_string<char>*, std::vector<std::basic_string<char> > >}’ to ‘std::ios_base& (*)(std::ios_base&)’
/usr/include/c++/4.6/ostream:167:7: note: std::basic_ostream<_CharT, _Traits>::__ostream_type& std::basic_ostream<_CharT, _Traits>::operator<<(long int) [with _CharT = char, _Traits = std::char_traits<char>, std::basic_ostream<_CharT, _Traits>::__ostream_type = std::basic_ostream<char>]
/usr/include/c++/4.6/ostream:167:7: note:   no known conversion for argument 1 from ‘std::vector<std::basic_string<char> >::iterator {aka __gnu_cxx::__normal_iterator<std::basic_string<char>*, std::vector<std::basic_string<char> > >}’ to ‘long int’
/usr/include/c++/4.6/ostream:171:7: note: std::basic_ostream<_CharT, _Traits>::__ostream_type& std::basic_ostream<_CharT, _Traits>::operator<<(long unsigned int) [with _CharT = char, _Traits = std::char_traits<char>, std::basic_ostream<_CharT, _Traits>::__ostream_type = std::basic_ostream<char>]
/usr/include/c++/4.6/ostream:171:7: note:   no known conversion for argument 1 from ‘std::vector<std::basic_string<char> >::iterator {aka __gnu_cxx::__normal_iterator<std::basic_string<char>*, std::vector<std::basic_string<char> > >}’ to ‘long unsigned int’
/usr/include/c++/4.6/ostream:175:7: note: std::basic_ostream<_CharT, _Traits>::__ostream_type& std::basic_ostream<_CharT, _Traits>::operator<<(bool) [with _CharT = char, _Traits = std::char_traits<char>, std::basic_ostream<_CharT, _Traits>::__ostream_type = std::basic_ostream<char>]
/usr/include/c++/4.6/ostream:175:7: note:   no known conversion for argument 1 from ‘std::vector<std::basic_string<char> >::iterator {aka __gnu_cxx::__normal_iterator<std::basic_string<char>*, std::vector<std::basic_string<char> > >}’ to ‘bool’
/usr/include/c++/4.6/bits/ostream.tcc:93:5: note: std::basic_ostream<_CharT, _Traits>& std::basic_ostream<_CharT, _Traits>::operator<<(short int) [with _CharT = char, _Traits = std::char_traits<char>]
/usr/include/c++/4.6/bits/ostream.tcc:93:5: note:   no known conversion for argument 1 from ‘std::vector<std::basic_string<char> >::iterator {aka __gnu_cxx::__normal_iterator<std::basic_string<char>*, std::vector<std::basic_string<char> > >}’ to ‘short int’
/usr/include/c++/4.6/ostream:182:7: note: std::basic_ostream<_CharT, _Traits>::__ostream_type& std::basic_ostream<_CharT, _Traits>::operator<<(short unsigned int) [with _CharT = char, _Traits = std::char_traits<char>, std::basic_ostream<_CharT, _Traits>::__ostream_type = std::basic_ostream<char>]
/usr/include/c++/4.6/ostream:182:7: note:   no known conversion for argument 1 from ‘std::vector<std::basic_string<char> >::iterator {aka __gnu_cxx::__normal_iterator<std::basic_string<char>*, std::vector<std::basic_string<char> > >}’ to ‘short unsigned int’
/usr/include/c++/4.6/bits/ostream.tcc:107:5: note: std::basic_ostream<_CharT, _Traits>& std::basic_ostream<_CharT, _Traits>::operator<<(int) [with _CharT = char, _Traits = std::char_traits<char>]
/usr/include/c++/4.6/bits/ostream.tcc:107:5: note:   no known conversion for argument 1 from ‘std::vector<std::basic_string<char> >::iterator {aka __gnu_cxx::__normal_iterator<std::basic_string<char>*, std::vector<std::basic_string<char> > >}’ to ‘int’
/usr/include/c++/4.6/ostream:193:7: note: std::basic_ostream<_CharT, _Traits>::__ostream_type& std::basic_ostream<_CharT, _Traits>::operator<<(unsigned int) [with _CharT = char, _Traits = std::char_traits<char>, std::basic_ostream<_CharT, _Traits>::__ostream_type = std::basic_ostream<char>]
/usr/include/c++/4.6/ostream:193:7: note:   no known conversion for argument 1 from ‘std::vector<std::basic_string<char> >::iterator {aka __gnu_cxx::__normal_iterator<std::basic_string<char>*, std::vector<std::basic_string<char> > >}’ to ‘unsigned int’
/usr/include/c++/4.6/ostream:202:7: note: std::basic_ostream<_CharT, _Traits>::__ostream_type& std::basic_ostream<_CharT, _Traits>::operator<<(long long int) [with _CharT = char, _Traits = std::char_traits<char>, std::basic_ostream<_CharT, _Traits>::__ostream_type = std::basic_ostream<char>]
/usr/include/c++/4.6/ostream:202:7: note:   no known conversion for argument 1 from ‘std::vector<std::basic_string<char> >::iterator {aka __gnu_cxx::__normal_iterator<std::basic_string<char>*, std::vector<std::basic_string<char> > >}’ to ‘long long int’
/usr/include/c++/4.6/ostream:206:7: note: std::basic_ostream<_CharT, _Traits>::__ostream_type& std::basic_ostream<_CharT, _Traits>::operator<<(long long unsigned int) [with _CharT = char, _Traits = std::char_traits<char>, std::basic_ostream<_CharT, _Traits>::__ostream_type = std::basic_ostream<char>]
/usr/include/c++/4.6/ostream:206:7: note:   no known conversion for argument 1 from ‘std::vector<std::basic_string<char> >::iterator {aka __gnu_cxx::__normal_iterator<std::basic_string<char>*, std::vector<std::basic_string<char> > >}’ to ‘long long unsigned int’
/usr/include/c++/4.6/ostream:211:7: note: std::basic_ostream<_CharT, _Traits>::__ostream_type& std::basic_ostream<_CharT, _Traits>::operator<<(double) [with _CharT = char, _Traits = std::char_traits<char>, std::basic_ostream<_CharT, _Traits>::__ostream_type = std::basic_ostream<char>]
/usr/include/c++/4.6/ostream:211:7: note:   no known conversion for argument 1 from ‘std::vector<std::basic_string<char> >::iterator {aka __gnu_cxx::__normal_iterator<std::basic_string<char>*, std::vector<std::basic_string<char> > >}’ to ‘double’
/usr/include/c++/4.6/ostream:215:7: note: std::basic_ostream<_CharT, _Traits>::__ostream_type& std::basic_ostream<_CharT, _Traits>::operator<<(float) [with _CharT = char, _Traits = std::char_traits<char>, std::basic_ostream<_CharT, _Traits>::__ostream_type = std::basic_ostream<char>]
/usr/include/c++/4.6/ostream:215:7: note:   no known conversion for argument 1 from ‘std::vector<std::basic_string<char> >::iterator {aka __gnu_cxx::__normal_iterator<std::basic_string<char>*, std::vector<std::basic_string<char> > >}’ to ‘float’
/usr/include/c++/4.6/ostream:223:7: note: std::basic_ostream<_CharT, _Traits>::__ostream_type& std::basic_ostream<_CharT, _Traits>::operator<<(long double) [with _CharT = char, _Traits = std::char_traits<char>, std::basic_ostream<_CharT, _Traits>::__ostream_type = std::basic_ostream<char>]
/usr/include/c++/4.6/ostream:223:7: note:   no known conversion for argument 1 from ‘std::vector<std::basic_string<char> >::iterator {aka __gnu_cxx::__normal_iterator<std::basic_string<char>*, std::vector<std::basic_string<char> > >}’ to ‘long double’
/usr/include/c++/4.6/ostream:227:7: note: std::basic_ostream<_CharT, _Traits>::__ostream_type& std::basic_ostream<_CharT, _Traits>::operator<<(const void*) [with _CharT = char, _Traits = std::char_traits<char>, std::basic_ostream<_CharT, _Traits>::__ostream_type = std::basic_ostream<char>]
/usr/include/c++/4.6/ostream:227:7: note:   no known conversion for argument 1 from ‘std::vector<std::basic_string<char> >::iterator {aka __gnu_cxx::__normal_iterator<std::basic_string<char>*, std::vector<std::basic_string<char> > >}’ to ‘const void*’
/usr/include/c++/4.6/bits/ostream.tcc:121:5: note: std::basic_ostream<_CharT, _Traits>& std::basic_ostream<_CharT, _Traits>::operator<<(std::basic_ostream<_CharT, _Traits>::__streambuf_type*) [with _CharT = char, _Traits = std::char_traits<char>, std::basic_ostream<_CharT, _Traits>::__streambuf_type = std::basic_streambuf<char>]
/usr/include/c++/4.6/bits/ostream.tcc:121:5: note:   no known conversion for argument 1 from ‘std::vector<std::basic_string<char> >::iterator {aka __gnu_cxx::__normal_iterator<std::basic_string<char>*, std::vector<std::basic_string<char> > >}’ to ‘std::basic_ostream<char>::__streambuf_type* {aka std::basic_streambuf<char>*}’
/usr/include/c++/4.6/bits/basic_string.h:2693:5: note: template<class _CharT, class _Traits, class _Alloc> std::basic_ostream<_CharT, _Traits>& std::operator<<(std::basic_ostream<_CharT, _Traits>&, const std::basic_string<_CharT, _Traits, _Alloc>&)
/usr/include/c++/4.6/ostream:451:5: note: template<class _CharT, class _Traits> std::basic_ostream<_CharT, _Traits>& std::operator<<(std::basic_ostream<_CharT, _Traits>&, _CharT)
/usr/include/c++/4.6/ostream:456:5: note: template<class _CharT, class _Traits> std::basic_ostream<_CharT, _Traits>& std::operator<<(std::basic_ostream<_CharT, _Traits>&, char)
/usr/include/c++/4.6/ostream:462:5: note: template<class _Traits> std::basic_ostream<char, _Traits>& std::operator<<(std::basic_ostream<char, _Traits>&, char)
/usr/include/c++/4.6/ostream:468:5: note: template<class _Traits> std::basic_ostream<char, _Traits>& std::operator<<(std::basic_ostream<char, _Traits>&, signed char)
/usr/include/c++/4.6/ostream:473:5: note: template<class _Traits> std::basic_ostream<char, _Traits>& std::operator<<(std::basic_ostream<char, _Traits>&, unsigned char)
/usr/include/c++/4.6/ostream:493:5: note: template<class _CharT, class _Traits> std::basic_ostream<_CharT, _Traits>& std::operator<<(std::basic_ostream<_CharT, _Traits>&, const _CharT*)
/usr/include/c++/4.6/bits/ostream.tcc:323:5: note: template<class _CharT, class _Traits> std::basic_ostream<_CharT, _Traits>& std::operator<<(std::basic_ostream<_CharT, _Traits>&, const char*)
/usr/include/c++/4.6/ostream:510:5: note: template<class _Traits> std::basic_ostream<char, _Traits>& std::operator<<(std::basic_ostream<char, _Traits>&, const char*)
/usr/include/c++/4.6/ostream:523:5: note: template<class _Traits> std::basic_ostream<char, _Traits>& std::operator<<(std::basic_ostream<char, _Traits>&, const signed char*)
/usr/include/c++/4.6/ostream:528:5: note: template<class _Traits> std::basic_ostream<char, _Traits>& std::operator<<(std::basic_ostream<char, _Traits>&, const unsigned char*)
make: *** [src/SWC.o] Error 1

**** Build Finished ****

**** Build of configuration Debug for project SWC ****

make all 
Building file: ../src/SWC.cpp
Invoking: GCC C++ Compiler
g++ -O0 -g3 -Wall -c -fmessage-length=0 -MMD -MP -MF"src/SWC.d" -MT"src/SWC.d" -o "src/SWC.o" "../src/SWC.cpp"
Finished building: ../src/SWC.cpp
 
Building target: SWC
Invoking: GCC C++ Linker
g++  -o "SWC"  ./src/HTTP.o ./src/SWC.o   
Finished building target: SWC
 

**** Build Finished ****

**** Build of configuration Debug for project SWC ****

make all 
Building file: ../src/SWC.cpp
Invoking: GCC C++ Compiler
g++ -O0 -g3 -Wall -c -fmessage-length=0 -MMD -MP -MF"src/SWC.d" -MT"src/SWC.d" -o "src/SWC.o" "../src/SWC.cpp"
Finished building: ../src/SWC.cpp
 
Building target: SWC
Invoking: GCC C++ Linker
g++  -o "SWC"  ./src/HTTP.o ./src/SWC.o   
Finished building target: SWC
 

**** Build Finished ****

**** Build of configuration Debug for project SWC ****

make all 
Building file: ../src/SWC.cpp
Invoking: GCC C++ Compiler
g++ -O0 -g3 -Wall -c -fmessage-length=0 -MMD -MP -MF"src/SWC.d" -MT"src/SWC.d" -o "src/SWC.o" "../src/SWC.cpp"
Finished building: ../src/SWC.cpp
 
Building target: SWC
Invoking: GCC C++ Linker
g++  -o "SWC"  ./src/HTTP.o ./src/SWC.o   
Finished building target: SWC
 

**** Build Finished ****

**** Build of configuration Debug for project SWC ****

make all 
Building file: ../src/SWC.cpp
Invoking: GCC C++ Compiler
g++ -O0 -g3 -Wall -c -fmessage-length=0 -MMD -MP -MF"src/SWC.d" -MT"src/SWC.d" -o "src/SWC.o" "../src/SWC.cpp"
../src/SWC.cpp: In function ‘void parsePage(std::vector<std::basic_string<char> >)’:
../src/SWC.cpp:82:18: error: ‘parseLine’ was not declared in this scope
make: *** [src/SWC.o] Error 1

**** Build Finished ****

**** Build of configuration Debug for project SWC ****

make all 
Building file: ../src/SWC.cpp
Invoking: GCC C++ Compiler
g++ -O0 -g3 -Wall -c -fmessage-length=0 -MMD -MP -MF"src/SWC.d" -MT"src/SWC.d" -o "src/SWC.o" "../src/SWC.cpp"
Finished building: ../src/SWC.cpp
 
Building target: SWC
Invoking: GCC C++ Linker
g++  -o "SWC"  ./src/HTTP.o ./src/SWC.o   
Finished building target: SWC
 

**** Build Finished ****

**** Build of configuration Debug for project SWC ****

make all 
Building file: ../src/SWC.cpp
Invoking: GCC C++ Compiler
g++ -O0 -g3 -Wall -c -fmessage-length=0 -MMD -MP -MF"src/SWC.d" -MT"src/SWC.d" -o "src/SWC.o" "../src/SWC.cpp"
../src/SWC.cpp: In function ‘void parseLine(std::string)’:
../src/SWC.cpp:90:10: error: ‘match_results’ does not name a type
../src/SWC.cpp:92:6: error: ‘str’ was not declared in this scope
../src/SWC.cpp:93:11: error: ‘std::tr1’ has not been declared
../src/SWC.cpp:93:22: error: expected ‘;’ before ‘rx’
../src/SWC.cpp:94:11: error: ‘std::tr1’ has not been declared
../src/SWC.cpp:94:42: error: ‘res’ was not declared in this scope
../src/SWC.cpp:94:47: error: ‘rx’ was not declared in this scope
make: *** [src/SWC.o] Error 1

**** Build Finished ****

**** Build of configuration Debug for project SWC ****

make all 
Building file: ../src/SWC.cpp
Invoking: GCC C++ Compiler
g++ -O0 -g3 -Wall -c -fmessage-length=0 -MMD -MP -MF"src/SWC.d" -MT"src/SWC.d" -o "src/SWC.o" "../src/SWC.cpp"
Finished building: ../src/SWC.cpp
 
Building target: SWC
Invoking: GCC C++ Linker
g++  -o "SWC"  ./src/HTTP.o ./src/SWC.o   
Finished building target: SWC
 

**** Build Finished ****

**** Build of configuration Debug for project SWC ****

make all 
Building file: ../src/Crawler.cpp
Invoking: GCC C++ Compiler
g++ -O0 -g3 -Wall -c -fmessage-length=0 -MMD -MP -MF"src/Crawler.d" -MT"src/Crawler.d" -o "src/Crawler.o" "../src/Crawler.cpp"
Finished building: ../src/Crawler.cpp
 
Building file: ../src/Database.cpp
Invoking: GCC C++ Compiler
g++ -O0 -g3 -Wall -c -fmessage-length=0 -MMD -MP -MF"src/Database.d" -MT"src/Database.d" -o "src/Database.o" "../src/Database.cpp"
Finished building: ../src/Database.cpp
 
Building file: ../src/IO.cpp
Invoking: GCC C++ Compiler
g++ -O0 -g3 -Wall -c -fmessage-length=0 -MMD -MP -MF"src/IO.d" -MT"src/IO.d" -o "src/IO.o" "../src/IO.cpp"
Finished building: ../src/IO.cpp
 
Building file: ../src/Parser.cpp
Invoking: GCC C++ Compiler
g++ -O0 -g3 -Wall -c -fmessage-length=0 -MMD -MP -MF"src/Parser.d" -MT"src/Parser.d" -o "src/Parser.o" "../src/Parser.cpp"
Finished building: ../src/Parser.cpp
 
Building file: ../src/Storage.cpp
Invoking: GCC C++ Compiler
g++ -O0 -g3 -Wall -c -fmessage-length=0 -MMD -MP -MF"src/Storage.d" -MT"src/Storage.d" -o "src/Storage.o" "../src/Storage.cpp"
Finished building: ../src/Storage.cpp
 
Building target: SWC
Invoking: GCC C++ Linker
g++  -o "SWC"  ./src/Crawler.o ./src/Database.o ./src/IO.o ./src/Parser.o ./src/SWC.o ./src/Storage.o   
Finished building target: SWC
 

**** Build Finished ****

**** Build of configuration Debug for project SWC ****

make all 
Building file: ../src/IO.cpp
Invoking: GCC C++ Compiler
g++ -O0 -g3 -Wall -c -fmessage-length=0 -MMD -MP -MF"src/IO.d" -MT"src/IO.d" -o "src/IO.o" "../src/IO.cpp"
../src/IO.cpp: In constructor ‘std::IO::IO()’:
../src/IO.cpp:14:23: error: ‘mkdir’ was not declared in this scope
../src/IO.cpp:16:11: error: ‘cerr’ was not declared in this scope
../src/IO.cpp:16:32: error: ‘endl’ was not declared in this scope
make: *** [src/IO.o] Error 1

**** Build Finished ****

**** Build of configuration Debug for project SWC ****

make all 
Building file: ../src/IO.cpp
Invoking: GCC C++ Compiler
g++ -O0 -g3 -Wall -c -fmessage-length=0 -MMD -MP -MF"src/IO.d" -MT"src/IO.d" -o "src/IO.o" "../src/IO.cpp"
Finished building: ../src/IO.cpp
 
Building file: ../src/SWC.cpp
Invoking: GCC C++ Compiler
g++ -O0 -g3 -Wall -c -fmessage-length=0 -MMD -MP -MF"src/SWC.d" -MT"src/SWC.d" -o "src/SWC.o" "../src/SWC.cpp"
../src/SWC.cpp: In function ‘int main(int, char**)’:
../src/SWC.cpp:37:6: error: ‘IO’ was not declared in this scope
../src/SWC.cpp:37:10: error: expected primary-expression before ‘<’ token
../src/SWC.cpp:37:11: error: ‘argument’ was not declared in this scope
../src/SWC.cpp:37:25: error: expected type-specifier before ‘IO’
../src/SWC.cpp:37:25: error: expected ‘;’ before ‘IO’
make: *** [src/SWC.o] Error 1

**** Build Finished ****

**** Build of configuration Debug for project SWC ****

make all 
Building file: ../src/SWC.cpp
Invoking: GCC C++ Compiler
g++ -O0 -g3 -Wall -c -fmessage-length=0 -MMD -MP -MF"src/SWC.d" -MT"src/SWC.d" -o "src/SWC.o" "../src/SWC.cpp"
Finished building: ../src/SWC.cpp
 
Building target: SWC
Invoking: GCC C++ Linker
g++  -o "SWC"  ./src/Crawler.o ./src/Database.o ./src/IO.o ./src/Parser.o ./src/SWC.o ./src/Storage.o   
Finished building target: SWC
 

**** Build Finished ****

**** Build of configuration Debug for project SWC ****

make all 
Building file: ../src/SWC.cpp
Invoking: GCC C++ Compiler
g++ -O0 -g3 -Wall -c -fmessage-length=0 -MMD -MP -MF"src/SWC.d" -MT"src/SWC.d" -o "src/SWC.o" "../src/SWC.cpp"
../src/SWC.cpp: In function ‘int main(int, char**)’:
../src/SWC.cpp:35:33: error: ‘processArguments’ was not declared in this scope
make: *** [src/SWC.o] Error 1

**** Build Finished ****

**** Build of configuration Debug for project SWC ****

make all 
Building file: ../src/SWC.cpp
Invoking: GCC C++ Compiler
g++ -O0 -g3 -Wall -c -fmessage-length=0 -MMD -MP -MF"src/SWC.d" -MT"src/SWC.d" -o "src/SWC.o" "../src/SWC.cpp"
Finished building: ../src/SWC.cpp
 
Building target: SWC
Invoking: GCC C++ Linker
g++  -o "SWC"  ./src/Crawler.o ./src/Database.o ./src/IO.o ./src/Parser.o ./src/SWC.o ./src/Storage.o   
Finished building target: SWC
 

**** Build Finished ****

**** Build of configuration Debug for project SWC ****

make all 
Building file: ../src/SWC.cpp
Invoking: GCC C++ Compiler
g++ -O0 -g3 -Wall -c -fmessage-length=0 -MMD -MP -MF"src/SWC.d" -MT"src/SWC.d" -o "src/SWC.o" "../src/SWC.cpp"
Finished building: ../src/SWC.cpp
 
Building target: SWC
Invoking: GCC C++ Linker
g++  -o "SWC"  ./src/Crawler.o ./src/Database.o ./src/IO.o ./src/Parser.o ./src/SWC.o ./src/Storage.o   
Finished building target: SWC
 

**** Build Finished ****

**** Build of configuration Debug for project SWC ****

make all 
make: Nothing to be done for `all'.

**** Build Finished ****

**** Build of configuration Debug for project SWC ****

make all 
Building file: ../src/SWC.cpp
Invoking: GCC C++ Compiler
g++ -O0 -g3 -Wall -c -fmessage-length=0 -MMD -MP -MF"src/SWC.d" -MT"src/SWC.d" -o "src/SWC.o" "../src/SWC.cpp"
Finished building: ../src/SWC.cpp
 
Building target: SWC
Invoking: GCC C++ Linker
g++  -o "SWC"  ./src/Crawler.o ./src/Database.o ./src/IO.o ./src/Parser.o ./src/SWC.o ./src/Storage.o   
Finished building target: SWC
 

**** Build Finished ****

**** Build of configuration Debug for project SWC ****

make all 
Building file: ../src/SWC.cpp
Invoking: GCC C++ Compiler
g++ -O0 -g3 -Wall -c -fmessage-length=0 -MMD -MP -MF"src/SWC.d" -MT"src/SWC.d" -o "src/SWC.o" "../src/SWC.cpp"
Finished building: ../src/SWC.cpp
 
Building target: SWC
Invoking: GCC C++ Linker
g++  -o "SWC"  ./src/Crawler.o ./src/Database.o ./src/IO.o ./src/Parser.o ./src/SWC.o ./src/Storage.o   
Finished building target: SWC
 

**** Build Finished ****

**** Build of configuration Debug for project SWC ****

make all 
Building file: ../src/SWC.cpp
Invoking: GCC C++ Compiler
g++ -O0 -g3 -Wall -c -fmessage-length=0 -MMD -MP -MF"src/SWC.d" -MT"src/SWC.d" -o "src/SWC.o" "../src/SWC.cpp"
Finished building: ../src/SWC.cpp
 
Building target: SWC
Invoking: GCC C++ Linker
g++  -o "SWC"  ./src/Crawler.o ./src/Database.o ./src/IO.o ./src/Parser.o ./src/SWC.o ./src/Storage.o   
Finished building target: SWC
 

**** Build Finished ****

**** Build of configuration Debug for project SWC ****

make all 
Building file: ../src/SWC.cpp
Invoking: GCC C++ Compiler
g++ -O0 -g3 -Wall -c -fmessage-length=0 -MMD -MP -MF"src/SWC.d" -MT"src/SWC.d" -o "src/SWC.o" "../src/SWC.cpp"
Finished building: ../src/SWC.cpp
 
Building target: SWC
Invoking: GCC C++ Linker
g++  -o "SWC"  ./src/Crawler.o ./src/Database.o ./src/IO.o ./src/Parser.o ./src/SWC.o ./src/Storage.o   
Finished building target: SWC
 

**** Build Finished ****

**** Build of configuration Debug for project SWC ****

make all 
Building file: ../src/SWC.cpp
Invoking: GCC C++ Compiler
g++ -O0 -g3 -Wall -c -fmessage-length=0 -MMD -MP -MF"src/SWC.d" -MT"src/SWC.d" -o "src/SWC.o" "../src/SWC.cpp"
Finished building: ../src/SWC.cpp
 
Building target: SWC
Invoking: GCC C++ Linker
g++  -o "SWC"  ./src/Crawler.o ./src/Database.o ./src/IO.o ./src/Parser.o ./src/SWC.o ./src/Storage.o   
Finished building target: SWC
 

**** Build Finished ****

**** Build of configuration Debug for project SWC ****

make all 
Building file: ../src/SWC.cpp
Invoking: GCC C++ Compiler
g++ -O0 -g3 -Wall -c -fmessage-length=0 -MMD -MP -MF"src/SWC.d" -MT"src/SWC.d" -o "src/SWC.o" "../src/SWC.cpp"
Finished building: ../src/SWC.cpp
 
Building target: SWC
Invoking: GCC C++ Linker
g++  -o "SWC"  ./src/Crawler.o ./src/Database.o ./src/IO.o ./src/Parser.o ./src/SWC.o ./src/Storage.o   
Finished building target: SWC
 

**** Build Finished ****

**** Build of configuration Debug for project SWC ****

make all 
Building file: ../src/SWC.cpp
Invoking: GCC C++ Compiler
g++ -O0 -g3 -Wall -c -fmessage-length=0 -MMD -MP -MF"src/SWC.d" -MT"src/SWC.d" -o "src/SWC.o" "../src/SWC.cpp"
In file included from /usr/include/c++/4.6/regex:35:0,
                 from ../src/SWC.cpp:18:
/usr/include/c++/4.6/bits/c++0x_warning.h:32:2: error: #error This file requires compiler and library support for the upcoming ISO C++ standard, C++0x. This support is currently experimental, and must be enabled with the -std=c++0x or -std=gnu++0x compiler options.
make: *** [src/SWC.o] Error 1

**** Build Finished ****

**** Build of configuration Debug for project SWC ****

make all 
Building file: ../src/SWC.cpp
Invoking: GCC C++ Compiler
g++ -O0 -g3 -Wall -c -fmessage-length=0 -MMD -MP -MF"src/SWC.d" -MT"src/SWC.d" -o "src/SWC.o" "../src/SWC.cpp"
In file included from /usr/include/c++/4.6/regex:35:0,
                 from ../src/SWC.cpp:18:
/usr/include/c++/4.6/bits/c++0x_warning.h:32:2: error: #error This file requires compiler and library support for the upcoming ISO C++ standard, C++0x. This support is currently experimental, and must be enabled with the -std=c++0x or -std=gnu++0x compiler options.
make: *** [src/SWC.o] Error 1

**** Build Finished ****

**** Build of configuration Debug for project SWC ****

make all 
Building file: ../src/SWC.cpp
Invoking: GCC C++ Compiler
g++ -O0 -g3 -Wall -c -fmessage-length=0 -MMD -MP -MF"src/SWC.d" -MT"src/SWC.d" -o "src/SWC.o" "../src/SWC.cpp"
Finished building: ../src/SWC.cpp
 
Building target: SWC
Invoking: GCC C++ Linker
g++  -o "SWC"  ./src/Crawler.o ./src/Database.o ./src/IO.o ./src/Parser.o ./src/SWC.o ./src/Storage.o   
Finished building target: SWC
 

**** Build Finished ****

**** Build of configuration Debug for project SWC ****

make all 
Building file: ../src/SWC.cpp
Invoking: GCC C++ Compiler
g++ -O0 -g3 -Wall -c -fmessage-length=0 -MMD -MP -MF"src/SWC.d" -MT"src/SWC.d" -o "src/SWC.o" "../src/SWC.cpp"
Finished building: ../src/SWC.cpp
 
Building target: SWC
Invoking: GCC C++ Linker
g++  -o "SWC"  ./src/Crawler.o ./src/Database.o ./src/IO.o ./src/Parser.o ./src/SWC.o ./src/Storage.o   
Finished building target: SWC
 

**** Build Finished ****

**** Build of configuration Debug for project SWC ****

make all 
Building file: ../src/SWC.cpp
Invoking: GCC C++ Compiler
g++ -O0 -g3 -Wall -c -fmessage-length=0 -MMD -MP -MF"src/SWC.d" -MT"src/SWC.d" -o "src/SWC.o" "../src/SWC.cpp"
Finished building: ../src/SWC.cpp
 
Building target: SWC
Invoking: GCC C++ Linker
g++  -o "SWC"  ./src/Crawler.o ./src/Database.o ./src/IO.o ./src/Parser.o ./src/SWC.o ./src/Storage.o   
Finished building target: SWC
 

**** Build Finished ****

**** Build of configuration Debug for project SWC ****

make all 
Building file: ../src/SWC.cpp
Invoking: GCC C++ Compiler
g++ -O0 -g3 -Wall -c -fmessage-length=0 -MMD -MP -MF"src/SWC.d" -MT"src/SWC.d" -o "src/SWC.o" "../src/SWC.cpp"
Finished building: ../src/SWC.cpp
 
Building target: SWC
Invoking: GCC C++ Linker
g++  -o "SWC"  ./src/Crawler.o ./src/Database.o ./src/IO.o ./src/Parser.o ./src/SWC.o ./src/Storage.o   
Finished building target: SWC
 

**** Build Finished ****

**** Build of configuration Debug for project SWC ****

make all 
Building file: ../src/SWC.cpp
Invoking: GCC C++ Compiler
g++ -O0 -g3 -Wall -c -fmessage-length=0 -MMD -MP -MF"src/SWC.d" -MT"src/SWC.d" -o "src/SWC.o" "../src/SWC.cpp"
../src/SWC.cpp: In function ‘void loadPage(const char*, std::string, std::string)’:
../src/SWC.cpp:87:39: error: expected primary-expression before ‘pageque’
../src/SWC.cpp:87:39: error: expected ‘,’ or ‘;’ before ‘pageque’
make: *** [src/SWC.o] Error 1

**** Build Finished ****

**** Build of configuration Debug for project SWC ****

make all 
Building file: ../src/SWC.cpp
Invoking: GCC C++ Compiler
g++ -O0 -g3 -Wall -c -fmessage-length=0 -MMD -MP -MF"src/SWC.d" -MT"src/SWC.d" -o "src/SWC.o" "../src/SWC.cpp"
Finished building: ../src/SWC.cpp
 
Building target: SWC
Invoking: GCC C++ Linker
g++  -o "SWC"  ./src/Crawler.o ./src/Database.o ./src/IO.o ./src/Parser.o ./src/SWC.o ./src/Storage.o   
Finished building target: SWC
 

**** Build Finished ****

**** Build of configuration Debug for project SWC ****

make all 
Building file: ../src/SWC.cpp
Invoking: GCC C++ Compiler
g++ -O0 -g3 -Wall -c -fmessage-length=0 -MMD -MP -MF"src/SWC.d" -MT"src/SWC.d" -o "src/SWC.o" "../src/SWC.cpp"
Finished building: ../src/SWC.cpp
 
Building target: SWC
Invoking: GCC C++ Linker
g++  -o "SWC"  ./src/Crawler.o ./src/Database.o ./src/IO.o ./src/Parser.o ./src/SWC.o ./src/Storage.o   
Finished building target: SWC
 

**** Build Finished ****

**** Build of configuration Debug for project SWC ****

make all 
Building file: ../src/SWC.cpp
Invoking: GCC C++ Compiler
g++ -O0 -g3 -Wall -c -fmessage-length=0 -MMD -MP -MF"src/SWC.d" -MT"src/SWC.d" -o "src/SWC.o" "../src/SWC.cpp"
../src/SWC.cpp: In function ‘void processArguments(std::string)’:
../src/SWC.cpp:63:13: error: ‘page’ was not declared in this scope
make: *** [src/SWC.o] Error 1

**** Build Finished ****

**** Build of configuration Debug for project SWC ****

make all 
Building file: ../src/SWC.cpp
Invoking: GCC C++ Compiler
g++ -O0 -g3 -Wall -c -fmessage-length=0 -MMD -MP -MF"src/SWC.d" -MT"src/SWC.d" -o "src/SWC.o" "../src/SWC.cpp"
Finished building: ../src/SWC.cpp
 
Building target: SWC
Invoking: GCC C++ Linker
g++  -o "SWC"  ./src/Crawler.o ./src/Database.o ./src/IO.o ./src/Parser.o ./src/SWC.o ./src/Storage.o   
Finished building target: SWC
 

**** Build Finished ****

**** Build of configuration Debug for project SWC ****

make all 
make: Nothing to be done for `all'.

**** Build Finished ****

**** Build of configuration Debug for project SWC ****

make all 
make: Nothing to be done for `all'.

**** Build Finished ****

**** Build of configuration Debug for project SWC ****

make all 
Building file: ../src/SWC.cpp
Invoking: GCC C++ Compiler
g++ -O0 -g3 -Wall -c -fmessage-length=0 -MMD -MP -MF"src/SWC.d" -MT"src/SWC.d" -o "src/SWC.o" "../src/SWC.cpp"
Finished building: ../src/SWC.cpp
 
Building target: SWC
Invoking: GCC C++ Linker
g++  -o "SWC"  ./src/Crawler.o ./src/Database.o ./src/IO.o ./src/Parser.o ./src/SWC.o ./src/Storage.o   
Finished building target: SWC
 

**** Build Finished ****

**** Build of configuration Debug for project SWC ****

make all 
Building file: ../src/SWC.cpp
Invoking: GCC C++ Compiler
g++ -O0 -g3 -Wall -c -fmessage-length=0 -MMD -MP -MF"src/SWC.d" -MT"src/SWC.d" -o "src/SWC.o" "../src/SWC.cpp"
Finished building: ../src/SWC.cpp
 
Building target: SWC
Invoking: GCC C++ Linker
g++  -o "SWC"  ./src/Crawler.o ./src/Database.o ./src/IO.o ./src/Parser.o ./src/SWC.o ./src/Storage.o   
Finished building target: SWC
 

**** Build Finished ****

**** Build of configuration Debug for project SWC ****

make all 
Building file: ../src/SWC.cpp
Invoking: GCC C++ Compiler
g++ -O0 -g3 -Wall -c -fmessage-length=0 -MMD -MP -MF"src/SWC.d" -MT"src/SWC.d" -o "src/SWC.o" "../src/SWC.cpp"
Finished building: ../src/SWC.cpp
 
Building target: SWC
Invoking: GCC C++ Linker
g++  -o "SWC"  ./src/Crawler.o ./src/Database.o ./src/IO.o ./src/Parser.o ./src/SWC.o ./src/Storage.o   
Finished building target: SWC
 

**** Build Finished ****

**** Build of configuration Debug for project SWC ****

make all 
Building file: ../src/SWC.cpp
Invoking: GCC C++ Compiler
g++ -O0 -g3 -Wall -c -fmessage-length=0 -MMD -MP -MF"src/SWC.d" -MT"src/SWC.d" -o "src/SWC.o" "../src/SWC.cpp"
Finished building: ../src/SWC.cpp
 
Building target: SWC
Invoking: GCC C++ Linker
g++  -o "SWC"  ./src/Crawler.o ./src/Database.o ./src/IO.o ./src/Parser.o ./src/SWC.o ./src/Storage.o   
Finished building target: SWC
 

**** Build Finished ****

**** Build of configuration Debug for project SWC ****

make all 
Building file: ../src/SWC.cpp
Invoking: GCC C++ Compiler
g++ -O0 -g3 -Wall -c -fmessage-length=0 -MMD -MP -MF"src/SWC.d" -MT"src/SWC.d" -o "src/SWC.o" "../src/SWC.cpp"
Finished building: ../src/SWC.cpp
 
Building target: SWC
Invoking: GCC C++ Linker
g++  -o "SWC"  ./src/Crawler.o ./src/Database.o ./src/IO.o ./src/Parser.o ./src/SWC.o ./src/Storage.o   
Finished building target: SWC
 

**** Build Finished ****

**** Build of configuration Debug for project SWC ****

make all 
Building file: ../src/SWC.cpp
Invoking: GCC C++ Compiler
g++ -O0 -g3 -Wall -c -fmessage-length=0 -MMD -MP -MF"src/SWC.d" -MT"src/SWC.d" -o "src/SWC.o" "../src/SWC.cpp"
Finished building: ../src/SWC.cpp
 
Building target: SWC
Invoking: GCC C++ Linker
g++  -o "SWC"  ./src/Crawler.o ./src/Database.o ./src/IO.o ./src/Parser.o ./src/SWC.o ./src/Storage.o   
Finished building target: SWC
 

**** Build Finished ****

**** Build of configuration Debug for project SWC ****

make all 
Building file: ../src/SWC.cpp
Invoking: GCC C++ Compiler
g++ -O0 -g3 -Wall -c -fmessage-length=0 -MMD -MP -MF"src/SWC.d" -MT"src/SWC.d" -o "src/SWC.o" "../src/SWC.cpp"
Finished building: ../src/SWC.cpp
 
Building target: SWC
Invoking: GCC C++ Linker
g++  -o "SWC"  ./src/Crawler.o ./src/Database.o ./src/IO.o ./src/Parser.o ./src/SWC.o ./src/Storage.o   
Finished building target: SWC
 

**** Build Finished ****

**** Build of configuration Debug for project SWC ****

make all 
Building file: ../src/SWC.cpp
Invoking: GCC C++ Compiler
g++ -O0 -g3 -Wall -c -fmessage-length=0 -MMD -MP -MF"src/SWC.d" -MT"src/SWC.d" -o "src/SWC.o" "../src/SWC.cpp"
Finished building: ../src/SWC.cpp
 
Building target: SWC
Invoking: GCC C++ Linker
g++  -o "SWC"  ./src/Crawler.o ./src/Database.o ./src/IO.o ./src/Parser.o ./src/SWC.o ./src/Storage.o   
Finished building target: SWC
 

**** Build Finished ****

**** Build of configuration Debug for project SWC ****

make all 
Building file: ../src/SWC.cpp
Invoking: GCC C++ Compiler
g++ -O0 -g3 -Wall -c -fmessage-length=0 -MMD -MP -MF"src/SWC.d" -MT"src/SWC.d" -o "src/SWC.o" "../src/SWC.cpp"
Finished building: ../src/SWC.cpp
 
Building target: SWC
Invoking: GCC C++ Linker
g++  -o "SWC"  ./src/Crawler.o ./src/Database.o ./src/IO.o ./src/Parser.o ./src/SWC.o ./src/Storage.o   
Finished building target: SWC
 

**** Build Finished ****

**** Build of configuration Debug for project SWC ****

make all 
make: Nothing to be done for `all'.

**** Build Finished ****

**** Build of configuration Debug for project SWC ****

make all 
make: Nothing to be done for `all'.

**** Build Finished ****

**** Build of configuration Debug for project SWC ****

make all 
make: Nothing to be done for `all'.

**** Build Finished ****

**** Build of configuration Debug for project SWC ****

make all 
make: Nothing to be done for `all'.

**** Build Finished ****

**** Build of configuration Debug for project SWC ****

make all 
Building file: ../src/SWC.cpp
Invoking: GCC C++ Compiler
g++ -O0 -g3 -Wall -c -fmessage-length=0 -MMD -MP -MF"src/SWC.d" -MT"src/SWC.d" -o "src/SWC.o" "../src/SWC.cpp"
Finished building: ../src/SWC.cpp
 
Building target: SWC
Invoking: GCC C++ Linker
g++  -o "SWC"  ./src/Crawler.o ./src/Database.o ./src/IO.o ./src/Parser.o ./src/SWC.o ./src/Storage.o   
Finished building target: SWC
 

**** Build Finished ****

**** Build of configuration Debug for project SWC ****

make all 
Building file: ../src/SWC.cpp
Invoking: GCC C++ Compiler
g++ -O0 -g3 -Wall -c -fmessage-length=0 -MMD -MP -MF"src/SWC.d" -MT"src/SWC.d" -o "src/SWC.o" "../src/SWC.cpp"
Finished building: ../src/SWC.cpp
 
Building target: SWC
Invoking: GCC C++ Linker
g++  -o "SWC"  ./src/Crawler.o ./src/Database.o ./src/IO.o ./src/Parser.o ./src/SWC.o ./src/Storage.o   
Finished building target: SWC
 

**** Build Finished ****

**** Build of configuration Debug for project SWC ****

make all 
make: Nothing to be done for `all'.

**** Build Finished ****

**** Build of configuration Debug for project SWC ****

make all 
make: Nothing to be done for `all'.

**** Build Finished ****

**** Build of configuration Debug for project Regex Test ****

make all 
Building file: ../src/Regex Test.cpp
Invoking: GCC C++ Compiler
g++ -O0 -g3 -Wall -c -fmessage-length=0 -MMD -MP -MF"src/Regex Test.d" -MT"src/Regex\ Test.d" -o "src/Regex Test.o" "../src/Regex Test.cpp"
../src/Regex Test.cpp: In function ‘int main(int, char**)’:
../src/Regex Test.cpp:35:23: error: ‘exit’ was not declared in this scope
make: *** [src/Regex Test.o] Error 1

**** Build Finished ****

**** Build of configuration Debug for project SWC ****

make all 
make: Nothing to be done for `all'.

**** Build Finished ****

**** Build of configuration Debug for project SWC ****

make all 
make: Nothing to be done for `all'.

**** Build Finished ****

**** Build of configuration Debug for project SWC ****

make all 
make: Nothing to be done for `all'.

**** Build Finished ****

**** Build of configuration Debug for project SWC ****

make all 
make: Nothing to be done for `all'.

**** Build Finished ****

**** Build of configuration Debug for project SWC ****

make all 
Building file: ../src/SWC.cpp
Invoking: GCC C++ Compiler
g++ -O0 -g3 -Wall -c -fmessage-length=0 -MMD -MP -MF"src/SWC.d" -MT"src/SWC.d" -o "src/SWC.o" "../src/SWC.cpp"
../src/SWC.cpp:32:1: error: expected initializer before ‘int’
../src/SWC.cpp: In function ‘char* regexp(char*, char*, int*, int*)’:
../src/SWC.cpp:58:34: error: invalid conversion from ‘void*’ to ‘char*’ [-fpermissive]
make: *** [src/SWC.o] Error 1

**** Build Finished ****

**** Build of configuration Debug for project SWC ****

make all 
Building file: ../src/SWC.cpp
Invoking: GCC C++ Compiler
g++ -O0 -g3 -Wall -c -fmessage-length=0 -MMD -MP -MF"src/SWC.d" -MT"src/SWC.d" -o "src/SWC.o" "../src/SWC.cpp"
../src/SWC.cpp: In function ‘int main(int, char**)’:
../src/SWC.cpp:41:61: warning: deprecated conversion from string constant to ‘char*’ [-Wwrite-strings]
../src/SWC.cpp:41:61: warning: deprecated conversion from string constant to ‘char*’ [-Wwrite-strings]
../src/SWC.cpp: In function ‘char* regexp(char*, char*, int*, int*)’:
../src/SWC.cpp:58:34: error: invalid conversion from ‘void*’ to ‘char*’ [-fpermissive]
make: *** [src/SWC.o] Error 1

**** Build Finished ****

**** Build of configuration Debug for project SWC ****

make all 
Building file: ../src/SWC.cpp
Invoking: GCC C++ Compiler
g++ -O0 -g3 -Wall -c -fmessage-length=0 -MMD -MP -MF"src/SWC.d" -MT"src/SWC.d" -o "src/SWC.o" "../src/SWC.cpp"
Finished building: ../src/SWC.cpp
 
Building target: SWC
Invoking: GCC C++ Linker
g++  -o "SWC"  ./src/Crawler.o ./src/Database.o ./src/IO.o ./src/Parser.o ./src/SWC.o ./src/Storage.o   
Finished building target: SWC
 

**** Build Finished ****

**** Build of configuration Debug for project SWC ****

make all 
Building file: ../src/SWC.cpp
Invoking: GCC C++ Compiler
g++ -O0 -g3 -Wall -c -fmessage-length=0 -MMD -MP -MF"src/SWC.d" -MT"src/SWC.d" -o "src/SWC.o" "../src/SWC.cpp"
Finished building: ../src/SWC.cpp
 
Building target: SWC
Invoking: GCC C++ Linker
g++  -o "SWC"  ./src/Crawler.o ./src/Database.o ./src/IO.o ./src/Parser.o ./src/SWC.o ./src/Storage.o   
Finished building target: SWC
 

**** Build Finished ****
